

================================================================
== Vitis HLS Report for 'conv_Pipeline_ReadWeightStreamsLOOP'
================================================================
* Date:           Thu Apr 18 02:58:19 2024

* Version:        2022.2 (Build 3670227 on Oct 13 2022)
* Project:        mixed_conv_w4a8
* Solution:       solution1 (Vivado IP Flow Target)
* Product family: zynquplus
* Target device:  xczu7ev-ffvc1156-2-e


================================================================
== Performance Estimates
================================================================
+ Timing: 
    * Summary: 
    +--------+----------+----------+------------+
    |  Clock |  Target  | Estimated| Uncertainty|
    +--------+----------+----------+------------+
    |ap_clk  |  10.00 ns|  4.330 ns|        0 ns|
    +--------+----------+----------+------------+

+ Latency: 
    * Summary: 
    +---------+---------+----------+----------+-----+-----+---------+
    |  Latency (cycles) |  Latency (absolute) |  Interval | Pipeline|
    |   min   |   max   |    min   |    max   | min | max |   Type  |
    +---------+---------+----------+----------+-----+-----+---------+
    |        ?|        ?|         ?|         ?|    ?|    ?|       no|
    +---------+---------+----------+----------+-----+-----+---------+

    + Detail: 
        * Instance: 
        N/A

        * Loop: 
        +-------------------------+---------+---------+----------+-----------+-----------+------+----------+
        |                         |  Latency (cycles) | Iteration|  Initiation Interval  | Trip |          |
        |        Loop Name        |   min   |   max   |  Latency |  achieved |   target  | Count| Pipelined|
        +-------------------------+---------+---------+----------+-----------+-----------+------+----------+
        |- ReadWeightStreamsLOOP  |        ?|        ?|         1|          1|          1|     ?|       yes|
        +-------------------------+---------+---------+----------+-----------+-----------+------+----------+



================================================================
== Utilization Estimates
================================================================
* Summary: 
+-----------------+---------+------+--------+--------+-----+
|       Name      | BRAM_18K|  DSP |   FF   |   LUT  | URAM|
+-----------------+---------+------+--------+--------+-----+
|DSP              |        -|     -|       -|       -|    -|
|Expression       |        -|     -|       0|     573|    -|
|FIFO             |        -|     -|       -|       -|    -|
|Instance         |        -|     -|       -|       -|    -|
|Memory           |        -|     -|       -|       -|    -|
|Multiplexer      |        -|     -|       -|      81|    -|
|Register         |        -|     -|     227|       -|    -|
+-----------------+---------+------+--------+--------+-----+
|Total            |        0|     0|     227|     654|    0|
+-----------------+---------+------+--------+--------+-----+
|Available        |      624|  1728|  460800|  230400|   96|
+-----------------+---------+------+--------+--------+-----+
|Utilization (%)  |        0|     0|      ~0|      ~0|    0|
+-----------------+---------+------+--------+--------+-----+

+ Detail: 
    * Instance: 
    N/A

    * DSP: 
    N/A

    * Memory: 
    N/A

    * FIFO: 
    N/A

    * Expression: 
    +----------------------------------+----------+----+---+----+------------+------------+
    |           Variable Name          | Operation| DSP| FF| LUT| Bitwidth P0| Bitwidth P1|
    +----------------------------------+----------+----+---+----+------------+------------+
    |add_ln171_fu_730_p2               |         +|   0|  0|  17|          10|           1|
    |currPE_5_fu_812_p2                |         +|   0|  0|  39|          32|           1|
    |i_3_fu_630_p2                     |         +|   0|  0|  39|          32|           1|
    |saveAddr_4_fu_782_p2              |         +|   0|  0|  39|          32|          32|
    |streamIter_4_fu_788_p2            |         +|   0|  0|  39|          32|           1|
    |perWeightCounter_1_fu_674_p2      |         -|   0|  0|  39|          32|          32|
    |ap_block_pp0_stage0_11001         |       and|   0|  0|   2|           1|           1|
    |ap_block_state2_pp0_stage0_iter1  |       and|   0|  0|   2|           1|           1|
    |icmp_ln160_fu_660_p2              |      icmp|   0|  0|  19|          31|           1|
    |icmp_ln195_fu_625_p2              |      icmp|   0|  0|  20|          32|          32|
    |icmp_ln207_fu_794_p2              |      icmp|   0|  0|  20|          32|           1|
    |icmp_ln212_fu_807_p2              |      icmp|   0|  0|  20|          32|          32|
    |icmp_ln216_fu_818_p2              |      icmp|   0|  0|  20|          32|           5|
    |addrOffset_4_fu_856_p3            |    select|   0|  0|  32|           1|          32|
    |addrOffset_5_fu_840_p3            |    select|   0|  0|  32|           1|          32|
    |currPE_6_fu_832_p3                |    select|   0|  0|  32|           1|           1|
    |currPE_7_fu_848_p3                |    select|   0|  0|  32|           1|          32|
    |numIters_fu_666_p3                |    select|   0|  0|  32|           1|          32|
    |perWeightCounter_2_fu_800_p3      |    select|   0|  0|  32|           1|          32|
    |saveAddr_5_fu_824_p3              |    select|   0|  0|  32|           1|          32|
    |streamIter_5_fu_864_p3            |    select|   0|  0|  32|           1|           1|
    |ap_enable_pp0                     |       xor|   0|  0|   2|           1|           2|
    +----------------------------------+----------+----+---+----+------------+------------+
    |Total                             |          |   0|  0| 573|         340|         337|
    +----------------------------------+----------+----+---+----+------------+------------+

    * Multiplexer: 
    +-------------------------+----+-----------+-----+-----------+
    |           Name          | LUT| Input Size| Bits| Total Bits|
    +-------------------------+----+-----------+-----+-----------+
    |addrOffset_fu_140        |   9|          2|   32|         64|
    |ap_done_int              |   9|          2|    1|          2|
    |ap_enable_reg_pp0_iter1  |   9|          2|    1|          2|
    |currPE_fu_136            |   9|          2|   32|         64|
    |i_fu_148                 |   9|          2|   32|         64|
    |perWeightCounter_fu_128  |   9|          2|   32|         64|
    |saveAddr_fu_132          |   9|          2|   32|         64|
    |streamIter_fu_144        |   9|          2|   32|         64|
    |strm_in_TDATA_blk_n      |   9|          2|    1|          2|
    +-------------------------+----+-----------+-----+-----------+
    |Total                    |  81|         18|  195|        390|
    +-------------------------+----+-----------+-----+-----------+

    * Register: 
    +-------------------------+----+----+-----+-----------+
    |           Name          | FF | LUT| Bits| Const Bits|
    +-------------------------+----+----+-----+-----------+
    |addrOffset_fu_140        |  32|   0|   32|          0|
    |ap_CS_fsm                |   1|   0|    1|          0|
    |ap_done_reg              |   1|   0|    1|          0|
    |ap_enable_reg_pp0_iter1  |   1|   0|    1|          0|
    |currPE_fu_136            |  32|   0|   32|          0|
    |i_fu_148                 |  32|   0|   32|          0|
    |perWeightCounter_fu_128  |  32|   0|   32|          0|
    |saveAddr_fu_132          |  32|   0|   32|          0|
    |sext_ln190_cast_reg_955  |  32|   0|   32|          0|
    |streamIter_fu_144        |  32|   0|   32|          0|
    +-------------------------+----+----+-----+-----------+
    |Total                    | 227|   0|  227|          0|
    +-------------------------+----+----+-----+-----------+



================================================================
== Interface
================================================================
* Summary: 
+----------------------+-----+-----+------------+-------------------------------------+--------------+
|       RTL Ports      | Dir | Bits|  Protocol  |            Source Object            |    C Type    |
+----------------------+-----+-----+------------+-------------------------------------+--------------+
|ap_clk                |   in|    1|  ap_ctrl_hs|  conv_Pipeline_ReadWeightStreamsLOOP|  return value|
|ap_rst                |   in|    1|  ap_ctrl_hs|  conv_Pipeline_ReadWeightStreamsLOOP|  return value|
|ap_start              |   in|    1|  ap_ctrl_hs|  conv_Pipeline_ReadWeightStreamsLOOP|  return value|
|ap_done               |  out|    1|  ap_ctrl_hs|  conv_Pipeline_ReadWeightStreamsLOOP|  return value|
|ap_idle               |  out|    1|  ap_ctrl_hs|  conv_Pipeline_ReadWeightStreamsLOOP|  return value|
|ap_ready              |  out|    1|  ap_ctrl_hs|  conv_Pipeline_ReadWeightStreamsLOOP|  return value|
|strm_in_TVALID        |   in|    1|        axis|                     strm_in_V_data_V|       pointer|
|strm_in_TDATA         |   in|  128|        axis|                     strm_in_V_data_V|       pointer|
|sext_ln190            |   in|   30|     ap_none|                           sext_ln190|        scalar|
|totalWeightStreams    |   in|   32|     ap_none|                   totalWeightStreams|        scalar|
|streamsPerFilter      |   in|   32|     ap_none|                     streamsPerFilter|        scalar|
|filter_V_address0     |  out|   10|   ap_memory|                             filter_V|         array|
|filter_V_ce0          |  out|    1|   ap_memory|                             filter_V|         array|
|filter_V_we0          |  out|    1|   ap_memory|                             filter_V|         array|
|filter_V_d0           |  out|   64|   ap_memory|                             filter_V|         array|
|filter_V_address1     |  out|   10|   ap_memory|                             filter_V|         array|
|filter_V_ce1          |  out|    1|   ap_memory|                             filter_V|         array|
|filter_V_we1          |  out|    1|   ap_memory|                             filter_V|         array|
|filter_V_d1           |  out|   64|   ap_memory|                             filter_V|         array|
|filter_V_15_address0  |  out|   10|   ap_memory|                          filter_V_15|         array|
|filter_V_15_ce0       |  out|    1|   ap_memory|                          filter_V_15|         array|
|filter_V_15_we0       |  out|    1|   ap_memory|                          filter_V_15|         array|
|filter_V_15_d0        |  out|   64|   ap_memory|                          filter_V_15|         array|
|filter_V_15_address1  |  out|   10|   ap_memory|                          filter_V_15|         array|
|filter_V_15_ce1       |  out|    1|   ap_memory|                          filter_V_15|         array|
|filter_V_15_we1       |  out|    1|   ap_memory|                          filter_V_15|         array|
|filter_V_15_d1        |  out|   64|   ap_memory|                          filter_V_15|         array|
|filter_V_14_address0  |  out|   10|   ap_memory|                          filter_V_14|         array|
|filter_V_14_ce0       |  out|    1|   ap_memory|                          filter_V_14|         array|
|filter_V_14_we0       |  out|    1|   ap_memory|                          filter_V_14|         array|
|filter_V_14_d0        |  out|   64|   ap_memory|                          filter_V_14|         array|
|filter_V_14_address1  |  out|   10|   ap_memory|                          filter_V_14|         array|
|filter_V_14_ce1       |  out|    1|   ap_memory|                          filter_V_14|         array|
|filter_V_14_we1       |  out|    1|   ap_memory|                          filter_V_14|         array|
|filter_V_14_d1        |  out|   64|   ap_memory|                          filter_V_14|         array|
|filter_V_13_address0  |  out|   10|   ap_memory|                          filter_V_13|         array|
|filter_V_13_ce0       |  out|    1|   ap_memory|                          filter_V_13|         array|
|filter_V_13_we0       |  out|    1|   ap_memory|                          filter_V_13|         array|
|filter_V_13_d0        |  out|   64|   ap_memory|                          filter_V_13|         array|
|filter_V_13_address1  |  out|   10|   ap_memory|                          filter_V_13|         array|
|filter_V_13_ce1       |  out|    1|   ap_memory|                          filter_V_13|         array|
|filter_V_13_we1       |  out|    1|   ap_memory|                          filter_V_13|         array|
|filter_V_13_d1        |  out|   64|   ap_memory|                          filter_V_13|         array|
|filter_V_12_address0  |  out|   10|   ap_memory|                          filter_V_12|         array|
|filter_V_12_ce0       |  out|    1|   ap_memory|                          filter_V_12|         array|
|filter_V_12_we0       |  out|    1|   ap_memory|                          filter_V_12|         array|
|filter_V_12_d0        |  out|   64|   ap_memory|                          filter_V_12|         array|
|filter_V_12_address1  |  out|   10|   ap_memory|                          filter_V_12|         array|
|filter_V_12_ce1       |  out|    1|   ap_memory|                          filter_V_12|         array|
|filter_V_12_we1       |  out|    1|   ap_memory|                          filter_V_12|         array|
|filter_V_12_d1        |  out|   64|   ap_memory|                          filter_V_12|         array|
|filter_V_11_address0  |  out|   10|   ap_memory|                          filter_V_11|         array|
|filter_V_11_ce0       |  out|    1|   ap_memory|                          filter_V_11|         array|
|filter_V_11_we0       |  out|    1|   ap_memory|                          filter_V_11|         array|
|filter_V_11_d0        |  out|   64|   ap_memory|                          filter_V_11|         array|
|filter_V_11_address1  |  out|   10|   ap_memory|                          filter_V_11|         array|
|filter_V_11_ce1       |  out|    1|   ap_memory|                          filter_V_11|         array|
|filter_V_11_we1       |  out|    1|   ap_memory|                          filter_V_11|         array|
|filter_V_11_d1        |  out|   64|   ap_memory|                          filter_V_11|         array|
|filter_V_10_address0  |  out|   10|   ap_memory|                          filter_V_10|         array|
|filter_V_10_ce0       |  out|    1|   ap_memory|                          filter_V_10|         array|
|filter_V_10_we0       |  out|    1|   ap_memory|                          filter_V_10|         array|
|filter_V_10_d0        |  out|   64|   ap_memory|                          filter_V_10|         array|
|filter_V_10_address1  |  out|   10|   ap_memory|                          filter_V_10|         array|
|filter_V_10_ce1       |  out|    1|   ap_memory|                          filter_V_10|         array|
|filter_V_10_we1       |  out|    1|   ap_memory|                          filter_V_10|         array|
|filter_V_10_d1        |  out|   64|   ap_memory|                          filter_V_10|         array|
|filter_V_9_address0   |  out|   10|   ap_memory|                           filter_V_9|         array|
|filter_V_9_ce0        |  out|    1|   ap_memory|                           filter_V_9|         array|
|filter_V_9_we0        |  out|    1|   ap_memory|                           filter_V_9|         array|
|filter_V_9_d0         |  out|   64|   ap_memory|                           filter_V_9|         array|
|filter_V_9_address1   |  out|   10|   ap_memory|                           filter_V_9|         array|
|filter_V_9_ce1        |  out|    1|   ap_memory|                           filter_V_9|         array|
|filter_V_9_we1        |  out|    1|   ap_memory|                           filter_V_9|         array|
|filter_V_9_d1         |  out|   64|   ap_memory|                           filter_V_9|         array|
|filter_V_8_address0   |  out|   10|   ap_memory|                           filter_V_8|         array|
|filter_V_8_ce0        |  out|    1|   ap_memory|                           filter_V_8|         array|
|filter_V_8_we0        |  out|    1|   ap_memory|                           filter_V_8|         array|
|filter_V_8_d0         |  out|   64|   ap_memory|                           filter_V_8|         array|
|filter_V_8_address1   |  out|   10|   ap_memory|                           filter_V_8|         array|
|filter_V_8_ce1        |  out|    1|   ap_memory|                           filter_V_8|         array|
|filter_V_8_we1        |  out|    1|   ap_memory|                           filter_V_8|         array|
|filter_V_8_d1         |  out|   64|   ap_memory|                           filter_V_8|         array|
|filter_V_7_address0   |  out|   10|   ap_memory|                           filter_V_7|         array|
|filter_V_7_ce0        |  out|    1|   ap_memory|                           filter_V_7|         array|
|filter_V_7_we0        |  out|    1|   ap_memory|                           filter_V_7|         array|
|filter_V_7_d0         |  out|   64|   ap_memory|                           filter_V_7|         array|
|filter_V_7_address1   |  out|   10|   ap_memory|                           filter_V_7|         array|
|filter_V_7_ce1        |  out|    1|   ap_memory|                           filter_V_7|         array|
|filter_V_7_we1        |  out|    1|   ap_memory|                           filter_V_7|         array|
|filter_V_7_d1         |  out|   64|   ap_memory|                           filter_V_7|         array|
|filter_V_6_address0   |  out|   10|   ap_memory|                           filter_V_6|         array|
|filter_V_6_ce0        |  out|    1|   ap_memory|                           filter_V_6|         array|
|filter_V_6_we0        |  out|    1|   ap_memory|                           filter_V_6|         array|
|filter_V_6_d0         |  out|   64|   ap_memory|                           filter_V_6|         array|
|filter_V_6_address1   |  out|   10|   ap_memory|                           filter_V_6|         array|
|filter_V_6_ce1        |  out|    1|   ap_memory|                           filter_V_6|         array|
|filter_V_6_we1        |  out|    1|   ap_memory|                           filter_V_6|         array|
|filter_V_6_d1         |  out|   64|   ap_memory|                           filter_V_6|         array|
|filter_V_5_address0   |  out|   10|   ap_memory|                           filter_V_5|         array|
|filter_V_5_ce0        |  out|    1|   ap_memory|                           filter_V_5|         array|
|filter_V_5_we0        |  out|    1|   ap_memory|                           filter_V_5|         array|
|filter_V_5_d0         |  out|   64|   ap_memory|                           filter_V_5|         array|
|filter_V_5_address1   |  out|   10|   ap_memory|                           filter_V_5|         array|
|filter_V_5_ce1        |  out|    1|   ap_memory|                           filter_V_5|         array|
|filter_V_5_we1        |  out|    1|   ap_memory|                           filter_V_5|         array|
|filter_V_5_d1         |  out|   64|   ap_memory|                           filter_V_5|         array|
|filter_V_4_address0   |  out|   10|   ap_memory|                           filter_V_4|         array|
|filter_V_4_ce0        |  out|    1|   ap_memory|                           filter_V_4|         array|
|filter_V_4_we0        |  out|    1|   ap_memory|                           filter_V_4|         array|
|filter_V_4_d0         |  out|   64|   ap_memory|                           filter_V_4|         array|
|filter_V_4_address1   |  out|   10|   ap_memory|                           filter_V_4|         array|
|filter_V_4_ce1        |  out|    1|   ap_memory|                           filter_V_4|         array|
|filter_V_4_we1        |  out|    1|   ap_memory|                           filter_V_4|         array|
|filter_V_4_d1         |  out|   64|   ap_memory|                           filter_V_4|         array|
|filter_V_3_address0   |  out|   10|   ap_memory|                           filter_V_3|         array|
|filter_V_3_ce0        |  out|    1|   ap_memory|                           filter_V_3|         array|
|filter_V_3_we0        |  out|    1|   ap_memory|                           filter_V_3|         array|
|filter_V_3_d0         |  out|   64|   ap_memory|                           filter_V_3|         array|
|filter_V_3_address1   |  out|   10|   ap_memory|                           filter_V_3|         array|
|filter_V_3_ce1        |  out|    1|   ap_memory|                           filter_V_3|         array|
|filter_V_3_we1        |  out|    1|   ap_memory|                           filter_V_3|         array|
|filter_V_3_d1         |  out|   64|   ap_memory|                           filter_V_3|         array|
|filter_V_2_address0   |  out|   10|   ap_memory|                           filter_V_2|         array|
|filter_V_2_ce0        |  out|    1|   ap_memory|                           filter_V_2|         array|
|filter_V_2_we0        |  out|    1|   ap_memory|                           filter_V_2|         array|
|filter_V_2_d0         |  out|   64|   ap_memory|                           filter_V_2|         array|
|filter_V_2_address1   |  out|   10|   ap_memory|                           filter_V_2|         array|
|filter_V_2_ce1        |  out|    1|   ap_memory|                           filter_V_2|         array|
|filter_V_2_we1        |  out|    1|   ap_memory|                           filter_V_2|         array|
|filter_V_2_d1         |  out|   64|   ap_memory|                           filter_V_2|         array|
|filter_V_1_address0   |  out|   10|   ap_memory|                           filter_V_1|         array|
|filter_V_1_ce0        |  out|    1|   ap_memory|                           filter_V_1|         array|
|filter_V_1_we0        |  out|    1|   ap_memory|                           filter_V_1|         array|
|filter_V_1_d0         |  out|   64|   ap_memory|                           filter_V_1|         array|
|filter_V_1_address1   |  out|   10|   ap_memory|                           filter_V_1|         array|
|filter_V_1_ce1        |  out|    1|   ap_memory|                           filter_V_1|         array|
|filter_V_1_we1        |  out|    1|   ap_memory|                           filter_V_1|         array|
|filter_V_1_d1         |  out|   64|   ap_memory|                           filter_V_1|         array|
|strm_in_TREADY        |  out|    1|        axis|                     strm_in_V_last_V|       pointer|
|strm_in_TLAST         |   in|    1|        axis|                     strm_in_V_last_V|       pointer|
|strm_in_TKEEP         |   in|   16|        axis|                     strm_in_V_keep_V|       pointer|
|strm_in_TSTRB         |   in|   16|        axis|                     strm_in_V_strb_V|       pointer|
+----------------------+-----+-----+------------+-------------------------------------+--------------+

