

================================================================
== Vitis HLS Report for 'conv'
================================================================
* Date:           Thu Apr 18 02:58:30 2024

* Version:        2022.2 (Build 3670227 on Oct 13 2022)
* Project:        mixed_conv_w4a8
* Solution:       solution1 (Vivado IP Flow Target)
* Product family: zynquplus
* Target device:  xczu7ev-ffvc1156-2-e


================================================================
== Performance Estimates
================================================================
+ Timing: 
    * Summary: 
    +--------+----------+----------+------------+
    |  Clock |  Target  | Estimated| Uncertainty|
    +--------+----------+----------+------------+
    |ap_clk  |  10.00 ns|  9.990 ns|        0 ns|
    +--------+----------+----------+------------+

+ Latency: 
    * Summary: 
    +---------+---------+----------+----------+-----+-----+---------+
    |  Latency (cycles) |  Latency (absolute) |  Interval | Pipeline|
    |   min   |   max   |    min   |    max   | min | max |   Type  |
    +---------+---------+----------+----------+-----+-----+---------+
    |        ?|        ?|         ?|         ?|    ?|    ?|       no|
    +---------+---------+----------+----------+-----+-----+---------+

    + Detail: 
        * Instance: 
        +----------------------------------------------------------------------+-----------------------------------------------------------+---------+---------+-----------+-----------+-------+-------+---------+
        |                                                                      |                                                           |  Latency (cycles) |   Latency (absolute)  |    Interval   | Pipeline|
        |                               Instance                               |                           Module                          |   min   |   max   |    min    |    max    |  min  |  max  |   Type  |
        +----------------------------------------------------------------------+-----------------------------------------------------------+---------+---------+-----------+-----------+-------+-------+---------+
        |grp_conv_Pipeline_VITIS_LOOP_330_1_fu_400                             |conv_Pipeline_VITIS_LOOP_330_1                             |        7|        7|  70.000 ns|  70.000 ns|      7|      7|       no|
        |grp_conv_Pipeline_ReadBiasStreamsLOOP_VITIS_LOOP_240_1_fu_410         |conv_Pipeline_ReadBiasStreamsLOOP_VITIS_LOOP_240_1         |        ?|        ?|          ?|          ?|      ?|      ?|       no|
        |grp_conv_Pipeline_ReadWeightStreamsLOOP_fu_440                        |conv_Pipeline_ReadWeightStreamsLOOP                        |        ?|        ?|          ?|          ?|      ?|      ?|       no|
        |grp_conv_Pipeline_ReadActivationsLOOP_fu_471                          |conv_Pipeline_ReadActivationsLOOP                          |        ?|        ?|          ?|          ?|      ?|      ?|       no|
        |grp_conv_Pipeline_OutYLOOP_FilterLOOP_KernelXLOOP_ChannelLOOP_fu_498  |conv_Pipeline_OutYLOOP_FilterLOOP_KernelXLOOP_ChannelLOOP  |    36021|    36021|   0.360 ms|   0.360 ms|  36021|  36021|       no|
        +----------------------------------------------------------------------+-----------------------------------------------------------+---------+---------+-----------+-----------+-------+-------+---------+

        * Loop: 
        N/A



================================================================
== Utilization Estimates
================================================================
* Summary: 
+-----------------+---------+------+--------+--------+-----+
|       Name      | BRAM_18K|  DSP |   FF   |   LUT  | URAM|
+-----------------+---------+------+--------+--------+-----+
|DSP              |        -|     -|       -|       -|    -|
|Expression       |        -|     -|       0|    1798|    -|
|FIFO             |        -|     -|       -|       -|    -|
|Instance         |        0|   310|   29779|   44836|    0|
|Memory           |       78|     -|     128|      16|    0|
|Multiplexer      |        -|     -|       -|    1746|    -|
|Register         |        -|     -|    1050|       -|    -|
+-----------------+---------+------+--------+--------+-----+
|Total            |       78|   310|   30957|   48396|    0|
+-----------------+---------+------+--------+--------+-----+
|Available        |      624|  1728|  460800|  230400|   96|
+-----------------+---------+------+--------+--------+-----+
|Utilization (%)  |       12|    17|       6|      21|    0|
+-----------------+---------+------+--------+--------+-----+

+ Detail: 
    * Instance: 
    +----------------------------------------------------------------------+-----------------------------------------------------------+---------+-----+-------+-------+-----+
    |                               Instance                               |                           Module                          | BRAM_18K| DSP |   FF  |  LUT  | URAM|
    +----------------------------------------------------------------------+-----------------------------------------------------------+---------+-----+-------+-------+-----+
    |BUS1_s_axi_U                                                          |BUS1_s_axi                                                 |        0|    0|    226|    360|    0|
    |grp_conv_Pipeline_OutYLOOP_FilterLOOP_KernelXLOOP_ChannelLOOP_fu_498  |conv_Pipeline_OutYLOOP_FilterLOOP_KernelXLOOP_ChannelLOOP  |        0|  296|  27680|  40738|    0|
    |grp_conv_Pipeline_ReadActivationsLOOP_fu_471                          |conv_Pipeline_ReadActivationsLOOP                          |        0|    0|    198|    663|    0|
    |grp_conv_Pipeline_ReadBiasStreamsLOOP_VITIS_LOOP_240_1_fu_410         |conv_Pipeline_ReadBiasStreamsLOOP_VITIS_LOOP_240_1         |        0|    0|    438|   1575|    0|
    |grp_conv_Pipeline_ReadWeightStreamsLOOP_fu_440                        |conv_Pipeline_ReadWeightStreamsLOOP                        |        0|    0|    227|    654|    0|
    |grp_conv_Pipeline_VITIS_LOOP_330_1_fu_400                             |conv_Pipeline_VITIS_LOOP_330_1                             |        0|    0|    198|     95|    0|
    |mul_10ns_34ns_44_1_1_U752                                             |mul_10ns_34ns_44_1_1                                       |        0|    1|      0|     22|    0|
    |mul_10ns_44ns_54_1_1_U754                                             |mul_10ns_44ns_54_1_1                                       |        0|    1|      0|     16|    0|
    |mul_10ns_54ns_64_1_1_U755                                             |mul_10ns_54ns_64_1_1                                       |        0|    2|      0|     25|    0|
    |mul_30s_32s_32_1_1_U744                                               |mul_30s_32s_32_1_1                                         |        0|    3|      0|     20|    0|
    |mul_30s_3ns_32_1_1_U748                                               |mul_30s_3ns_32_1_1                                         |        0|    0|      0|     25|    0|
    |mul_32ns_2ns_34_1_1_U753                                              |mul_32ns_2ns_34_1_1                                        |        0|    0|      0|     20|    0|
    |mul_32s_32s_32_1_1_U747                                               |mul_32s_32s_32_1_1                                         |        0|    3|      0|     20|    0|
    |mul_32s_32s_32_1_1_U749                                               |mul_32s_32s_32_1_1                                         |        0|    3|      0|     20|    0|
    |mul_3ns_28ns_31_1_1_U750                                              |mul_3ns_28ns_31_1_1                                        |        0|    0|      0|     35|    0|
    |mul_3ns_31ns_34_1_1_U751                                              |mul_3ns_31ns_34_1_1                                        |        0|    0|      0|     20|    0|
    |mul_3ns_3ns_6_1_1_U745                                                |mul_3ns_3ns_6_1_1                                          |        0|    0|      0|      8|    0|
    |mul_6ns_29s_32_1_1_U746                                               |mul_6ns_29s_32_1_1                                         |        0|    1|      0|     30|    0|
    |sdiv_33ns_3ns_10_37_seq_1_U742                                        |sdiv_33ns_3ns_10_37_seq_1                                  |        0|    0|    406|    245|    0|
    |sdiv_33ns_3ns_10_37_seq_1_U743                                        |sdiv_33ns_3ns_10_37_seq_1                                  |        0|    0|    406|    245|    0|
    +----------------------------------------------------------------------+-----------------------------------------------------------+---------+-----+-------+-------+-----+
    |Total                                                                 |                                                           |        0|  310|  29779|  44836|    0|
    +----------------------------------------------------------------------+-----------------------------------------------------------+---------+-----+-------+-------+-----+

    * DSP: 
    N/A

    * Memory: 
    +---------------+--------------------------+---------+---+----+-----+------+-----+------+-------------+
    |     Memory    |          Module          | BRAM_18K| FF| LUT| URAM| Words| Bits| Banks| W*Bits*Banks|
    +---------------+--------------------------+---------+---+----+-----+------+-----+------+-------------+
    |bias_V_U       |bias_V_RAM_AUTO_1R1W      |        0|  8|   1|    0|     8|    8|     1|           64|
    |bias_V_1_U     |bias_V_RAM_AUTO_1R1W      |        0|  8|   1|    0|     8|    8|     1|           64|
    |bias_V_2_U     |bias_V_RAM_AUTO_1R1W      |        0|  8|   1|    0|     8|    8|     1|           64|
    |bias_V_3_U     |bias_V_RAM_AUTO_1R1W      |        0|  8|   1|    0|     8|    8|     1|           64|
    |bias_V_4_U     |bias_V_RAM_AUTO_1R1W      |        0|  8|   1|    0|     8|    8|     1|           64|
    |bias_V_5_U     |bias_V_RAM_AUTO_1R1W      |        0|  8|   1|    0|     8|    8|     1|           64|
    |bias_V_6_U     |bias_V_RAM_AUTO_1R1W      |        0|  8|   1|    0|     8|    8|     1|           64|
    |bias_V_7_U     |bias_V_RAM_AUTO_1R1W      |        0|  8|   1|    0|     8|    8|     1|           64|
    |bias_V_8_U     |bias_V_RAM_AUTO_1R1W      |        0|  8|   1|    0|     8|    8|     1|           64|
    |bias_V_9_U     |bias_V_RAM_AUTO_1R1W      |        0|  8|   1|    0|     8|    8|     1|           64|
    |bias_V_10_U    |bias_V_RAM_AUTO_1R1W      |        0|  8|   1|    0|     8|    8|     1|           64|
    |bias_V_11_U    |bias_V_RAM_AUTO_1R1W      |        0|  8|   1|    0|     8|    8|     1|           64|
    |bias_V_12_U    |bias_V_RAM_AUTO_1R1W      |        0|  8|   1|    0|     8|    8|     1|           64|
    |bias_V_13_U    |bias_V_RAM_AUTO_1R1W      |        0|  8|   1|    0|     8|    8|     1|           64|
    |bias_V_14_U    |bias_V_RAM_AUTO_1R1W      |        0|  8|   1|    0|     8|    8|     1|           64|
    |bias_V_15_U    |bias_V_RAM_AUTO_1R1W      |        0|  8|   1|    0|     8|    8|     1|           64|
    |filter_V_U     |filter_V_RAM_AUTO_1R1W    |        4|  0|   0|    0|   576|   64|     1|        36864|
    |filter_V_1_U   |filter_V_RAM_AUTO_1R1W    |        4|  0|   0|    0|   576|   64|     1|        36864|
    |filter_V_2_U   |filter_V_RAM_AUTO_1R1W    |        4|  0|   0|    0|   576|   64|     1|        36864|
    |filter_V_3_U   |filter_V_RAM_AUTO_1R1W    |        4|  0|   0|    0|   576|   64|     1|        36864|
    |filter_V_4_U   |filter_V_RAM_AUTO_1R1W    |        4|  0|   0|    0|   576|   64|     1|        36864|
    |filter_V_5_U   |filter_V_RAM_AUTO_1R1W    |        4|  0|   0|    0|   576|   64|     1|        36864|
    |filter_V_6_U   |filter_V_RAM_AUTO_1R1W    |        4|  0|   0|    0|   576|   64|     1|        36864|
    |filter_V_7_U   |filter_V_RAM_AUTO_1R1W    |        4|  0|   0|    0|   576|   64|     1|        36864|
    |filter_V_8_U   |filter_V_RAM_AUTO_1R1W    |        4|  0|   0|    0|   576|   64|     1|        36864|
    |filter_V_9_U   |filter_V_RAM_AUTO_1R1W    |        4|  0|   0|    0|   576|   64|     1|        36864|
    |filter_V_10_U  |filter_V_RAM_AUTO_1R1W    |        4|  0|   0|    0|   576|   64|     1|        36864|
    |filter_V_11_U  |filter_V_RAM_AUTO_1R1W    |        4|  0|   0|    0|   576|   64|     1|        36864|
    |filter_V_12_U  |filter_V_RAM_AUTO_1R1W    |        4|  0|   0|    0|   576|   64|     1|        36864|
    |filter_V_13_U  |filter_V_RAM_AUTO_1R1W    |        4|  0|   0|    0|   576|   64|     1|        36864|
    |filter_V_14_U  |filter_V_RAM_AUTO_1R1W    |        4|  0|   0|    0|   576|   64|     1|        36864|
    |filter_V_15_U  |filter_V_RAM_AUTO_1R1W    |        4|  0|   0|    0|   576|   64|     1|        36864|
    |inputMap_V_U   |inputMap_V_RAM_AUTO_1R1W  |       14|  0|   0|    0|  1360|  128|     1|       174080|
    +---------------+--------------------------+---------+---+----+-----+------+-----+------+-------------+
    |Total          |                          |       78|128|  16|    0| 10704| 1280|    33|       764928|
    +---------------+--------------------------+---------+---+----+-----+------+-----+------+-------------+

    * FIFO: 
    N/A

    * Expression: 
    +--------------------------------------------------------------------------------------+----------+----+---+----+------------+------------+
    |                                     Variable Name                                    | Operation| DSP| FF| LUT| Bitwidth P0| Bitwidth P1|
    +--------------------------------------------------------------------------------------+----------+----+---+----+------------+------------+
    |add_ln214_fu_1416_p2                                                                  |         +|   0|  0|  13|           6|           1|
    |add_ln228_fu_1271_p2                                                                  |         +|   0|  0|  12|           4|           1|
    |add_ln239_fu_1109_p2                                                                  |         +|   0|  0|  40|          33|           2|
    |add_ln278_fu_1411_p2                                                                  |         +|   0|  0|  13|           6|           1|
    |add_ln301_fu_864_p2                                                                   |         +|   0|  0|  39|          32|           2|
    |add_ln319_fu_996_p2                                                                   |         +|   0|  0|  39|          32|           2|
    |add_ln376_fu_1230_p2                                                                  |         +|   0|  0|  39|          32|           4|
    |filtersPerPE_V_fu_1266_p2                                                             |         +|   0|  0|  17|          10|           1|
    |inputMapSizeY_1_fu_676_p2                                                             |         +|   0|  0|  39|          32|          32|
    |lhs_V_fu_660_p2                                                                       |         +|   0|  0|  39|          32|          32|
    |outMapSizeX_V_fu_1348_p2                                                              |         +|   0|  0|  17|          10|           1|
    |outMapSizeY_V_fu_1338_p2                                                              |         +|   0|  0|  17|          10|           1|
    |streamsPerAct_fu_974_p2                                                               |         +|   0|  0|  37|          30|           1|
    |streamsPerWeight_fu_990_p2                                                            |         +|   0|  0|  36|          29|           1|
    |sub_i_i195_fu_1487_p2                                                                 |         +|   0|  0|  12|           4|           2|
    |sub_i_i41_fu_1507_p2                                                                  |         +|   0|  0|  18|          11|           2|
    |sub_i_i72_fu_1497_p2                                                                  |         +|   0|  0|  18|          11|           2|
    |sub_i_i_fu_1517_p2                                                                    |         +|   0|  0|  18|          11|           2|
    |totalBiasStreams_fu_1064_p2                                                           |         +|   0|  0|  37|          30|           1|
    |grp_fu_710_p0                                                                         |         -|   0|  0|  40|          33|          33|
    |grp_fu_726_p0                                                                         |         -|   0|  0|  40|          33|          33|
    |sub_ln239_1_fu_1087_p2                                                                |         -|   0|  0|  37|           1|          30|
    |sub_ln239_fu_1075_p2                                                                  |         -|   0|  0|  37|           3|          30|
    |sub_ln301_1_fu_896_p2                                                                 |         -|   0|  0|  35|           1|          28|
    |sub_ln301_fu_877_p2                                                                   |         -|   0|  0|  39|           1|          32|
    |sub_ln303_fu_942_p2                                                                   |         -|   0|  0|  36|           1|          29|
    |sub_ln319_1_fu_1028_p2                                                                |         -|   0|  0|  36|           1|          29|
    |sub_ln319_fu_1009_p2                                                                  |         -|   0|  0|  39|           1|          32|
    |xPadUpperLimit_fu_1213_p2                                                             |         -|   0|  0|  39|          32|          32|
    |yPadUpperLimit_fu_1219_p2                                                             |         -|   0|  0|  39|          32|          32|
    |and_ln279_16_fu_1629_p2                                                               |       and|   0|  0|   2|           1|           1|
    |and_ln279_17_fu_1635_p2                                                               |       and|   0|  0|   2|           1|           1|
    |and_ln279_18_fu_1640_p2                                                               |       and|   0|  0|   2|           1|           1|
    |and_ln279_19_fu_1646_p2                                                               |       and|   0|  0|   2|           1|           1|
    |and_ln279_20_fu_1651_p2                                                               |       and|   0|  0|   2|           1|           1|
    |and_ln279_21_fu_1657_p2                                                               |       and|   0|  0|   2|           1|           1|
    |and_ln279_22_fu_1663_p2                                                               |       and|   0|  0|   2|           1|           1|
    |and_ln279_23_fu_1669_p2                                                               |       and|   0|  0|   2|           1|           1|
    |and_ln279_24_fu_1674_p2                                                               |       and|   0|  0|   2|           1|           1|
    |and_ln279_25_fu_1680_p2                                                               |       and|   0|  0|   2|           1|           1|
    |and_ln279_26_fu_1686_p2                                                               |       and|   0|  0|   2|           1|           1|
    |and_ln279_27_fu_1692_p2                                                               |       and|   0|  0|   2|           1|           1|
    |and_ln279_28_fu_1698_p2                                                               |       and|   0|  0|   2|           1|           1|
    |and_ln279_29_fu_1704_p2                                                               |       and|   0|  0|   2|           1|           1|
    |and_ln279_30_fu_1710_p2                                                               |       and|   0|  0|   2|           1|           1|
    |and_ln279_31_fu_1716_p2                                                               |       and|   0|  0|   2|           1|           1|
    |grp_conv_Pipeline_OutYLOOP_FilterLOOP_KernelXLOOP_ChannelLOOP_fu_498_strm_out_TREADY  |       and|   0|  0|   2|           1|           1|
    |cmp243_10_mid11102_fu_1592_p2                                                         |      icmp|   0|  0|  20|          32|           4|
    |cmp243_11_mid11114_fu_1598_p2                                                         |      icmp|   0|  0|  20|          32|           4|
    |cmp243_12_mid11126_fu_1604_p2                                                         |      icmp|   0|  0|  20|          32|           4|
    |cmp243_13_mid11138_fu_1610_p2                                                         |      icmp|   0|  0|  20|          32|           4|
    |cmp243_14_mid11150_fu_1616_p2                                                         |      icmp|   0|  0|  20|          32|           4|
    |cmp243_2_mid11006_fu_1556_p2                                                          |      icmp|   0|  0|  20|          32|           2|
    |cmp243_4_mid11030_fu_1562_p2                                                          |      icmp|   0|  0|  20|          32|           3|
    |cmp243_5_mid11042_fu_1568_p2                                                          |      icmp|   0|  0|  20|          32|           3|
    |cmp243_6_mid11054_fu_1574_p2                                                          |      icmp|   0|  0|  20|          32|           3|
    |cmp243_8_mid11078_fu_1580_p2                                                          |      icmp|   0|  0|  20|          32|           4|
    |cmp243_9_mid11090_fu_1586_p2                                                          |      icmp|   0|  0|  20|          32|           4|
    |cmp243_mid1986_fu_1550_p2                                                             |      icmp|   0|  0|  20|          32|           1|
    |cmp_i_i172_mid11224_fu_1728_p2                                                        |      icmp|   0|  0|   9|           4|           1|
    |cmp_i_i523_mid1954_fu_1530_p2                                                         |      icmp|   0|  0|  10|           6|           1|
    |cmp_i_i530_mid1972_fu_1544_p2                                                         |      icmp|   0|  0|   9|           4|           1|
    |cmp_i_i537_mid11214_fu_1721_p2                                                        |      icmp|   0|  0|   8|           2|           1|
    |empty_72_fu_1225_p2                                                                   |      icmp|   0|  0|  20|          32|           1|
    |empty_fu_1081_p2                                                                      |      icmp|   0|  0|  19|          30|           5|
    |icmp1447_fu_810_p2                                                                    |      icmp|   0|  0|  19|          31|           1|
    |icmp1450_fu_826_p2                                                                    |      icmp|   0|  0|  19|          30|           1|
    |icmp1453_fu_842_p2                                                                    |      icmp|   0|  0|  18|          29|           1|
    |icmp1456_fu_858_p2                                                                    |      icmp|   0|  0|  18|          28|           1|
    |icmp_ln1027_1_fu_1447_p2                                                              |      icmp|   0|  0|  11|          10|           6|
    |icmp_ln1027_3_fu_1461_p2                                                              |      icmp|   0|  0|   8|           3|           2|
    |icmp_ln1027_4_fu_1393_p2                                                              |      icmp|   0|  0|  19|          31|           1|
    |icmp_ln1027_5_fu_1398_p2                                                              |      icmp|   0|  0|  20|          34|           1|
    |icmp_ln1027_6_fu_1403_p2                                                              |      icmp|   0|  0|  22|          44|           1|
    |icmp_ln1027_8_fu_1286_p2                                                              |      icmp|   0|  0|  10|           7|           1|
    |icmp_ln1027_fu_1433_p2                                                                |      icmp|   0|  0|  11|          10|           6|
    |icmp_ln310_fu_1133_p2                                                                 |      icmp|   0|  0|  19|          30|          30|
    |icmp_ln350_fu_770_p2                                                                  |      icmp|   0|  0|  19|          30|           1|
    |icmp_ln369_fu_786_p2                                                                  |      icmp|   0|  0|  16|          25|           1|
    |notlhs_mid11170_fu_1622_p2                                                            |      icmp|   0|  0|  11|          11|           1|
    |notrhs_mid1960_fu_1537_p2                                                             |      icmp|   0|  0|  11|          11|           1|
    |read_OK_fu_1481_p2                                                                    |      icmp|   0|  0|  20|          32|          32|
    |ap_block_state30_on_subcall_done                                                      |        or|   0|  0|   2|           1|           1|
    |f_limit_V_1_fu_1292_p3                                                                |    select|   0|  0|   5|           1|           4|
    |kn_limit_fu_1474_p3                                                                   |    select|   0|  0|  32|           1|          32|
    |ky_limit_V_fu_1466_p3                                                                 |    select|   0|  0|   2|           1|           2|
    |readLimit_fu_1207_p1                                                                  |    select|   0|  0|  32|           1|          32|
    |select_ln239_fu_1093_p3                                                               |    select|   0|  0|  30|           1|          30|
    |select_ln301_fu_916_p3                                                                |    select|   0|  0|  28|           1|          28|
    |select_ln303_fu_962_p3                                                                |    select|   0|  0|  29|           1|          29|
    |select_ln319_fu_1048_p3                                                               |    select|   0|  0|  29|           1|          29|
    |select_ln376_fu_1245_p3                                                               |    select|   0|  0|  28|           1|          28|
    |weightsOffset_fu_1155_p3                                                              |    select|   0|  0|  30|           1|          30|
    |x_limit_V_1_fu_1452_p3                                                                |    select|   0|  0|   6|           1|           6|
    |y_limit_V_1_fu_1438_p3                                                                |    select|   0|  0|   6|           1|           6|
    |rev_fu_1524_p2                                                                        |       xor|   0|  0|   2|           1|           2|
    +--------------------------------------------------------------------------------------+----------+----+---+----+------------+------------+
    |Total                                                                                 |          |   0|  0|1798|        1393|         845|
    +--------------------------------------------------------------------------------------+----------+----+---+----+------------+------------+

    * Multiplexer: 
    +-----------------------------+-----+-----------+-----+-----------+
    |             Name            | LUT | Input Size| Bits| Total Bits|
    +-----------------------------+-----+-----------+-----+-----------+
    |ap_NS_fsm                    |  183|         41|    1|         41|
    |bias_V_10_address0           |   14|          3|    3|          9|
    |bias_V_10_ce0                |   14|          3|    1|          3|
    |bias_V_10_we0                |    9|          2|    1|          2|
    |bias_V_11_address0           |   14|          3|    3|          9|
    |bias_V_11_ce0                |   14|          3|    1|          3|
    |bias_V_11_we0                |    9|          2|    1|          2|
    |bias_V_12_address0           |   14|          3|    3|          9|
    |bias_V_12_ce0                |   14|          3|    1|          3|
    |bias_V_12_we0                |    9|          2|    1|          2|
    |bias_V_13_address0           |   14|          3|    3|          9|
    |bias_V_13_ce0                |   14|          3|    1|          3|
    |bias_V_13_we0                |    9|          2|    1|          2|
    |bias_V_14_address0           |   14|          3|    3|          9|
    |bias_V_14_ce0                |   14|          3|    1|          3|
    |bias_V_14_we0                |    9|          2|    1|          2|
    |bias_V_15_address0           |   14|          3|    3|          9|
    |bias_V_15_ce0                |   14|          3|    1|          3|
    |bias_V_15_we0                |    9|          2|    1|          2|
    |bias_V_1_address0            |   14|          3|    3|          9|
    |bias_V_1_ce0                 |   14|          3|    1|          3|
    |bias_V_1_we0                 |    9|          2|    1|          2|
    |bias_V_2_address0            |   14|          3|    3|          9|
    |bias_V_2_ce0                 |   14|          3|    1|          3|
    |bias_V_2_we0                 |    9|          2|    1|          2|
    |bias_V_3_address0            |   14|          3|    3|          9|
    |bias_V_3_ce0                 |   14|          3|    1|          3|
    |bias_V_3_we0                 |    9|          2|    1|          2|
    |bias_V_4_address0            |   14|          3|    3|          9|
    |bias_V_4_ce0                 |   14|          3|    1|          3|
    |bias_V_4_we0                 |    9|          2|    1|          2|
    |bias_V_5_address0            |   14|          3|    3|          9|
    |bias_V_5_ce0                 |   14|          3|    1|          3|
    |bias_V_5_we0                 |    9|          2|    1|          2|
    |bias_V_6_address0            |   14|          3|    3|          9|
    |bias_V_6_ce0                 |   14|          3|    1|          3|
    |bias_V_6_we0                 |    9|          2|    1|          2|
    |bias_V_7_address0            |   14|          3|    3|          9|
    |bias_V_7_ce0                 |   14|          3|    1|          3|
    |bias_V_7_we0                 |    9|          2|    1|          2|
    |bias_V_8_address0            |   14|          3|    3|          9|
    |bias_V_8_ce0                 |   14|          3|    1|          3|
    |bias_V_8_we0                 |    9|          2|    1|          2|
    |bias_V_9_address0            |   14|          3|    3|          9|
    |bias_V_9_ce0                 |   14|          3|    1|          3|
    |bias_V_9_we0                 |    9|          2|    1|          2|
    |bias_V_address0              |   14|          3|    3|          9|
    |bias_V_ce0                   |   14|          3|    1|          3|
    |bias_V_we0                   |    9|          2|    1|          2|
    |filter_V_10_address0         |   14|          3|   10|         30|
    |filter_V_10_ce0              |   14|          3|    1|          3|
    |filter_V_10_ce1              |    9|          2|    1|          2|
    |filter_V_10_we0              |    9|          2|    1|          2|
    |filter_V_10_we1              |    9|          2|    1|          2|
    |filter_V_11_address0         |   14|          3|   10|         30|
    |filter_V_11_ce0              |   14|          3|    1|          3|
    |filter_V_11_ce1              |    9|          2|    1|          2|
    |filter_V_11_we0              |    9|          2|    1|          2|
    |filter_V_11_we1              |    9|          2|    1|          2|
    |filter_V_12_address0         |   14|          3|   10|         30|
    |filter_V_12_ce0              |   14|          3|    1|          3|
    |filter_V_12_ce1              |    9|          2|    1|          2|
    |filter_V_12_we0              |    9|          2|    1|          2|
    |filter_V_12_we1              |    9|          2|    1|          2|
    |filter_V_13_address0         |   14|          3|   10|         30|
    |filter_V_13_ce0              |   14|          3|    1|          3|
    |filter_V_13_ce1              |    9|          2|    1|          2|
    |filter_V_13_we0              |    9|          2|    1|          2|
    |filter_V_13_we1              |    9|          2|    1|          2|
    |filter_V_14_address0         |   14|          3|   10|         30|
    |filter_V_14_ce0              |   14|          3|    1|          3|
    |filter_V_14_ce1              |    9|          2|    1|          2|
    |filter_V_14_we0              |    9|          2|    1|          2|
    |filter_V_14_we1              |    9|          2|    1|          2|
    |filter_V_15_address0         |   14|          3|   10|         30|
    |filter_V_15_ce0              |   14|          3|    1|          3|
    |filter_V_15_ce1              |    9|          2|    1|          2|
    |filter_V_15_we0              |    9|          2|    1|          2|
    |filter_V_15_we1              |    9|          2|    1|          2|
    |filter_V_1_address0          |   14|          3|   10|         30|
    |filter_V_1_ce0               |   14|          3|    1|          3|
    |filter_V_1_ce1               |    9|          2|    1|          2|
    |filter_V_1_we0               |    9|          2|    1|          2|
    |filter_V_1_we1               |    9|          2|    1|          2|
    |filter_V_2_address0          |   14|          3|   10|         30|
    |filter_V_2_ce0               |   14|          3|    1|          3|
    |filter_V_2_ce1               |    9|          2|    1|          2|
    |filter_V_2_we0               |    9|          2|    1|          2|
    |filter_V_2_we1               |    9|          2|    1|          2|
    |filter_V_3_address0          |   14|          3|   10|         30|
    |filter_V_3_ce0               |   14|          3|    1|          3|
    |filter_V_3_ce1               |    9|          2|    1|          2|
    |filter_V_3_we0               |    9|          2|    1|          2|
    |filter_V_3_we1               |    9|          2|    1|          2|
    |filter_V_4_address0          |   14|          3|   10|         30|
    |filter_V_4_ce0               |   14|          3|    1|          3|
    |filter_V_4_ce1               |    9|          2|    1|          2|
    |filter_V_4_we0               |    9|          2|    1|          2|
    |filter_V_4_we1               |    9|          2|    1|          2|
    |filter_V_5_address0          |   14|          3|   10|         30|
    |filter_V_5_ce0               |   14|          3|    1|          3|
    |filter_V_5_ce1               |    9|          2|    1|          2|
    |filter_V_5_we0               |    9|          2|    1|          2|
    |filter_V_5_we1               |    9|          2|    1|          2|
    |filter_V_6_address0          |   14|          3|   10|         30|
    |filter_V_6_ce0               |   14|          3|    1|          3|
    |filter_V_6_ce1               |    9|          2|    1|          2|
    |filter_V_6_we0               |    9|          2|    1|          2|
    |filter_V_6_we1               |    9|          2|    1|          2|
    |filter_V_7_address0          |   14|          3|   10|         30|
    |filter_V_7_ce0               |   14|          3|    1|          3|
    |filter_V_7_ce1               |    9|          2|    1|          2|
    |filter_V_7_we0               |    9|          2|    1|          2|
    |filter_V_7_we1               |    9|          2|    1|          2|
    |filter_V_8_address0          |   14|          3|   10|         30|
    |filter_V_8_ce0               |   14|          3|    1|          3|
    |filter_V_8_ce1               |    9|          2|    1|          2|
    |filter_V_8_we0               |    9|          2|    1|          2|
    |filter_V_8_we1               |    9|          2|    1|          2|
    |filter_V_9_address0          |   14|          3|   10|         30|
    |filter_V_9_ce0               |   14|          3|    1|          3|
    |filter_V_9_ce1               |    9|          2|    1|          2|
    |filter_V_9_we0               |    9|          2|    1|          2|
    |filter_V_9_we1               |    9|          2|    1|          2|
    |filter_V_address0            |   14|          3|   10|         30|
    |filter_V_ce0                 |   14|          3|    1|          3|
    |filter_V_ce1                 |    9|          2|    1|          2|
    |filter_V_we0                 |    9|          2|    1|          2|
    |filter_V_we1                 |    9|          2|    1|          2|
    |inputMap_V_address0          |   14|          3|   11|         33|
    |inputMap_V_ce0               |   14|          3|    1|          3|
    |inputMap_V_ce1               |    9|          2|    1|          2|
    |inputMap_V_d0                |   14|          3|  128|        384|
    |inputMap_V_we0               |   14|          3|    1|          3|
    |strm_in_TREADY_int_regslice  |   26|          5|    1|          5|
    +-----------------------------+-----+-----------+-----+-----------+
    |Total                        | 1746|        380|  448|       1319|
    +-----------------------------+-----+-----------+-----+-----------+

    * Register: 
    +-----------------------------------------------------------------------------------+----+----+-----+-----------+
    |                                        Name                                       | FF | LUT| Bits| Const Bits|
    +-----------------------------------------------------------------------------------+----+----+-----+-----------+
    |and_ln279_16_reg_2271                                                              |   1|   0|    1|          0|
    |and_ln279_17_reg_2276                                                              |   1|   0|    1|          0|
    |and_ln279_18_reg_2281                                                              |   1|   0|    1|          0|
    |and_ln279_19_reg_2286                                                              |   1|   0|    1|          0|
    |and_ln279_20_reg_2291                                                              |   1|   0|    1|          0|
    |and_ln279_21_reg_2296                                                              |   1|   0|    1|          0|
    |and_ln279_22_reg_2301                                                              |   1|   0|    1|          0|
    |and_ln279_23_reg_2306                                                              |   1|   0|    1|          0|
    |and_ln279_24_reg_2311                                                              |   1|   0|    1|          0|
    |and_ln279_25_reg_2316                                                              |   1|   0|    1|          0|
    |and_ln279_26_reg_2321                                                              |   1|   0|    1|          0|
    |and_ln279_27_reg_2326                                                              |   1|   0|    1|          0|
    |and_ln279_28_reg_2331                                                              |   1|   0|    1|          0|
    |and_ln279_29_reg_2336                                                              |   1|   0|    1|          0|
    |and_ln279_30_reg_2341                                                              |   1|   0|    1|          0|
    |and_ln279_31_reg_2346                                                              |   1|   0|    1|          0|
    |ap_CS_fsm                                                                          |  40|   0|   40|          0|
    |biasScale_V_reg_1873                                                               |   4|   0|    4|          0|
    |cmp243_10_mid11102_reg_2241                                                        |   1|   0|    1|          0|
    |cmp243_11_mid11114_reg_2246                                                        |   1|   0|    1|          0|
    |cmp243_12_mid11126_reg_2251                                                        |   1|   0|    1|          0|
    |cmp243_13_mid11138_reg_2256                                                        |   1|   0|    1|          0|
    |cmp243_14_mid11150_reg_2261                                                        |   1|   0|    1|          0|
    |cmp243_2_mid11006_reg_2211                                                         |   1|   0|    1|          0|
    |cmp243_4_mid11030_reg_2216                                                         |   1|   0|    1|          0|
    |cmp243_5_mid11042_reg_2221                                                         |   1|   0|    1|          0|
    |cmp243_6_mid11054_reg_2226                                                         |   1|   0|    1|          0|
    |cmp243_8_mid11078_reg_2231                                                         |   1|   0|    1|          0|
    |cmp243_9_mid11090_reg_2236                                                         |   1|   0|    1|          0|
    |cmp243_mid1986_reg_2206                                                            |   1|   0|    1|          0|
    |cmp_i_i172_mid11224_reg_2356                                                       |   1|   0|    1|          0|
    |cmp_i_i523_mid1954_reg_2191                                                        |   1|   0|    1|          0|
    |cmp_i_i530_mid1972_reg_2201                                                        |   1|   0|    1|          0|
    |cmp_i_i537_mid11214_reg_2351                                                       |   1|   0|    1|          0|
    |empty_72_reg_2044                                                                  |   1|   0|    1|          0|
    |f_limit_V_1_reg_2061                                                               |   4|   0|    4|          0|
    |filtersPerPE_V_reg_2056                                                            |  10|   0|   10|          0|
    |grp_conv_Pipeline_OutYLOOP_FilterLOOP_KernelXLOOP_ChannelLOOP_fu_498_ap_start_reg  |   1|   0|    1|          0|
    |grp_conv_Pipeline_ReadActivationsLOOP_fu_471_ap_start_reg                          |   1|   0|    1|          0|
    |grp_conv_Pipeline_ReadBiasStreamsLOOP_VITIS_LOOP_240_1_fu_410_ap_start_reg         |   1|   0|    1|          0|
    |grp_conv_Pipeline_ReadWeightStreamsLOOP_fu_440_ap_start_reg                        |   1|   0|    1|          0|
    |grp_conv_Pipeline_VITIS_LOOP_330_1_fu_400_ap_start_reg                             |   1|   0|    1|          0|
    |icmp1447_reg_1919                                                                  |   1|   0|    1|          0|
    |icmp1450_reg_1925                                                                  |   1|   0|    1|          0|
    |icmp1453_reg_1931                                                                  |   1|   0|    1|          0|
    |icmp1456_reg_1937                                                                  |   1|   0|    1|          0|
    |icmp_ln1027_4_reg_2117                                                             |   1|   0|    1|          0|
    |icmp_ln1027_5_reg_2122                                                             |   1|   0|    1|          0|
    |icmp_ln1027_6_reg_2127                                                             |   1|   0|    1|          0|
    |icmp_ln350_reg_1904                                                                |   1|   0|    1|          0|
    |icmp_ln369_reg_1909                                                                |   1|   0|    1|          0|
    |inputMapSizeY_1_reg_1844                                                           |  32|   0|   32|          0|
    |kn_limit_reg_2156                                                                  |  32|   0|   32|          0|
    |kx_limit_V_reg_1832                                                                |   3|   0|    3|          0|
    |ky_limit_V_reg_2151                                                                |   2|   0|    2|          0|
    |lhs_V_reg_1827                                                                     |  32|   0|   32|          0|
    |mul_i_i258_reg_2102                                                                |  34|   0|   34|          0|
    |mul_ln329_1_reg_2067                                                               |  34|   0|   34|          0|
    |mul_ln329_2_reg_2073                                                               |  44|   0|   44|          0|
    |mul_ln329_3_reg_2107                                                               |  54|   0|   54|          0|
    |mul_ln329_4_reg_2112                                                               |  64|   0|   64|          0|
    |mul_ln329_reg_2049                                                                 |  31|   0|   31|          0|
    |notlhs_mid11170_reg_2266                                                           |   1|   0|    1|          0|
    |notrhs_mid1960_reg_2196                                                            |   1|   0|    1|          0|
    |numFilters_read_reg_1745                                                           |  32|   0|   32|          0|
    |numKernels_read_reg_1735                                                           |  32|   0|   32|          0|
    |outMapSizeX_V_reg_2096                                                             |  10|   0|   10|          0|
    |outMapSizeY_V_reg_2085                                                             |  10|   0|   10|          0|
    |paddingIters_reg_2021                                                              |  32|   0|   32|          0|
    |padding_V_reg_1813                                                                 |   3|   0|    3|          0|
    |readLimit_reg_2027                                                                 |  32|   0|   32|          0|
    |read_OK_reg_2161                                                                   |   1|   0|    1|          0|
    |rev_reg_2186                                                                       |   1|   0|    1|          0|
    |scale_V_reg_1878                                                                   |   3|   0|    3|          0|
    |sext_ln303_1_reg_1949                                                              |  32|   0|   32|          0|
    |signedOp_reg_1883                                                                  |   1|   0|    1|          0|
    |streamsPerAct_reg_1943                                                             |  30|   0|   30|          0|
    |streamsPerFilter_reg_1990                                                          |  32|   0|   32|          0|
    |streamsPerInputLine_reg_1954                                                       |  32|   0|   32|          0|
    |streamsPerWeight_reg_1964                                                          |  29|   0|   29|          0|
    |stride_V_reg_1820                                                                  |   2|   0|    2|          0|
    |sub_i_i195_reg_2166                                                                |   4|   0|    4|          0|
    |sub_i_i41_reg_2176                                                                 |  11|   0|   11|          0|
    |sub_i_i72_reg_2171                                                                 |  11|   0|   11|          0|
    |sub_i_i_reg_2181                                                                   |  11|   0|   11|          0|
    |tmp_40_reg_1914                                                                    |   1|   0|    1|          0|
    |tmp_4_reg_1985                                                                     |  33|   0|   37|          4|
    |totalBiasStreams_reg_1975                                                          |  30|   0|   30|          0|
    |totalWeightStreams_reg_2001                                                        |  32|   0|   32|          0|
    |trunc_ln186_2_reg_2080                                                             |   6|   0|    6|          0|
    |trunc_ln186_3_reg_2091                                                             |   6|   0|    6|          0|
    |trunc_ln214_1_reg_1852                                                             |   2|   0|    2|          0|
    |trunc_ln214_reg_1980                                                               |   4|   0|    4|          0|
    |trunc_ln319_reg_1970                                                               |  10|   0|   10|          0|
    |weightsOffset_reg_1995                                                             |  30|   0|   30|          0|
    |xPadUpperLimit_reg_2032                                                            |  32|   0|   32|          0|
    |x_limit_V_1_reg_2146                                                               |   6|   0|    6|          0|
    |yPadUpperLimit_reg_2038                                                            |  32|   0|   32|          0|
    |y_limit_V_1_reg_2141                                                               |   6|   0|    6|          0|
    +-----------------------------------------------------------------------------------+----+----+-----+-----------+
    |Total                                                                              |1050|   0| 1054|          4|
    +-----------------------------------------------------------------------------------+----+----+-----+-----------+



================================================================
== Interface
================================================================
* Summary: 
+--------------------+-----+-----+------------+-------------------+--------------+
|      RTL Ports     | Dir | Bits|  Protocol  |   Source Object   |    C Type    |
+--------------------+-----+-----+------------+-------------------+--------------+
|s_axi_BUS1_AWVALID  |   in|    1|       s_axi|               BUS1|        scalar|
|s_axi_BUS1_AWREADY  |  out|    1|       s_axi|               BUS1|        scalar|
|s_axi_BUS1_AWADDR   |   in|    6|       s_axi|               BUS1|        scalar|
|s_axi_BUS1_WVALID   |   in|    1|       s_axi|               BUS1|        scalar|
|s_axi_BUS1_WREADY   |  out|    1|       s_axi|               BUS1|        scalar|
|s_axi_BUS1_WDATA    |   in|   32|       s_axi|               BUS1|        scalar|
|s_axi_BUS1_WSTRB    |   in|    4|       s_axi|               BUS1|        scalar|
|s_axi_BUS1_ARVALID  |   in|    1|       s_axi|               BUS1|        scalar|
|s_axi_BUS1_ARREADY  |  out|    1|       s_axi|               BUS1|        scalar|
|s_axi_BUS1_ARADDR   |   in|    6|       s_axi|               BUS1|        scalar|
|s_axi_BUS1_RVALID   |  out|    1|       s_axi|               BUS1|        scalar|
|s_axi_BUS1_RREADY   |   in|    1|       s_axi|               BUS1|        scalar|
|s_axi_BUS1_RDATA    |  out|   32|       s_axi|               BUS1|        scalar|
|s_axi_BUS1_RRESP    |  out|    2|       s_axi|               BUS1|        scalar|
|s_axi_BUS1_BVALID   |  out|    1|       s_axi|               BUS1|        scalar|
|s_axi_BUS1_BREADY   |   in|    1|       s_axi|               BUS1|        scalar|
|s_axi_BUS1_BRESP    |  out|    2|       s_axi|               BUS1|        scalar|
|ap_clk              |   in|    1|  ap_ctrl_hs|               conv|  return value|
|ap_rst_n            |   in|    1|  ap_ctrl_hs|               conv|  return value|
|interrupt           |  out|    1|  ap_ctrl_hs|               conv|  return value|
|strm_in_TDATA       |   in|  128|        axis|   strm_in_V_data_V|       pointer|
|strm_in_TVALID      |   in|    1|        axis|   strm_in_V_last_V|       pointer|
|strm_in_TREADY      |  out|    1|        axis|   strm_in_V_last_V|       pointer|
|strm_in_TLAST       |   in|    1|        axis|   strm_in_V_last_V|       pointer|
|strm_in_TKEEP       |   in|   16|        axis|   strm_in_V_keep_V|       pointer|
|strm_in_TSTRB       |   in|   16|        axis|   strm_in_V_strb_V|       pointer|
|strm_out_TDATA      |  out|  128|        axis|  strm_out_V_data_V|       pointer|
|strm_out_TVALID     |  out|    1|        axis|  strm_out_V_last_V|       pointer|
|strm_out_TREADY     |   in|    1|        axis|  strm_out_V_last_V|       pointer|
|strm_out_TLAST      |  out|    1|        axis|  strm_out_V_last_V|       pointer|
|strm_out_TKEEP      |  out|   16|        axis|  strm_out_V_keep_V|       pointer|
|strm_out_TSTRB      |  out|   16|        axis|  strm_out_V_strb_V|       pointer|
+--------------------+-----+-----+------------+-------------------+--------------+

