

================================================================
== Vitis HLS Report for 'conv_Pipeline_ReadActivationsLOOP'
================================================================
* Date:           Thu Apr 18 02:58:19 2024

* Version:        2022.2 (Build 3670227 on Oct 13 2022)
* Project:        mixed_conv_w4a8
* Solution:       solution1 (Vivado IP Flow Target)
* Product family: zynquplus
* Target device:  xczu7ev-ffvc1156-2-e


================================================================
== Performance Estimates
================================================================
+ Timing: 
    * Summary: 
    +--------+----------+----------+------------+
    |  Clock |  Target  | Estimated| Uncertainty|
    +--------+----------+----------+------------+
    |ap_clk  |  10.00 ns|  3.665 ns|        0 ns|
    +--------+----------+----------+------------+

+ Latency: 
    * Summary: 
    +---------+---------+----------+----------+-----+-----+---------+
    |  Latency (cycles) |  Latency (absolute) |  Interval | Pipeline|
    |   min   |   max   |    min   |    max   | min | max |   Type  |
    +---------+---------+----------+----------+-----+-----+---------+
    |        ?|        ?|         ?|         ?|    ?|    ?|       no|
    +---------+---------+----------+----------+-----+-----+---------+

    + Detail: 
        * Instance: 
        N/A

        * Loop: 
        +-----------------------+---------+---------+----------+-----------+-----------+------+----------+
        |                       |  Latency (cycles) | Iteration|  Initiation Interval  | Trip |          |
        |       Loop Name       |   min   |   max   |  Latency |  achieved |   target  | Count| Pipelined|
        +-----------------------+---------+---------+----------+-----------+-----------+------+----------+
        |- ReadActivationsLOOP  |        ?|        ?|         1|          1|          1|     ?|       yes|
        +-----------------------+---------+---------+----------+-----------+-----------+------+----------+



================================================================
== Utilization Estimates
================================================================
* Summary: 
+-----------------+---------+------+--------+--------+-----+
|       Name      | BRAM_18K|  DSP |   FF   |   LUT  | URAM|
+-----------------+---------+------+--------+--------+-----+
|DSP              |        -|     -|       -|       -|    -|
|Expression       |        -|     -|       0|     528|    -|
|FIFO             |        -|     -|       -|       -|    -|
|Instance         |        -|     -|       0|      26|    -|
|Memory           |        -|     -|       -|       -|    -|
|Multiplexer      |        -|     -|       -|     109|    -|
|Register         |        -|     -|     198|       -|    -|
+-----------------+---------+------+--------+--------+-----+
|Total            |        0|     0|     198|     663|    0|
+-----------------+---------+------+--------+--------+-----+
|Available        |      624|  1728|  460800|  230400|   96|
+-----------------+---------+------+--------+--------+-----+
|Utilization (%)  |        0|     0|      ~0|      ~0|    0|
+-----------------+---------+------+--------+--------+-----+

+ Detail: 
    * Instance: 
    +-------------------+---------------+---------+----+---+----+-----+
    |      Instance     |     Module    | BRAM_18K| DSP| FF| LUT| URAM|
    +-------------------+---------------+---------+----+---+----+-----+
    |mux_53_32_1_1_U52  |mux_53_32_1_1  |        0|   0|  0|  26|    0|
    +-------------------+---------------+---------+----+---+----+-----+
    |Total              |               |        0|   0|  0|  26|    0|
    +-------------------+---------------+---------+----+---+----+-----+

    * DSP: 
    N/A

    * Memory: 
    N/A

    * FIFO: 
    N/A

    * Expression: 
    +----------------------------------+----------+----+---+----+------------+------------+
    |           Variable Name          | Operation| DSP| FF| LUT| Bitwidth P0| Bitwidth P1|
    +----------------------------------+----------+----+---+----+------------+------------+
    |add_ln104_fu_370_p2               |         +|   0|  0|  39|          32|           1|
    |add_ln329_fu_391_p2               |         +|   0|  0|  10|           3|           1|
    |i_4_fu_281_p2                     |         +|   0|  0|  39|          32|           1|
    |id_save_6_fu_385_p2               |         +|   0|  0|  39|          32|           1|
    |readLines_4_fu_397_p2             |         +|   0|  0|  39|          32|           1|
    |saveAddr_6_fu_364_p2              |         +|   0|  0|  39|          32|           1|
    |ap_block_pp0_stage0_01001         |       and|   0|  0|   2|           1|           1|
    |ap_block_state2_pp0_stage0_iter1  |       and|   0|  0|   2|           1|           1|
    |ap_condition_139                  |       and|   0|  0|   2|           1|           1|
    |ap_predicate_op53_read_state2     |       and|   0|  0|   2|           1|           1|
    |icmp_ln105_fu_376_p2              |      icmp|   0|  0|  20|          32|          32|
    |icmp_ln109_fu_403_p2              |      icmp|   0|  0|  20|          32|           3|
    |icmp_ln95_fu_276_p2               |      icmp|   0|  0|  20|          32|          32|
    |icmp_ln98_1_fu_292_p2             |      icmp|   0|  0|  20|          32|          32|
    |icmp_ln98_2_fu_297_p2             |      icmp|   0|  0|  20|          32|          32|
    |icmp_ln98_3_fu_308_p2             |      icmp|   0|  0|  20|          32|          32|
    |icmp_ln98_fu_287_p2               |      icmp|   0|  0|  20|          32|          32|
    |or_ln98_1_fu_325_p2               |        or|   0|  0|   2|           1|           1|
    |or_ln98_2_fu_331_p2               |        or|   0|  0|   2|           1|           1|
    |or_ln98_fu_319_p2                 |        or|   0|  0|   2|           1|           1|
    |id_save_7_fu_409_p3               |    select|   0|  0|   3|           1|           1|
    |id_save_8_fu_440_p3               |    select|   0|  0|  32|           1|          32|
    |id_save_9_fu_448_p3               |    select|   0|  0|  32|           1|          32|
    |readLines_5_fu_432_p3             |    select|   0|  0|  32|           1|          32|
    |saveAddr_7_fu_464_p3              |    select|   0|  0|  32|           1|          32|
    |select_ln105_fu_456_p3            |    select|   0|  0|  32|           1|           1|
    |ap_enable_pp0                     |       xor|   0|  0|   2|           1|           2|
    |xor_ln98_1_fu_313_p2              |       xor|   0|  0|   2|           1|           2|
    |xor_ln98_fu_302_p2                |       xor|   0|  0|   2|           1|           2|
    +----------------------------------+----------+----+---+----+------------+------------+
    |Total                             |          |   0|  0| 528|         403|         344|
    +----------------------------------+----------+----+---+----+------------+------------+

    * Multiplexer: 
    +-------------------------+----+-----------+-----+-----------+
    |           Name          | LUT| Input Size| Bits| Total Bits|
    +-------------------------+----+-----------+-----+-----------+
    |ap_done_int              |   9|          2|    1|          2|
    |ap_enable_reg_pp0_iter1  |   9|          2|    1|          2|
    |i_3_fu_90                |   9|          2|   32|         64|
    |id_save_5_fu_98          |   9|          2|   32|         64|
    |id_save_fu_102           |   9|          2|   32|         64|
    |idx_fu_94                |   9|          2|   32|         64|
    |inputMap_V_address0      |  14|          3|   11|         33|
    |inputMap_V_d0            |  14|          3|  128|        384|
    |readLines_fu_106         |   9|          2|   32|         64|
    |saveAddr_fu_86           |   9|          2|   32|         64|
    |strm_in_TDATA_blk_n      |   9|          2|    1|          2|
    +-------------------------+----+-----------+-----+-----------+
    |Total                    | 109|         24|  334|        807|
    +-------------------------+----+-----------+-----+-----------+

    * Register: 
    +-------------------------+----+----+-----+-----------+
    |           Name          | FF | LUT| Bits| Const Bits|
    +-------------------------+----+----+-----+-----------+
    |ap_CS_fsm                |   1|   0|    1|          0|
    |ap_done_reg              |   1|   0|    1|          0|
    |ap_enable_reg_pp0_iter1  |   1|   0|    1|          0|
    |i_3_fu_90                |  32|   0|   32|          0|
    |id_save_5_fu_98          |  32|   0|   32|          0|
    |id_save_fu_102           |  32|   0|   32|          0|
    |idx_fu_94                |  32|   0|   32|          0|
    |readLines_fu_106         |  32|   0|   32|          0|
    |saveAddr_fu_86           |  32|   0|   32|          0|
    |zext_ln298_cast_reg_600  |   3|   0|   32|         29|
    +-------------------------+----+----+-----+-----------+
    |Total                    | 198|   0|  227|         29|
    +-------------------------+----+----+-----+-----------+



================================================================
== Interface
================================================================
* Summary: 
+---------------------------+-----+-----+------------+-----------------------------------+--------------+
|         RTL Ports         | Dir | Bits|  Protocol  |           Source Object           |    C Type    |
+---------------------------+-----+-----+------------+-----------------------------------+--------------+
|ap_clk                     |   in|    1|  ap_ctrl_hs|  conv_Pipeline_ReadActivationsLOOP|  return value|
|ap_rst                     |   in|    1|  ap_ctrl_hs|  conv_Pipeline_ReadActivationsLOOP|  return value|
|ap_start                   |   in|    1|  ap_ctrl_hs|  conv_Pipeline_ReadActivationsLOOP|  return value|
|ap_done                    |  out|    1|  ap_ctrl_hs|  conv_Pipeline_ReadActivationsLOOP|  return value|
|ap_idle                    |  out|    1|  ap_ctrl_hs|  conv_Pipeline_ReadActivationsLOOP|  return value|
|ap_ready                   |  out|    1|  ap_ctrl_hs|  conv_Pipeline_ReadActivationsLOOP|  return value|
|strm_in_TVALID             |   in|    1|        axis|                   strm_in_V_data_V|       pointer|
|strm_in_TDATA              |   in|  128|        axis|                   strm_in_V_data_V|       pointer|
|inputMapLineAddr_reload    |   in|   32|     ap_none|            inputMapLineAddr_reload|        scalar|
|readLimit                  |   in|   32|     ap_none|                          readLimit|        scalar|
|streamsPerInputLine        |   in|   32|     ap_none|                streamsPerInputLine|        scalar|
|inputMapLineAddr_1_reload  |   in|   32|     ap_none|          inputMapLineAddr_1_reload|        scalar|
|inputMapLineAddr_2_reload  |   in|   32|     ap_none|          inputMapLineAddr_2_reload|        scalar|
|inputMapLineAddr_3_reload  |   in|   32|     ap_none|          inputMapLineAddr_3_reload|        scalar|
|inputMapLineAddr_4_reload  |   in|   32|     ap_none|          inputMapLineAddr_4_reload|        scalar|
|inputMap_V_address0        |  out|   11|   ap_memory|                         inputMap_V|         array|
|inputMap_V_ce0             |  out|    1|   ap_memory|                         inputMap_V|         array|
|inputMap_V_we0             |  out|    1|   ap_memory|                         inputMap_V|         array|
|inputMap_V_d0              |  out|  128|   ap_memory|                         inputMap_V|         array|
|zext_ln298                 |   in|    3|     ap_none|                         zext_ln298|        scalar|
|paddingIters               |   in|   32|     ap_none|                       paddingIters|        scalar|
|xPadUpperLimit             |   in|   32|     ap_none|                     xPadUpperLimit|        scalar|
|yPadUpperLimit             |   in|   32|     ap_none|                     yPadUpperLimit|        scalar|
|strm_in_TREADY             |  out|    1|        axis|                   strm_in_V_last_V|       pointer|
|strm_in_TLAST              |   in|    1|        axis|                   strm_in_V_last_V|       pointer|
|strm_in_TKEEP              |   in|   16|        axis|                   strm_in_V_keep_V|       pointer|
|strm_in_TSTRB              |   in|   16|        axis|                   strm_in_V_strb_V|       pointer|
|readLines_out              |  out|   32|      ap_vld|                      readLines_out|       pointer|
|readLines_out_ap_vld       |  out|    1|      ap_vld|                      readLines_out|       pointer|
|id_save_out                |  out|   32|      ap_vld|                        id_save_out|       pointer|
|id_save_out_ap_vld         |  out|    1|      ap_vld|                        id_save_out|       pointer|
|idx_out                    |  out|   32|      ap_vld|                            idx_out|       pointer|
|idx_out_ap_vld             |  out|    1|      ap_vld|                            idx_out|       pointer|
+---------------------------+-----+-----+------------+-----------------------------------+--------------+

