remark: sources/mixed_conv_w2/mixed_conv.cpp:204:2: Inlining function 'read_stream_weights(ap_int<32>*, unsigned int*, int*, hls::stream<hls::axis<ap_int<128>, 0ul, 0ul, 0ul>, 0>&)' into 'read_weights(ap_int<32> (*) [9216], unsigned int, unsigned int, unsigned int, hls::stream<hls::axis<ap_int<128>, 0ul, 0ul, 0ul>, 0>&)'
remark: sources/mixed_conv_w2/mixed_conv.cpp:99:4: Inlining function 'save_padding_pixel(ap_int<128>*, unsigned int)' into 'read_feature_map(ap_int<128>*, unsigned int, unsigned int, unsigned int, unsigned int, int*, unsigned int, unsigned int*, unsigned int*, unsigned int*, hls::stream<hls::axis<ap_int<128>, 0ul, 0ul, 0ul>, 0>&)'
remark: sources/mixed_conv_w2/mixed_conv.cpp:101:4: Inlining function 'read_stream_activations(ap_int<128>*, unsigned int, hls::stream<hls::axis<ap_int<128>, 0ul, 0ul, 0ul>, 0>&)' into 'read_feature_map(ap_int<128>*, unsigned int, unsigned int, unsigned int, unsigned int, int*, unsigned int, unsigned int*, unsigned int*, unsigned int*, hls::stream<hls::axis<ap_int<128>, 0ul, 0ul, 0ul>, 0>&)'
remark: sources/mixed_conv_w2/mixed_conv.cpp:136:3: Inlining function 'save_padding_pixel(ap_int<128>*, unsigned int)' into 'read_feature_map_once(ap_int<128>*, unsigned int, unsigned int, unsigned int, unsigned int, int*, unsigned int*, unsigned int*, unsigned int*, hls::stream<hls::axis<ap_int<128>, 0ul, 0ul, 0ul>, 0>&)'
remark: sources/mixed_conv_w2/mixed_conv.cpp:138:3: Inlining function 'read_stream_activations(ap_int<128>*, unsigned int, hls::stream<hls::axis<ap_int<128>, 0ul, 0ul, 0ul>, 0>&)' into 'read_feature_map_once(ap_int<128>*, unsigned int, unsigned int, unsigned int, unsigned int, int*, unsigned int*, unsigned int*, unsigned int*, hls::stream<hls::axis<ap_int<128>, 0ul, 0ul, 0ul>, 0>&)'
remark: sources/mixed_conv_w2/mixed_conv.cpp:488:10: Inlining function 'PE(ap_int<128>, ap_int<32>, ap_int<32>*, bool)' into 'conv_w2(hls::stream<hls::axis<ap_int<128>, 0ul, 0ul, 0ul>, 0>&, hls::stream<hls::axis<ap_int<128>, 0ul, 0ul, 0ul>, 0>&, int, int, int, int, int)'
remark: sources/mixed_conv_w2/mixed_conv.cpp:444:9: Inlining function 'read_feature_map_once(ap_int<128>*, unsigned int, unsigned int, unsigned int, unsigned int, int*, unsigned int*, unsigned int*, unsigned int*, hls::stream<hls::axis<ap_int<128>, 0ul, 0ul, 0ul>, 0>&)' into 'conv_w2(hls::stream<hls::axis<ap_int<128>, 0ul, 0ul, 0ul>, 0>&, hls::stream<hls::axis<ap_int<128>, 0ul, 0ul, 0ul>, 0>&, int, int, int, int, int)'
remark: sources/mixed_conv_w2/mixed_conv.cpp:164:2: Loop 'WeightBusSeparationLOOP' is marked as complete unroll implied by the pipeline pragma
remark: sources/mixed_conv_w2/mixed_conv.cpp:262:0: Unrolling loop 'AccumResetLOOP' (sources/mixed_conv_w2/mixed_conv.cpp:456:9) in function 'conv_w2' completely with a factor of 16
remark: sources/mixed_conv_w2/mixed_conv.cpp:262:0: Unrolling loop 'PECallLOOP' (sources/mixed_conv_w2/mixed_conv.cpp:470:8) in function 'conv_w2' completely with a factor of 16
remark: sources/mixed_conv_w2/mixed_conv.cpp:262:0: Unrolling loop 'PEOperationLOOP' (sources/mixed_conv_w2/mixed_conv.cpp:18:2) in function 'conv_w2' completely with a factor of 16
remark: sources/mixed_conv_w2/mixed_conv.cpp:262:0: Unrolling loop 'PEOperationLOOP' (sources/mixed_conv_w2/mixed_conv.cpp:18:2) in function 'conv_w2' completely with a factor of 16
remark: sources/mixed_conv_w2/mixed_conv.cpp:262:0: Unrolling loop 'PEOperationLOOP' (sources/mixed_conv_w2/mixed_conv.cpp:18:2) in function 'conv_w2' completely with a factor of 16
remark: sources/mixed_conv_w2/mixed_conv.cpp:262:0: Unrolling loop 'PEOperationLOOP' (sources/mixed_conv_w2/mixed_conv.cpp:18:2) in function 'conv_w2' completely with a factor of 16
remark: sources/mixed_conv_w2/mixed_conv.cpp:262:0: Unrolling loop 'PEOperationLOOP' (sources/mixed_conv_w2/mixed_conv.cpp:18:2) in function 'conv_w2' completely with a factor of 16
remark: sources/mixed_conv_w2/mixed_conv.cpp:262:0: Unrolling loop 'PEOperationLOOP' (sources/mixed_conv_w2/mixed_conv.cpp:18:2) in function 'conv_w2' completely with a factor of 16
remark: sources/mixed_conv_w2/mixed_conv.cpp:262:0: Unrolling loop 'PEOperationLOOP' (sources/mixed_conv_w2/mixed_conv.cpp:18:2) in function 'conv_w2' completely with a factor of 16
remark: sources/mixed_conv_w2/mixed_conv.cpp:262:0: Unrolling loop 'PEOperationLOOP' (sources/mixed_conv_w2/mixed_conv.cpp:18:2) in function 'conv_w2' completely with a factor of 16
remark: sources/mixed_conv_w2/mixed_conv.cpp:262:0: Unrolling loop 'PEOperationLOOP' (sources/mixed_conv_w2/mixed_conv.cpp:18:2) in function 'conv_w2' completely with a factor of 16
remark: sources/mixed_conv_w2/mixed_conv.cpp:262:0: Unrolling loop 'PEOperationLOOP' (sources/mixed_conv_w2/mixed_conv.cpp:18:2) in function 'conv_w2' completely with a factor of 16
remark: sources/mixed_conv_w2/mixed_conv.cpp:262:0: Unrolling loop 'PEOperationLOOP' (sources/mixed_conv_w2/mixed_conv.cpp:18:2) in function 'conv_w2' completely with a factor of 16
remark: sources/mixed_conv_w2/mixed_conv.cpp:262:0: Unrolling loop 'PEOperationLOOP' (sources/mixed_conv_w2/mixed_conv.cpp:18:2) in function 'conv_w2' completely with a factor of 16
remark: sources/mixed_conv_w2/mixed_conv.cpp:262:0: Unrolling loop 'PEOperationLOOP' (sources/mixed_conv_w2/mixed_conv.cpp:18:2) in function 'conv_w2' completely with a factor of 16
remark: sources/mixed_conv_w2/mixed_conv.cpp:262:0: Unrolling loop 'PEOperationLOOP' (sources/mixed_conv_w2/mixed_conv.cpp:18:2) in function 'conv_w2' completely with a factor of 16
remark: sources/mixed_conv_w2/mixed_conv.cpp:262:0: Unrolling loop 'PEOperationLOOP' (sources/mixed_conv_w2/mixed_conv.cpp:18:2) in function 'conv_w2' completely with a factor of 16
remark: sources/mixed_conv_w2/mixed_conv.cpp:262:0: Unrolling loop 'PEOperationLOOP' (sources/mixed_conv_w2/mixed_conv.cpp:18:2) in function 'conv_w2' completely with a factor of 16
remark: sources/mixed_conv_w2/mixed_conv.cpp:184:0: Unrolling loop 'WeightBusSeparationLOOP' (sources/mixed_conv_w2/mixed_conv.cpp:164:2) in function 'read_weights' completely with a factor of 4
remark: sources/mixed_conv_w2/mixed_conv.cpp:262:0: Inlining function 'read_bias(ap_int<8>*, unsigned int, hls::stream<hls::axis<ap_int<128>, 0ul, 0ul, 0ul>, 0>&)' into 'conv_w2(hls::stream<hls::axis<ap_int<128>, 0ul, 0ul, 0ul>, 0>&, hls::stream<hls::axis<ap_int<128>, 0ul, 0ul, 0ul>, 0>&, int, int, int, int, int)'
remark: sources/mixed_conv_w2/mixed_conv.cpp:262:0: Inlining function 'read_weights(ap_int<32> (*) [9216], unsigned int, unsigned int, unsigned int, hls::stream<hls::axis<ap_int<128>, 0ul, 0ul, 0ul>, 0>&)' into 'conv_w2(hls::stream<hls::axis<ap_int<128>, 0ul, 0ul, 0ul>, 0>&, hls::stream<hls::axis<ap_int<128>, 0ul, 0ul, 0ul>, 0>&, int, int, int, int, int)'
remark: sources/mixed_conv_w2/mixed_conv.cpp:262:0: Inlining function 'read_feature_map(ap_int<128>*, unsigned int, unsigned int, unsigned int, unsigned int, int*, unsigned int, unsigned int*, unsigned int*, unsigned int*, hls::stream<hls::axis<ap_int<128>, 0ul, 0ul, 0ul>, 0>&)' into 'conv_w2(hls::stream<hls::axis<ap_int<128>, 0ul, 0ul, 0ul>, 0>&, hls::stream<hls::axis<ap_int<128>, 0ul, 0ul, 0ul>, 0>&, int, int, int, int, int)'
remark: sources/mixed_conv_w2/mixed_conv.cpp:284:15: Applying array_partition to 'filter': Complete partitioning on dimension 1. Cyclic partitioning with factor 4 on dimension 2.
remark: sources/mixed_conv_w2/mixed_conv.cpp:286:6: Applying array_partition to 'inputMapLineAddr': Complete partitioning on dimension 1.
remark: sources/mixed_conv_w2/mixed_conv.cpp:287:9: Applying array_partition to 'bias': Cyclic partitioning with factor 16 on dimension 1.
remark: sources/mixed_conv_w2/mixed_conv.cpp:288:10: Applying array_partition to 'accum': Complete partitioning on dimension 1.
