/home/pferreira/HwSw/HLS/mixed_conv_w2a8/solution1/.autopilot/db/mixed_conv.pp.0.cpp:1320:7: warning: Added loop label VITIS_LOOP_1211_1:   [xilinx-label-all-loops]
      for (i = 0; i < __N - 1; ++i) {
      ^~~
      VITIS_LOOP_1211_1: 
/home/pferreira/HwSw/HLS/mixed_conv_w2a8/solution1/.autopilot/db/mixed_conv.pp.0.cpp:1320:7: note: FIX-IT applied suggested code changes
/home/pferreira/HwSw/HLS/mixed_conv_w2a8/solution1/.autopilot/db/mixed_conv.pp.0.cpp:2294:5: warning: Added loop label VITIS_LOOP_676_1:   [xilinx-label-all-loops]
    for (unsigned i = low; i != high; ++i) {
    ^~~
    VITIS_LOOP_676_1: 
/home/pferreira/HwSw/HLS/mixed_conv_w2a8/solution1/.autopilot/db/mixed_conv.pp.0.cpp:2294:5: note: FIX-IT applied suggested code changes
/home/pferreira/HwSw/HLS/mixed_conv_w2a8/solution1/.autopilot/db/mixed_conv.pp.0.cpp:2308:5: warning: Added loop label VITIS_LOOP_690_1:   [xilinx-label-all-loops]
    for (unsigned i = low; i != high; ++i) {
    ^~~
    VITIS_LOOP_690_1: 
/home/pferreira/HwSw/HLS/mixed_conv_w2a8/solution1/.autopilot/db/mixed_conv.pp.0.cpp:2308:5: note: FIX-IT applied suggested code changes
/home/pferreira/HwSw/HLS/mixed_conv_w2a8/solution1/.autopilot/db/mixed_conv.pp.0.cpp:2322:5: warning: Added loop label VITIS_LOOP_704_1:   [xilinx-label-all-loops]
    for (unsigned i = low; i != high; ++i) {
    ^~~
    VITIS_LOOP_704_1: 
/home/pferreira/HwSw/HLS/mixed_conv_w2a8/solution1/.autopilot/db/mixed_conv.pp.0.cpp:2322:5: note: FIX-IT applied suggested code changes
/home/pferreira/HwSw/HLS/mixed_conv_w2a8/solution1/.autopilot/db/mixed_conv.pp.0.cpp:3933:7: warning: Added loop label VITIS_LOOP_1245_1:   [xilinx-label-all-loops]
      for (i = 0; i < __N - 1; ++i) {
      ^~~
      VITIS_LOOP_1245_1: 
/home/pferreira/HwSw/HLS/mixed_conv_w2a8/solution1/.autopilot/db/mixed_conv.pp.0.cpp:3933:7: note: FIX-IT applied suggested code changes
/home/pferreira/HwSw/HLS/mixed_conv_w2a8/solution1/.autopilot/db/mixed_conv.pp.0.cpp:6719:3: warning: Added loop label VITIS_LOOP_240_1:   [xilinx-label-all-loops]
  for(int j = 0; j < (128/8); j++) {
  ^~~
  VITIS_LOOP_240_1: 
/home/pferreira/HwSw/HLS/mixed_conv_w2a8/solution1/.autopilot/db/mixed_conv.pp.0.cpp:6719:3: note: FIX-IT applied suggested code changes
/home/pferreira/HwSw/HLS/mixed_conv_w2a8/solution1/.autopilot/db/mixed_conv.pp.0.cpp:6817:2: warning: Added loop label VITIS_LOOP_330_1:   [xilinx-label-all-loops]
 for(unsigned int i = 0; i < 4 +1; i++) {
 ^~~
 VITIS_LOOP_330_1: 
/home/pferreira/HwSw/HLS/mixed_conv_w2a8/solution1/.autopilot/db/mixed_conv.pp.0.cpp:6817:2: note: FIX-IT applied suggested code changes
/home/pferreira/HwSw/HLS/mixed_conv_w2a8/solution1/.autopilot/db/mixed_conv.pp.0.cpp:6823:2: warning: Added loop label VITIS_LOOP_336_2:   [xilinx-label-all-loops]
 while(lineMask < 4 +1) {
 ^~~~~
 VITIS_LOOP_336_2: 
/home/pferreira/HwSw/HLS/mixed_conv_w2a8/solution1/.autopilot/db/mixed_conv.pp.0.cpp:6823:2: note: FIX-IT applied suggested code changes
