Thu Apr 18 02:52:22 2024: Running xcd server. This server was built by gradle.
Thu Apr 18 02:52:22 2024: Server was asked to start on port: '40797'
Thu Apr 18 02:52:22 2024: Server is using token UUID: 'c3ea20f2-8628-4930-a8e9-47b1d7787100'
Thu Apr 18 02:52:22 2024: SESSION_MGR: creating session with session uuid: '6d04a3e9-ade5-4ab9-8d63-1f78fcd2ec76' and name 'default'
Thu Apr 18 02:52:22 2024: Attempting to start server on port '40797'
Thu Apr 18 02:52:22 2024: XCD main fifo: created main fifo '/tmp/xcdmainc3ea20f2-8628-4930-a8e9-47b1d7787100', fd read = 13
Thu Apr 18 02:52:22 2024: Running Dispatch Server
Thu Apr 18 02:52:22 2024: Version 2.2.0
Thu Apr 18 02:52:31 2024: Dispatch Server: Accepted socket connection from client
Thu Apr 18 02:52:31 2024: Starting Socket connection
Thu Apr 18 02:52:31 2024: EXCHANGE_TOKEN received, server token: c3ea20f2-8628-4930-a8e9-47b1d7787100, passed token: c3ea20f2-8628-4930-a8e9-47b1d7787100
Thu Apr 18 02:52:31 2024: SESSION_MGR: creating session with session uuid: '22bfeaf0-c8e7-4e63-b192-baf87aff1e45' and name 'vitis_hls'
Thu Apr 18 02:52:31 2024: KERNEL_SVC: creating session with uuid: '22bfeaf0-c8e7-4e63-b192-baf87aff1e45' and name 'vitis_hls'
Thu Apr 18 02:52:31 2024: GUIDANCE_SMGR: creating guidance session with uuid: '22bfeaf0-c8e7-4e63-b192-baf87aff1e45' and name 'vitis_hls'
Thu Apr 18 02:53:30 2024: STOP_SERVER received, server token: c3ea20f2-8628-4930-a8e9-47b1d7787100, passed token: c3ea20f2-8628-4930-a8e9-47b1d7787100
Thu Apr 18 02:53:30 2024: Socket received request to stop server.
Thu Apr 18 02:53:30 2024: Dispatch Server: do_await_stop
Thu Apr 18 02:53:30 2024: Dispatch Server: stopping mainFifo_
Thu Apr 18 02:53:30 2024: XCD main fifo: Stopping
Thu Apr 18 02:53:30 2024: XCD main fifo: do_read error code: Operation canceled
Thu Apr 18 02:53:30 2024: XCD main fifo: bytes_transferred: 0
Thu Apr 18 02:53:30 2024: SERVER: destructor for server bound to port 40797
Thu Apr 18 02:53:30 2024: XCD main fifo: Good unlink of /tmp/xcdmainc3ea20f2-8628-4930-a8e9-47b1d7787100
Thu Apr 18 02:53:30 2024: Server exiting with status 0.
Thu Apr 18 02:53:30 2024: Closing log file.
Thu Apr 18 02:55:58 2024: Running xcd server. This server was built by gradle.
Thu Apr 18 02:55:58 2024: Server was asked to start on port: '44793'
Thu Apr 18 02:55:58 2024: Server is using token UUID: 'ccf8d094-adb1-4a16-804d-5de026606770'
Thu Apr 18 02:55:58 2024: SESSION_MGR: creating session with session uuid: '6d04a3e9-ade5-4ab9-8d63-1f78fcd2ec76' and name 'default'
Thu Apr 18 02:55:58 2024: Attempting to start server on port '44793'
Thu Apr 18 02:55:58 2024: XCD main fifo: created main fifo '/tmp/xcdmainccf8d094-adb1-4a16-804d-5de026606770', fd read = 13
Thu Apr 18 02:55:58 2024: Running Dispatch Server
Thu Apr 18 02:55:58 2024: Version 2.2.0
Thu Apr 18 02:56:08 2024: Dispatch Server: Accepted socket connection from client
Thu Apr 18 02:56:08 2024: Starting Socket connection
Thu Apr 18 02:56:08 2024: EXCHANGE_TOKEN received, server token: ccf8d094-adb1-4a16-804d-5de026606770, passed token: ccf8d094-adb1-4a16-804d-5de026606770
Thu Apr 18 02:56:08 2024: SESSION_MGR: creating session with session uuid: '3e5a0a3e-8ce0-477b-825d-6a43081451d0' and name 'vitis_hls'
Thu Apr 18 02:56:08 2024: KERNEL_SVC: creating session with uuid: '3e5a0a3e-8ce0-477b-825d-6a43081451d0' and name 'vitis_hls'
Thu Apr 18 02:56:08 2024: GUIDANCE_SMGR: creating guidance session with uuid: '3e5a0a3e-8ce0-477b-825d-6a43081451d0' and name 'vitis_hls'
Thu Apr 18 02:56:24 2024: STOP_SERVER received, server token: ccf8d094-adb1-4a16-804d-5de026606770, passed token: ccf8d094-adb1-4a16-804d-5de026606770
Thu Apr 18 02:56:24 2024: Socket received request to stop server.
Thu Apr 18 02:56:24 2024: Dispatch Server: do_await_stop
Thu Apr 18 02:56:24 2024: Dispatch Server: stopping mainFifo_
Thu Apr 18 02:56:24 2024: XCD main fifo: Stopping
Thu Apr 18 02:56:24 2024: XCD main fifo: do_read error code: Operation canceled
Thu Apr 18 02:56:24 2024: XCD main fifo: bytes_transferred: 0
Thu Apr 18 02:56:24 2024: SERVER: destructor for server bound to port 44793
Thu Apr 18 02:56:24 2024: XCD main fifo: Good unlink of /tmp/xcdmainccf8d094-adb1-4a16-804d-5de026606770
Thu Apr 18 02:56:24 2024: Server exiting with status 0.
Thu Apr 18 02:56:24 2024: Closing log file.
