Copyright 1986-2022 Xilinx, Inc. All Rights Reserved.
-------------------------------------------------------------------------------------------------------------------------
| Tool Version : Vivado v.2022.2 (lin64) Build 3671981 Fri Oct 14 04:59:54 MDT 2022
| Date         : Thu Apr 18 03:19:22 2024
| Host         : brutus running 64-bit Ubuntu 20.04.5 LTS
| Command      : report_utilization -file system_wrapper_utilization_placed.rpt -pb system_wrapper_utilization_placed.pb
| Design       : system_wrapper
| Device       : xczu7ev-ffvc1156-2-e
| Speed File   : -2
| Design State : Fully Placed
-------------------------------------------------------------------------------------------------------------------------

Utilization Design Information

Table of Contents
-----------------
1. CLB Logic
1.1 Summary of Registers by Type
2. CLB Logic Distribution
3. BLOCKRAM
4. ARITHMETIC
5. I/O
6. CLOCK
7. ADVANCED
8. CONFIGURATION
9. Primitives
10. Black Boxes
11. Instantiated Netlists

1. CLB Logic
------------

+----------------------------+-------+-------+------------+-----------+-------+
|          Site Type         |  Used | Fixed | Prohibited | Available | Util% |
+----------------------------+-------+-------+------------+-----------+-------+
| CLB LUTs                   | 44760 |     0 |          0 |    230400 | 19.43 |
|   LUT as Logic             | 40810 |     0 |          0 |    230400 | 17.71 |
|   LUT as Memory            |  3950 |     0 |          0 |    101760 |  3.88 |
|     LUT as Distributed RAM |  1384 |     0 |            |           |       |
|     LUT as Shift Register  |  2566 |     0 |            |           |       |
| CLB Registers              | 28480 |     0 |          0 |    460800 |  6.18 |
|   Register as Flip Flop    | 28480 |     0 |          0 |    460800 |  6.18 |
|   Register as Latch        |     0 |     0 |          0 |    460800 |  0.00 |
| CARRY8                     |  3056 |     0 |          0 |     28800 | 10.61 |
| F7 Muxes                   |    43 |     0 |          0 |    115200 |  0.04 |
| F8 Muxes                   |    19 |     0 |          0 |     57600 |  0.03 |
| F9 Muxes                   |     0 |     0 |          0 |     28800 |  0.00 |
+----------------------------+-------+-------+------------+-----------+-------+
* Warning! LUT value is adjusted to account for LUT combining.


1.1 Summary of Registers by Type
--------------------------------

+-------+--------------+-------------+--------------+
| Total | Clock Enable | Synchronous | Asynchronous |
+-------+--------------+-------------+--------------+
| 0     |            _ |           - |            - |
| 0     |            _ |           - |          Set |
| 0     |            _ |           - |        Reset |
| 0     |            _ |         Set |            - |
| 0     |            _ |       Reset |            - |
| 0     |          Yes |           - |            - |
| 33    |          Yes |           - |          Set |
| 171   |          Yes |           - |        Reset |
| 764   |          Yes |         Set |            - |
| 27512 |          Yes |       Reset |            - |
+-------+--------------+-------------+--------------+


2. CLB Logic Distribution
-------------------------

+--------------------------------------------+-------+-------+------------+-----------+-------+
|                  Site Type                 |  Used | Fixed | Prohibited | Available | Util% |
+--------------------------------------------+-------+-------+------------+-----------+-------+
| CLB                                        |  8815 |     0 |          0 |     28800 | 30.61 |
|   CLBL                                     |  4233 |     0 |            |           |       |
|   CLBM                                     |  4582 |     0 |            |           |       |
| LUT as Logic                               | 40810 |     0 |          0 |    230400 | 17.71 |
|   using O5 output only                     |   527 |       |            |           |       |
|   using O6 output only                     | 27265 |       |            |           |       |
|   using O5 and O6                          | 13018 |       |            |           |       |
| LUT as Memory                              |  3950 |     0 |          0 |    101760 |  3.88 |
|   LUT as Distributed RAM                   |  1384 |     0 |            |           |       |
|     using O5 output only                   |     0 |       |            |           |       |
|     using O6 output only                   |     8 |       |            |           |       |
|     using O5 and O6                        |  1376 |       |            |           |       |
|   LUT as Shift Register                    |  2566 |     0 |            |           |       |
|     using O5 output only                   |     4 |       |            |           |       |
|     using O6 output only                   |  2282 |       |            |           |       |
|     using O5 and O6                        |   280 |       |            |           |       |
| CLB Registers                              | 28480 |     0 |          0 |    460800 |  6.18 |
|   Register driven from within the CLB      | 16399 |       |            |           |       |
|   Register driven from outside the CLB     | 12081 |       |            |           |       |
|     LUT in front of the register is unused |  7848 |       |            |           |       |
|     LUT in front of the register is used   |  4233 |       |            |           |       |
| Unique Control Sets                        |   986 |       |          0 |     57600 |  1.71 |
+--------------------------------------------+-------+-------+------------+-----------+-------+
* * Note: Available Control Sets calculated as Slices * 2, Review the Control Sets Report for more information regarding control sets.


3. BLOCKRAM
-----------

+-------------------+------+-------+------------+-----------+-------+
|     Site Type     | Used | Fixed | Prohibited | Available | Util% |
+-------------------+------+-------+------------+-----------+-------+
| Block RAM Tile    |  298 |     0 |          0 |       312 | 95.51 |
|   RAMB36/FIFO*    |  296 |     0 |          0 |       312 | 94.87 |
|     RAMB36E2 only |  296 |       |            |           |       |
|   RAMB18          |    4 |     0 |          0 |       624 |  0.64 |
|     RAMB18E2 only |    4 |       |            |           |       |
| URAM              |    4 |     0 |          0 |        96 |  4.17 |
+-------------------+------+-------+------------+-----------+-------+
* Note: Each Block RAM Tile only has one FIFO logic available and therefore can accommodate only one FIFO36E2 or one FIFO18E2. However, if a FIFO18E2 occupies a Block RAM Tile, that tile can still accommodate a RAMB18E2


4. ARITHMETIC
-------------

+----------------+------+-------+------------+-----------+-------+
|    Site Type   | Used | Fixed | Prohibited | Available | Util% |
+----------------+------+-------+------------+-----------+-------+
| DSPs           |  620 |     0 |          0 |      1728 | 35.88 |
|   DSP48E2 only |  620 |       |            |           |       |
+----------------+------+-------+------------+-----------+-------+


5. I/O
------

+------------------+------+-------+------------+-----------+-------+
|     Site Type    | Used | Fixed | Prohibited | Available | Util% |
+------------------+------+-------+------------+-----------+-------+
| Bonded IOB       |    0 |     0 |          0 |       360 |  0.00 |
| HPIOB_M          |    0 |     0 |          0 |       144 |  0.00 |
| HPIOB_S          |    0 |     0 |          0 |       144 |  0.00 |
| HDIOB_M          |    0 |     0 |          0 |        24 |  0.00 |
| HDIOB_S          |    0 |     0 |          0 |        24 |  0.00 |
| HPIOB_SNGL       |    0 |     0 |          0 |        24 |  0.00 |
| HPIOBDIFFINBUF   |    0 |     0 |          0 |       192 |  0.00 |
| HPIOBDIFFOUTBUF  |    0 |     0 |          0 |       192 |  0.00 |
| HDIOBDIFFINBUF   |    0 |     0 |          0 |        48 |  0.00 |
| BITSLICE_CONTROL |    0 |     0 |          0 |        64 |  0.00 |
| BITSLICE_RX_TX   |    0 |     0 |          0 |      2496 |  0.00 |
| BITSLICE_TX      |    0 |     0 |          0 |        64 |  0.00 |
| RIU_OR           |    0 |     0 |          0 |        32 |  0.00 |
+------------------+------+-------+------------+-----------+-------+


6. CLOCK
--------

+----------------------+------+-------+------------+-----------+-------+
|       Site Type      | Used | Fixed | Prohibited | Available | Util% |
+----------------------+------+-------+------------+-----------+-------+
| GLOBAL CLOCK BUFFERs |    2 |     0 |          0 |       544 |  0.37 |
|   BUFGCE             |    1 |     0 |          0 |       208 |  0.48 |
|   BUFGCE_DIV         |    0 |     0 |          0 |        32 |  0.00 |
|   BUFG_GT            |    0 |     0 |          0 |       144 |  0.00 |
|   BUFG_PS            |    1 |     0 |          0 |        96 |  1.04 |
|   BUFGCTRL*          |    0 |     0 |          0 |        64 |  0.00 |
| PLL                  |    0 |     0 |          0 |        16 |  0.00 |
| MMCM                 |    0 |     0 |          0 |         8 |  0.00 |
+----------------------+------+-------+------------+-----------+-------+
* Note: Each used BUFGCTRL counts as two GLOBAL CLOCK BUFFERs. This table does not include global clocking resources, only buffer cell usage. See the Clock Utilization Report (report_clock_utilization) for detailed accounting of global clocking resource availability.


7. ADVANCED
-----------

+-----------------+------+-------+------------+-----------+--------+
|    Site Type    | Used | Fixed | Prohibited | Available |  Util% |
+-----------------+------+-------+------------+-----------+--------+
| GTHE4_CHANNEL   |    0 |     0 |          0 |        20 |   0.00 |
| GTHE4_COMMON    |    0 |     0 |          0 |         5 |   0.00 |
| OBUFDS_GTE4     |    0 |     0 |          0 |        10 |   0.00 |
| OBUFDS_GTE4_ADV |    0 |     0 |          0 |        10 |   0.00 |
| PCIE40E4        |    0 |     0 |          0 |         2 |   0.00 |
| PS8             |    1 |     0 |          0 |         1 | 100.00 |
| SYSMONE4        |    0 |     0 |          0 |         1 |   0.00 |
| VCU             |    0 |     0 |          0 |         1 |   0.00 |
+-----------------+------+-------+------------+-----------+--------+


8. CONFIGURATION
----------------

+-------------+------+-------+------------+-----------+-------+
|  Site Type  | Used | Fixed | Prohibited | Available | Util% |
+-------------+------+-------+------------+-----------+-------+
| BSCANE2     |    0 |     0 |          0 |         4 |  0.00 |
| DNA_PORTE2  |    0 |     0 |          0 |         1 |  0.00 |
| EFUSE_USR   |    0 |     0 |          0 |         1 |  0.00 |
| FRAME_ECCE4 |    0 |     0 |          0 |         1 |  0.00 |
| ICAPE3      |    0 |     0 |          0 |         2 |  0.00 |
| MASTER_JTAG |    0 |     0 |          0 |         1 |  0.00 |
| STARTUPE3   |    0 |     0 |          0 |         1 |  0.00 |
+-------------+------+-------+------------+-----------+-------+


9. Primitives
-------------

+----------+-------+---------------------+
| Ref Name |  Used | Functional Category |
+----------+-------+---------------------+
| FDRE     | 27512 |            Register |
| LUT6     | 14163 |                 CLB |
| LUT2     | 11633 |                 CLB |
| LUT3     | 10947 |                 CLB |
| LUT5     |  8776 |                 CLB |
| LUT4     |  6928 |                 CLB |
| CARRY8   |  3056 |                 CLB |
| SRL16E   |  2809 |                 CLB |
| RAMD32   |  2190 |                 CLB |
| LUT1     |  1381 |                 CLB |
| FDSE     |   764 |            Register |
| DSP48E2  |   620 |          Arithmetic |
| RAMS32   |   570 |                 CLB |
| RAMB36E2 |   296 |            BLOCKRAM |
| FDCE     |   171 |            Register |
| MUXF7    |    43 |                 CLB |
| SRLC32E  |    37 |                 CLB |
| FDPE     |    33 |            Register |
| MUXF8    |    19 |                 CLB |
| URAM288  |     4 |            BLOCKRAM |
| RAMB18E2 |     4 |            BLOCKRAM |
| PS8      |     1 |            Advanced |
| BUFG_PS  |     1 |               Clock |
| BUFGCE   |     1 |               Clock |
+----------+-------+---------------------+


10. Black Boxes
---------------

+----------+------+
| Ref Name | Used |
+----------+------+


11. Instantiated Netlists
-------------------------

+----------------------------+------+
|          Ref Name          | Used |
+----------------------------+------+
| system_zynq_ultra_ps_e_0_0 |    1 |
| system_xbar_0              |    1 |
| system_smartconnect_0_1    |    1 |
| system_smartconnect_0_0    |    1 |
| system_rst_ps8_0_100M_0    |    1 |
| system_conv_w2_0_0         |    1 |
| system_conv_0_1            |    1 |
| system_axi_dma_w2_0        |    1 |
| system_axi_dma_0_0         |    1 |
| system_auto_pc_0           |    1 |
| system_auto_ds_0           |    1 |
+----------------------------+------+


