

================================================================
== Vitis HLS Report for 'conv_w2'
================================================================
* Date:           Thu Apr 18 02:53:23 2024

* Version:        2022.2 (Build 3670227 on Oct 13 2022)
* Project:        mixed_conv_w2a8
* Solution:       solution1 (Vivado IP Flow Target)
* Product family: zynquplus
* Target device:  xczu7ev-ffvc1156-2-e


================================================================
== Performance Estimates
================================================================
+ Timing: 
    * Summary: 
    +--------+----------+----------+------------+
    |  Clock |  Target  | Estimated| Uncertainty|
    +--------+----------+----------+------------+
    |ap_clk  |  10.00 ns|  9.990 ns|        0 ns|
    +--------+----------+----------+------------+

+ Latency: 
    * Summary: 
    +---------+---------+----------+----------+-----+-----+---------+
    |  Latency (cycles) |  Latency (absolute) |  Interval | Pipeline|
    |   min   |   max   |    min   |    max   | min | max |   Type  |
    +---------+---------+----------+----------+-----+-----+---------+
    |        ?|        ?|         ?|         ?|    ?|    ?|       no|
    +---------+---------+----------+----------+-----+-----+---------+

    + Detail: 
        * Instance: 
        +-------------------------------------------------------------------------+--------------------------------------------------------------+---------+---------+-----------+-----------+-------+-------+---------+
        |                                                                         |                                                              |  Latency (cycles) |   Latency (absolute)  |    Interval   | Pipeline|
        |                                 Instance                                |                            Module                            |   min   |   max   |    min    |    max    |  min  |  max  |   Type  |
        +-------------------------------------------------------------------------+--------------------------------------------------------------+---------+---------+-----------+-----------+-------+-------+---------+
        |grp_conv_w2_Pipeline_VITIS_LOOP_330_1_fu_594                             |conv_w2_Pipeline_VITIS_LOOP_330_1                             |        7|        7|  70.000 ns|  70.000 ns|      7|      7|       no|
        |grp_conv_w2_Pipeline_ReadBiasStreamsLOOP_VITIS_LOOP_240_1_fu_604         |conv_w2_Pipeline_ReadBiasStreamsLOOP_VITIS_LOOP_240_1         |        ?|        ?|          ?|          ?|      ?|      ?|       no|
        |grp_conv_w2_Pipeline_ReadWeightStreamsLOOP_fu_634                        |conv_w2_Pipeline_ReadWeightStreamsLOOP                        |        ?|        ?|          ?|          ?|      ?|      ?|       no|
        |grp_conv_w2_Pipeline_ReadActivationsLOOP_fu_713                          |conv_w2_Pipeline_ReadActivationsLOOP                          |        ?|        ?|          ?|          ?|      ?|      ?|       no|
        |grp_conv_w2_Pipeline_OutYLOOP_FilterLOOP_KernelXLOOP_ChannelLOOP_fu_740  |conv_w2_Pipeline_OutYLOOP_FilterLOOP_KernelXLOOP_ChannelLOOP  |    36021|    36021|   0.360 ms|   0.360 ms|  36021|  36021|       no|
        +-------------------------------------------------------------------------+--------------------------------------------------------------+---------+---------+-----------+-----------+-------+-------+---------+

        * Loop: 
        N/A



================================================================
== Utilization Estimates
================================================================
* Summary: 
+-----------------+---------+------+--------+--------+-----+
|       Name      | BRAM_18K|  DSP |   FF   |   LUT  | URAM|
+-----------------+---------+------+--------+--------+-----+
|DSP              |        -|     1|       -|       -|    -|
|Expression       |        -|     -|       0|    1793|    -|
|FIFO             |        -|     -|       -|       -|    -|
|Instance         |        0|   309|   29183|   48263|    0|
|Memory           |      536|     -|     128|      64|    0|
|Multiplexer      |        -|     -|       -|    3234|    -|
|Register         |        -|     -|     991|       -|    -|
+-----------------+---------+------+--------+--------+-----+
|Total            |      536|   310|   30302|   53354|    0|
+-----------------+---------+------+--------+--------+-----+
|Available        |      624|  1728|  460800|  230400|   96|
+-----------------+---------+------+--------+--------+-----+
|Utilization (%)  |       85|    17|       6|      23|    0|
+-----------------+---------+------+--------+--------+-----+

+ Detail: 
    * Instance: 
    +-------------------------------------------------------------------------+--------------------------------------------------------------+---------+-----+-------+-------+-----+
    |                                 Instance                                |                            Module                            | BRAM_18K| DSP |   FF  |  LUT  | URAM|
    +-------------------------------------------------------------------------+--------------------------------------------------------------+---------+-----+-------+-------+-----+
    |BUS1_s_axi_U                                                             |BUS1_s_axi                                                    |        0|    0|    226|    360|    0|
    |grp_conv_w2_Pipeline_OutYLOOP_FilterLOOP_KernelXLOOP_ChannelLOOP_fu_740  |conv_w2_Pipeline_OutYLOOP_FilterLOOP_KernelXLOOP_ChannelLOOP  |        0|  296|  27084|  40789|    0|
    |grp_conv_w2_Pipeline_ReadActivationsLOOP_fu_713                          |conv_w2_Pipeline_ReadActivationsLOOP                          |        0|    0|    198|    663|    0|
    |grp_conv_w2_Pipeline_ReadBiasStreamsLOOP_VITIS_LOOP_240_1_fu_604         |conv_w2_Pipeline_ReadBiasStreamsLOOP_VITIS_LOOP_240_1         |        0|    0|    438|   1575|    0|
    |grp_conv_w2_Pipeline_ReadWeightStreamsLOOP_fu_634                        |conv_w2_Pipeline_ReadWeightStreamsLOOP                        |        0|    0|    227|   4060|    0|
    |grp_conv_w2_Pipeline_VITIS_LOOP_330_1_fu_594                             |conv_w2_Pipeline_VITIS_LOOP_330_1                             |        0|    0|    198|     95|    0|
    |mul_10ns_34ns_44_1_1_U864                                                |mul_10ns_34ns_44_1_1                                          |        0|    1|      0|     22|    0|
    |mul_10ns_44ns_54_1_1_U866                                                |mul_10ns_44ns_54_1_1                                          |        0|    1|      0|     16|    0|
    |mul_10ns_54ns_64_1_1_U867                                                |mul_10ns_54ns_64_1_1                                          |        0|    2|      0|     25|    0|
    |mul_30s_32s_32_1_1_U857                                                  |mul_30s_32s_32_1_1                                            |        0|    3|      0|     20|    0|
    |mul_30s_3ns_32_1_1_U860                                                  |mul_30s_3ns_32_1_1                                            |        0|    0|      0|     25|    0|
    |mul_32ns_2ns_34_1_1_U865                                                 |mul_32ns_2ns_34_1_1                                           |        0|    0|      0|     20|    0|
    |mul_32s_32s_32_1_1_U859                                                  |mul_32s_32s_32_1_1                                            |        0|    3|      0|     20|    0|
    |mul_32s_32s_32_1_1_U861                                                  |mul_32s_32s_32_1_1                                            |        0|    3|      0|     20|    0|
    |mul_3ns_28ns_31_1_1_U862                                                 |mul_3ns_28ns_31_1_1                                           |        0|    0|      0|     35|    0|
    |mul_3ns_31ns_34_1_1_U863                                                 |mul_3ns_31ns_34_1_1                                           |        0|    0|      0|     20|    0|
    |mul_3ns_3ns_6_1_1_U858                                                   |mul_3ns_3ns_6_1_1                                             |        0|    0|      0|      8|    0|
    |sdiv_33ns_3ns_10_37_seq_1_U855                                           |sdiv_33ns_3ns_10_37_seq_1                                     |        0|    0|    406|    245|    0|
    |sdiv_33ns_3ns_10_37_seq_1_U856                                           |sdiv_33ns_3ns_10_37_seq_1                                     |        0|    0|    406|    245|    0|
    +-------------------------------------------------------------------------+--------------------------------------------------------------+---------+-----+-------+-------+-----+
    |Total                                                                    |                                                              |        0|  309|  29183|  48263|    0|
    +-------------------------------------------------------------------------+--------------------------------------------------------------+---------+-----+-------+-------+-----+

    * DSP: 
    +-----------------------------+------------------------+-----------+
    |           Instance          |         Module         | Expression|
    +-----------------------------+------------------------+-----------+
    |mul_mul_6ns_28s_32_4_1_U868  |mul_mul_6ns_28s_32_4_1  |    i0 * i1|
    +-----------------------------+------------------------+-----------+

    * Memory: 
    +---------------+--------------------------+---------+---+----+-----+------+-----+------+-------------+
    |     Memory    |          Module          | BRAM_18K| FF| LUT| URAM| Words| Bits| Banks| W*Bits*Banks|
    +---------------+--------------------------+---------+---+----+-----+------+-----+------+-------------+
    |bias_V_U       |bias_V_RAM_AUTO_1R1W      |        0|  8|   4|    0|    32|    8|     1|          256|
    |bias_V_1_U     |bias_V_RAM_AUTO_1R1W      |        0|  8|   4|    0|    32|    8|     1|          256|
    |bias_V_2_U     |bias_V_RAM_AUTO_1R1W      |        0|  8|   4|    0|    32|    8|     1|          256|
    |bias_V_3_U     |bias_V_RAM_AUTO_1R1W      |        0|  8|   4|    0|    32|    8|     1|          256|
    |bias_V_4_U     |bias_V_RAM_AUTO_1R1W      |        0|  8|   4|    0|    32|    8|     1|          256|
    |bias_V_5_U     |bias_V_RAM_AUTO_1R1W      |        0|  8|   4|    0|    32|    8|     1|          256|
    |bias_V_6_U     |bias_V_RAM_AUTO_1R1W      |        0|  8|   4|    0|    32|    8|     1|          256|
    |bias_V_7_U     |bias_V_RAM_AUTO_1R1W      |        0|  8|   4|    0|    32|    8|     1|          256|
    |bias_V_8_U     |bias_V_RAM_AUTO_1R1W      |        0|  8|   4|    0|    32|    8|     1|          256|
    |bias_V_9_U     |bias_V_RAM_AUTO_1R1W      |        0|  8|   4|    0|    32|    8|     1|          256|
    |bias_V_10_U    |bias_V_RAM_AUTO_1R1W      |        0|  8|   4|    0|    32|    8|     1|          256|
    |bias_V_11_U    |bias_V_RAM_AUTO_1R1W      |        0|  8|   4|    0|    32|    8|     1|          256|
    |bias_V_12_U    |bias_V_RAM_AUTO_1R1W      |        0|  8|   4|    0|    32|    8|     1|          256|
    |bias_V_13_U    |bias_V_RAM_AUTO_1R1W      |        0|  8|   4|    0|    32|    8|     1|          256|
    |bias_V_14_U    |bias_V_RAM_AUTO_1R1W      |        0|  8|   4|    0|    32|    8|     1|          256|
    |bias_V_15_U    |bias_V_RAM_AUTO_1R1W      |        0|  8|   4|    0|    32|    8|     1|          256|
    |filter_V_U     |filter_V_RAM_AUTO_1R1W    |        8|  0|   0|    0|  2304|   32|     1|        73728|
    |filter_V_1_U   |filter_V_RAM_AUTO_1R1W    |        8|  0|   0|    0|  2304|   32|     1|        73728|
    |filter_V_2_U   |filter_V_RAM_AUTO_1R1W    |        8|  0|   0|    0|  2304|   32|     1|        73728|
    |filter_V_3_U   |filter_V_RAM_AUTO_1R1W    |        8|  0|   0|    0|  2304|   32|     1|        73728|
    |filter_V_4_U   |filter_V_RAM_AUTO_1R1W    |        8|  0|   0|    0|  2304|   32|     1|        73728|
    |filter_V_5_U   |filter_V_RAM_AUTO_1R1W    |        8|  0|   0|    0|  2304|   32|     1|        73728|
    |filter_V_6_U   |filter_V_RAM_AUTO_1R1W    |        8|  0|   0|    0|  2304|   32|     1|        73728|
    |filter_V_7_U   |filter_V_RAM_AUTO_1R1W    |        8|  0|   0|    0|  2304|   32|     1|        73728|
    |filter_V_8_U   |filter_V_RAM_AUTO_1R1W    |        8|  0|   0|    0|  2304|   32|     1|        73728|
    |filter_V_9_U   |filter_V_RAM_AUTO_1R1W    |        8|  0|   0|    0|  2304|   32|     1|        73728|
    |filter_V_10_U  |filter_V_RAM_AUTO_1R1W    |        8|  0|   0|    0|  2304|   32|     1|        73728|
    |filter_V_11_U  |filter_V_RAM_AUTO_1R1W    |        8|  0|   0|    0|  2304|   32|     1|        73728|
    |filter_V_12_U  |filter_V_RAM_AUTO_1R1W    |        8|  0|   0|    0|  2304|   32|     1|        73728|
    |filter_V_13_U  |filter_V_RAM_AUTO_1R1W    |        8|  0|   0|    0|  2304|   32|     1|        73728|
    |filter_V_14_U  |filter_V_RAM_AUTO_1R1W    |        8|  0|   0|    0|  2304|   32|     1|        73728|
    |filter_V_15_U  |filter_V_RAM_AUTO_1R1W    |        8|  0|   0|    0|  2304|   32|     1|        73728|
    |filter_V_16_U  |filter_V_RAM_AUTO_1R1W    |        8|  0|   0|    0|  2304|   32|     1|        73728|
    |filter_V_17_U  |filter_V_RAM_AUTO_1R1W    |        8|  0|   0|    0|  2304|   32|     1|        73728|
    |filter_V_18_U  |filter_V_RAM_AUTO_1R1W    |        8|  0|   0|    0|  2304|   32|     1|        73728|
    |filter_V_19_U  |filter_V_RAM_AUTO_1R1W    |        8|  0|   0|    0|  2304|   32|     1|        73728|
    |filter_V_20_U  |filter_V_RAM_AUTO_1R1W    |        8|  0|   0|    0|  2304|   32|     1|        73728|
    |filter_V_21_U  |filter_V_RAM_AUTO_1R1W    |        8|  0|   0|    0|  2304|   32|     1|        73728|
    |filter_V_22_U  |filter_V_RAM_AUTO_1R1W    |        8|  0|   0|    0|  2304|   32|     1|        73728|
    |filter_V_23_U  |filter_V_RAM_AUTO_1R1W    |        8|  0|   0|    0|  2304|   32|     1|        73728|
    |filter_V_24_U  |filter_V_RAM_AUTO_1R1W    |        8|  0|   0|    0|  2304|   32|     1|        73728|
    |filter_V_25_U  |filter_V_RAM_AUTO_1R1W    |        8|  0|   0|    0|  2304|   32|     1|        73728|
    |filter_V_26_U  |filter_V_RAM_AUTO_1R1W    |        8|  0|   0|    0|  2304|   32|     1|        73728|
    |filter_V_27_U  |filter_V_RAM_AUTO_1R1W    |        8|  0|   0|    0|  2304|   32|     1|        73728|
    |filter_V_28_U  |filter_V_RAM_AUTO_1R1W    |        8|  0|   0|    0|  2304|   32|     1|        73728|
    |filter_V_29_U  |filter_V_RAM_AUTO_1R1W    |        8|  0|   0|    0|  2304|   32|     1|        73728|
    |filter_V_30_U  |filter_V_RAM_AUTO_1R1W    |        8|  0|   0|    0|  2304|   32|     1|        73728|
    |filter_V_31_U  |filter_V_RAM_AUTO_1R1W    |        8|  0|   0|    0|  2304|   32|     1|        73728|
    |filter_V_32_U  |filter_V_RAM_AUTO_1R1W    |        8|  0|   0|    0|  2304|   32|     1|        73728|
    |filter_V_33_U  |filter_V_RAM_AUTO_1R1W    |        8|  0|   0|    0|  2304|   32|     1|        73728|
    |filter_V_34_U  |filter_V_RAM_AUTO_1R1W    |        8|  0|   0|    0|  2304|   32|     1|        73728|
    |filter_V_35_U  |filter_V_RAM_AUTO_1R1W    |        8|  0|   0|    0|  2304|   32|     1|        73728|
    |filter_V_36_U  |filter_V_RAM_AUTO_1R1W    |        8|  0|   0|    0|  2304|   32|     1|        73728|
    |filter_V_37_U  |filter_V_RAM_AUTO_1R1W    |        8|  0|   0|    0|  2304|   32|     1|        73728|
    |filter_V_38_U  |filter_V_RAM_AUTO_1R1W    |        8|  0|   0|    0|  2304|   32|     1|        73728|
    |filter_V_39_U  |filter_V_RAM_AUTO_1R1W    |        8|  0|   0|    0|  2304|   32|     1|        73728|
    |filter_V_40_U  |filter_V_RAM_AUTO_1R1W    |        8|  0|   0|    0|  2304|   32|     1|        73728|
    |filter_V_41_U  |filter_V_RAM_AUTO_1R1W    |        8|  0|   0|    0|  2304|   32|     1|        73728|
    |filter_V_42_U  |filter_V_RAM_AUTO_1R1W    |        8|  0|   0|    0|  2304|   32|     1|        73728|
    |filter_V_43_U  |filter_V_RAM_AUTO_1R1W    |        8|  0|   0|    0|  2304|   32|     1|        73728|
    |filter_V_44_U  |filter_V_RAM_AUTO_1R1W    |        8|  0|   0|    0|  2304|   32|     1|        73728|
    |filter_V_45_U  |filter_V_RAM_AUTO_1R1W    |        8|  0|   0|    0|  2304|   32|     1|        73728|
    |filter_V_46_U  |filter_V_RAM_AUTO_1R1W    |        8|  0|   0|    0|  2304|   32|     1|        73728|
    |filter_V_47_U  |filter_V_RAM_AUTO_1R1W    |        8|  0|   0|    0|  2304|   32|     1|        73728|
    |filter_V_48_U  |filter_V_RAM_AUTO_1R1W    |        8|  0|   0|    0|  2304|   32|     1|        73728|
    |filter_V_49_U  |filter_V_RAM_AUTO_1R1W    |        8|  0|   0|    0|  2304|   32|     1|        73728|
    |filter_V_50_U  |filter_V_RAM_AUTO_1R1W    |        8|  0|   0|    0|  2304|   32|     1|        73728|
    |filter_V_51_U  |filter_V_RAM_AUTO_1R1W    |        8|  0|   0|    0|  2304|   32|     1|        73728|
    |filter_V_52_U  |filter_V_RAM_AUTO_1R1W    |        8|  0|   0|    0|  2304|   32|     1|        73728|
    |filter_V_53_U  |filter_V_RAM_AUTO_1R1W    |        8|  0|   0|    0|  2304|   32|     1|        73728|
    |filter_V_54_U  |filter_V_RAM_AUTO_1R1W    |        8|  0|   0|    0|  2304|   32|     1|        73728|
    |filter_V_55_U  |filter_V_RAM_AUTO_1R1W    |        8|  0|   0|    0|  2304|   32|     1|        73728|
    |filter_V_56_U  |filter_V_RAM_AUTO_1R1W    |        8|  0|   0|    0|  2304|   32|     1|        73728|
    |filter_V_57_U  |filter_V_RAM_AUTO_1R1W    |        8|  0|   0|    0|  2304|   32|     1|        73728|
    |filter_V_58_U  |filter_V_RAM_AUTO_1R1W    |        8|  0|   0|    0|  2304|   32|     1|        73728|
    |filter_V_59_U  |filter_V_RAM_AUTO_1R1W    |        8|  0|   0|    0|  2304|   32|     1|        73728|
    |filter_V_60_U  |filter_V_RAM_AUTO_1R1W    |        8|  0|   0|    0|  2304|   32|     1|        73728|
    |filter_V_61_U  |filter_V_RAM_AUTO_1R1W    |        8|  0|   0|    0|  2304|   32|     1|        73728|
    |filter_V_62_U  |filter_V_RAM_AUTO_1R1W    |        8|  0|   0|    0|  2304|   32|     1|        73728|
    |filter_V_63_U  |filter_V_RAM_AUTO_1R1W    |        8|  0|   0|    0|  2304|   32|     1|        73728|
    |inputMap_V_U   |inputMap_V_RAM_AUTO_1R1W  |       24|  0|   0|    0|  2880|  128|     1|       368640|
    +---------------+--------------------------+---------+---+----+-----+------+-----+------+-------------+
    |Total          |                          |      536|128|  64|    0|150848| 2304|    81|      5091328|
    +---------------+--------------------------+---------+---+----+-----+------+-----+------+-------------+

    * FIFO: 
    N/A

    * Expression: 
    +-----------------------------------------------------------------------------------------+----------+----+---+----+------------+------------+
    |                                      Variable Name                                      | Operation| DSP| FF| LUT| Bitwidth P0| Bitwidth P1|
    +-----------------------------------------------------------------------------------------+----------+----+---+----+------------+------------+
    |add_ln214_fu_1701_p2                                                                     |         +|   0|  0|  12|           5|           1|
    |add_ln228_fu_1556_p2                                                                     |         +|   0|  0|  13|           6|           1|
    |add_ln239_fu_1434_p2                                                                     |         +|   0|  0|  40|          33|           2|
    |add_ln278_fu_1696_p2                                                                     |         +|   0|  0|  12|           5|           1|
    |add_ln301_fu_1154_p2                                                                     |         +|   0|  0|  39|          32|           2|
    |add_ln319_fu_1297_p2                                                                     |         +|   0|  0|  39|          32|           2|
    |add_ln376_fu_1515_p2                                                                     |         +|   0|  0|  39|          32|           4|
    |filtersPerPE_V_fu_1551_p2                                                                |         +|   0|  0|  17|          10|           1|
    |inputMapSizeY_1_fu_966_p2                                                                |         +|   0|  0|  39|          32|          32|
    |lhs_V_1_fu_950_p2                                                                        |         +|   0|  0|  39|          32|          32|
    |outMapSizeX_V_fu_1633_p2                                                                 |         +|   0|  0|  17|          10|           1|
    |outMapSizeY_V_fu_1623_p2                                                                 |         +|   0|  0|  17|          10|           1|
    |streamsPerAct_fu_1264_p2                                                                 |         +|   0|  0|  37|          30|           1|
    |streamsPerWeight_fu_1280_p2                                                              |         +|   0|  0|  35|          28|           1|
    |sub_i_i195_fu_1772_p2                                                                    |         +|   0|  0|  12|           4|           2|
    |sub_i_i41_fu_1792_p2                                                                     |         +|   0|  0|  18|          11|           2|
    |sub_i_i72_fu_1782_p2                                                                     |         +|   0|  0|  18|          11|           2|
    |sub_i_i_fu_1802_p2                                                                       |         +|   0|  0|  18|          11|           2|
    |totalBiasStreams_fu_1371_p2                                                              |         +|   0|  0|  37|          30|           1|
    |grp_fu_1000_p0                                                                           |         -|   0|  0|  40|          33|          33|
    |grp_fu_1016_p0                                                                           |         -|   0|  0|  40|          33|          33|
    |sub_ln239_1_fu_1412_p2                                                                   |         -|   0|  0|  37|           1|          30|
    |sub_ln239_fu_1400_p2                                                                     |         -|   0|  0|  37|           3|          30|
    |sub_ln301_1_fu_1186_p2                                                                   |         -|   0|  0|  34|           1|          27|
    |sub_ln301_fu_1167_p2                                                                     |         -|   0|  0|  39|           1|          32|
    |sub_ln303_fu_1232_p2                                                                     |         -|   0|  0|  36|           1|          29|
    |sub_ln319_1_fu_1329_p2                                                                   |         -|   0|  0|  36|           1|          29|
    |sub_ln319_fu_1310_p2                                                                     |         -|   0|  0|  39|           1|          32|
    |xPadUpperLimit_fu_1498_p2                                                                |         -|   0|  0|  39|          32|          32|
    |yPadUpperLimit_fu_1504_p2                                                                |         -|   0|  0|  39|          32|          32|
    |and_ln279_16_fu_1914_p2                                                                  |       and|   0|  0|   2|           1|           1|
    |and_ln279_17_fu_1920_p2                                                                  |       and|   0|  0|   2|           1|           1|
    |and_ln279_18_fu_1925_p2                                                                  |       and|   0|  0|   2|           1|           1|
    |and_ln279_19_fu_1931_p2                                                                  |       and|   0|  0|   2|           1|           1|
    |and_ln279_20_fu_1936_p2                                                                  |       and|   0|  0|   2|           1|           1|
    |and_ln279_21_fu_1942_p2                                                                  |       and|   0|  0|   2|           1|           1|
    |and_ln279_22_fu_1948_p2                                                                  |       and|   0|  0|   2|           1|           1|
    |and_ln279_23_fu_1954_p2                                                                  |       and|   0|  0|   2|           1|           1|
    |and_ln279_24_fu_1959_p2                                                                  |       and|   0|  0|   2|           1|           1|
    |and_ln279_25_fu_1965_p2                                                                  |       and|   0|  0|   2|           1|           1|
    |and_ln279_26_fu_1971_p2                                                                  |       and|   0|  0|   2|           1|           1|
    |and_ln279_27_fu_1977_p2                                                                  |       and|   0|  0|   2|           1|           1|
    |and_ln279_28_fu_1983_p2                                                                  |       and|   0|  0|   2|           1|           1|
    |and_ln279_29_fu_1989_p2                                                                  |       and|   0|  0|   2|           1|           1|
    |and_ln279_30_fu_1995_p2                                                                  |       and|   0|  0|   2|           1|           1|
    |and_ln279_31_fu_2001_p2                                                                  |       and|   0|  0|   2|           1|           1|
    |grp_conv_w2_Pipeline_OutYLOOP_FilterLOOP_KernelXLOOP_ChannelLOOP_fu_740_strm_out_TREADY  |       and|   0|  0|   2|           1|           1|
    |cmp243_10_mid11102_fu_1877_p2                                                            |      icmp|   0|  0|  20|          32|           4|
    |cmp243_11_mid11114_fu_1883_p2                                                            |      icmp|   0|  0|  20|          32|           4|
    |cmp243_12_mid11126_fu_1889_p2                                                            |      icmp|   0|  0|  20|          32|           4|
    |cmp243_13_mid11138_fu_1895_p2                                                            |      icmp|   0|  0|  20|          32|           4|
    |cmp243_14_mid11150_fu_1901_p2                                                            |      icmp|   0|  0|  20|          32|           4|
    |cmp243_2_mid11006_fu_1841_p2                                                             |      icmp|   0|  0|  20|          32|           2|
    |cmp243_4_mid11030_fu_1847_p2                                                             |      icmp|   0|  0|  20|          32|           3|
    |cmp243_5_mid11042_fu_1853_p2                                                             |      icmp|   0|  0|  20|          32|           3|
    |cmp243_6_mid11054_fu_1859_p2                                                             |      icmp|   0|  0|  20|          32|           3|
    |cmp243_8_mid11078_fu_1865_p2                                                             |      icmp|   0|  0|  20|          32|           4|
    |cmp243_9_mid11090_fu_1871_p2                                                             |      icmp|   0|  0|  20|          32|           4|
    |cmp243_mid1986_fu_1835_p2                                                                |      icmp|   0|  0|  20|          32|           1|
    |cmp_i_i172_mid11224_fu_2013_p2                                                           |      icmp|   0|  0|   9|           4|           1|
    |cmp_i_i524_mid1954_fu_1815_p2                                                            |      icmp|   0|  0|   9|           5|           1|
    |cmp_i_i531_mid1972_fu_1829_p2                                                            |      icmp|   0|  0|  10|           6|           1|
    |cmp_i_i538_mid11214_fu_2006_p2                                                           |      icmp|   0|  0|   8|           2|           1|
    |empty_74_fu_1510_p2                                                                      |      icmp|   0|  0|  20|          32|           1|
    |empty_fu_1406_p2                                                                         |      icmp|   0|  0|  19|          30|           7|
    |icmp1447_fu_1100_p2                                                                      |      icmp|   0|  0|  19|          31|           1|
    |icmp1450_fu_1116_p2                                                                      |      icmp|   0|  0|  19|          30|           1|
    |icmp1453_fu_1132_p2                                                                      |      icmp|   0|  0|  18|          29|           1|
    |icmp1456_fu_1148_p2                                                                      |      icmp|   0|  0|  18|          28|           1|
    |icmp_ln1027_1_fu_1732_p2                                                                 |      icmp|   0|  0|  11|          10|           5|
    |icmp_ln1027_3_fu_1746_p2                                                                 |      icmp|   0|  0|   8|           3|           2|
    |icmp_ln1027_4_fu_1678_p2                                                                 |      icmp|   0|  0|  19|          31|           1|
    |icmp_ln1027_5_fu_1683_p2                                                                 |      icmp|   0|  0|  20|          34|           1|
    |icmp_ln1027_6_fu_1688_p2                                                                 |      icmp|   0|  0|  22|          44|           1|
    |icmp_ln1027_8_fu_1571_p2                                                                 |      icmp|   0|  0|   9|           5|           1|
    |icmp_ln1027_fu_1718_p2                                                                   |      icmp|   0|  0|  11|          10|           5|
    |icmp_ln310_fu_1361_p2                                                                    |      icmp|   0|  0|  19|          30|          30|
    |icmp_ln350_fu_1060_p2                                                                    |      icmp|   0|  0|  19|          30|           1|
    |icmp_ln369_fu_1076_p2                                                                    |      icmp|   0|  0|  16|          23|           1|
    |notlhs_mid11170_fu_1907_p2                                                               |      icmp|   0|  0|  11|          11|           1|
    |notrhs_mid1960_fu_1822_p2                                                                |      icmp|   0|  0|  11|          11|           1|
    |read_OK_fu_1766_p2                                                                       |      icmp|   0|  0|  20|          32|          32|
    |ap_block_state30_on_subcall_done                                                         |        or|   0|  0|   2|           1|           1|
    |f_limit_V_1_fu_1577_p3                                                                   |    select|   0|  0|   7|           1|           6|
    |kn_limit_fu_1759_p3                                                                      |    select|   0|  0|  32|           1|          32|
    |ky_limit_V_fu_1751_p3                                                                    |    select|   0|  0|   2|           1|           2|
    |readLimit_fu_1492_p1                                                                     |    select|   0|  0|  32|           1|          32|
    |select_ln239_fu_1418_p3                                                                  |    select|   0|  0|  30|           1|          30|
    |select_ln301_fu_1206_p3                                                                  |    select|   0|  0|  27|           1|          27|
    |select_ln303_fu_1252_p3                                                                  |    select|   0|  0|  29|           1|          29|
    |select_ln319_fu_1349_p3                                                                  |    select|   0|  0|  29|           1|          29|
    |select_ln376_fu_1530_p3                                                                  |    select|   0|  0|  28|           1|          28|
    |weightsOffset_fu_1388_p3                                                                 |    select|   0|  0|  30|           1|          30|
    |x_limit_V_1_fu_1737_p3                                                                   |    select|   0|  0|   5|           1|           5|
    |y_limit_V_1_fu_1723_p3                                                                   |    select|   0|  0|   5|           1|           5|
    |rev_fu_1809_p2                                                                           |       xor|   0|  0|   2|           1|           2|
    +-----------------------------------------------------------------------------------------+----------+----+---+----+------------+------------+
    |Total                                                                                    |          |   0|  0|1793|        1389|         843|
    +-----------------------------------------------------------------------------------------+----------+----+---+----+------------+------------+

    * Multiplexer: 
    +-----------------------------+-----+-----------+-----+-----------+
    |             Name            | LUT | Input Size| Bits| Total Bits|
    +-----------------------------+-----+-----------+-----+-----------+
    |ap_NS_fsm                    |  183|         41|    1|         41|
    |bias_V_10_address0           |   14|          3|    5|         15|
    |bias_V_10_ce0                |   14|          3|    1|          3|
    |bias_V_10_we0                |    9|          2|    1|          2|
    |bias_V_11_address0           |   14|          3|    5|         15|
    |bias_V_11_ce0                |   14|          3|    1|          3|
    |bias_V_11_we0                |    9|          2|    1|          2|
    |bias_V_12_address0           |   14|          3|    5|         15|
    |bias_V_12_ce0                |   14|          3|    1|          3|
    |bias_V_12_we0                |    9|          2|    1|          2|
    |bias_V_13_address0           |   14|          3|    5|         15|
    |bias_V_13_ce0                |   14|          3|    1|          3|
    |bias_V_13_we0                |    9|          2|    1|          2|
    |bias_V_14_address0           |   14|          3|    5|         15|
    |bias_V_14_ce0                |   14|          3|    1|          3|
    |bias_V_14_we0                |    9|          2|    1|          2|
    |bias_V_15_address0           |   14|          3|    5|         15|
    |bias_V_15_ce0                |   14|          3|    1|          3|
    |bias_V_15_we0                |    9|          2|    1|          2|
    |bias_V_1_address0            |   14|          3|    5|         15|
    |bias_V_1_ce0                 |   14|          3|    1|          3|
    |bias_V_1_we0                 |    9|          2|    1|          2|
    |bias_V_2_address0            |   14|          3|    5|         15|
    |bias_V_2_ce0                 |   14|          3|    1|          3|
    |bias_V_2_we0                 |    9|          2|    1|          2|
    |bias_V_3_address0            |   14|          3|    5|         15|
    |bias_V_3_ce0                 |   14|          3|    1|          3|
    |bias_V_3_we0                 |    9|          2|    1|          2|
    |bias_V_4_address0            |   14|          3|    5|         15|
    |bias_V_4_ce0                 |   14|          3|    1|          3|
    |bias_V_4_we0                 |    9|          2|    1|          2|
    |bias_V_5_address0            |   14|          3|    5|         15|
    |bias_V_5_ce0                 |   14|          3|    1|          3|
    |bias_V_5_we0                 |    9|          2|    1|          2|
    |bias_V_6_address0            |   14|          3|    5|         15|
    |bias_V_6_ce0                 |   14|          3|    1|          3|
    |bias_V_6_we0                 |    9|          2|    1|          2|
    |bias_V_7_address0            |   14|          3|    5|         15|
    |bias_V_7_ce0                 |   14|          3|    1|          3|
    |bias_V_7_we0                 |    9|          2|    1|          2|
    |bias_V_8_address0            |   14|          3|    5|         15|
    |bias_V_8_ce0                 |   14|          3|    1|          3|
    |bias_V_8_we0                 |    9|          2|    1|          2|
    |bias_V_9_address0            |   14|          3|    5|         15|
    |bias_V_9_ce0                 |   14|          3|    1|          3|
    |bias_V_9_we0                 |    9|          2|    1|          2|
    |bias_V_address0              |   14|          3|    5|         15|
    |bias_V_ce0                   |   14|          3|    1|          3|
    |bias_V_we0                   |    9|          2|    1|          2|
    |filter_V_10_address0         |   14|          3|   12|         36|
    |filter_V_10_ce0              |   14|          3|    1|          3|
    |filter_V_10_we0              |    9|          2|    1|          2|
    |filter_V_11_address0         |   14|          3|   12|         36|
    |filter_V_11_ce0              |   14|          3|    1|          3|
    |filter_V_11_we0              |    9|          2|    1|          2|
    |filter_V_12_address0         |   14|          3|   12|         36|
    |filter_V_12_ce0              |   14|          3|    1|          3|
    |filter_V_12_we0              |    9|          2|    1|          2|
    |filter_V_13_address0         |   14|          3|   12|         36|
    |filter_V_13_ce0              |   14|          3|    1|          3|
    |filter_V_13_we0              |    9|          2|    1|          2|
    |filter_V_14_address0         |   14|          3|   12|         36|
    |filter_V_14_ce0              |   14|          3|    1|          3|
    |filter_V_14_we0              |    9|          2|    1|          2|
    |filter_V_15_address0         |   14|          3|   12|         36|
    |filter_V_15_ce0              |   14|          3|    1|          3|
    |filter_V_15_we0              |    9|          2|    1|          2|
    |filter_V_16_address0         |   14|          3|   12|         36|
    |filter_V_16_ce0              |   14|          3|    1|          3|
    |filter_V_16_we0              |    9|          2|    1|          2|
    |filter_V_17_address0         |   14|          3|   12|         36|
    |filter_V_17_ce0              |   14|          3|    1|          3|
    |filter_V_17_we0              |    9|          2|    1|          2|
    |filter_V_18_address0         |   14|          3|   12|         36|
    |filter_V_18_ce0              |   14|          3|    1|          3|
    |filter_V_18_we0              |    9|          2|    1|          2|
    |filter_V_19_address0         |   14|          3|   12|         36|
    |filter_V_19_ce0              |   14|          3|    1|          3|
    |filter_V_19_we0              |    9|          2|    1|          2|
    |filter_V_1_address0          |   14|          3|   12|         36|
    |filter_V_1_ce0               |   14|          3|    1|          3|
    |filter_V_1_we0               |    9|          2|    1|          2|
    |filter_V_20_address0         |   14|          3|   12|         36|
    |filter_V_20_ce0              |   14|          3|    1|          3|
    |filter_V_20_we0              |    9|          2|    1|          2|
    |filter_V_21_address0         |   14|          3|   12|         36|
    |filter_V_21_ce0              |   14|          3|    1|          3|
    |filter_V_21_we0              |    9|          2|    1|          2|
    |filter_V_22_address0         |   14|          3|   12|         36|
    |filter_V_22_ce0              |   14|          3|    1|          3|
    |filter_V_22_we0              |    9|          2|    1|          2|
    |filter_V_23_address0         |   14|          3|   12|         36|
    |filter_V_23_ce0              |   14|          3|    1|          3|
    |filter_V_23_we0              |    9|          2|    1|          2|
    |filter_V_24_address0         |   14|          3|   12|         36|
    |filter_V_24_ce0              |   14|          3|    1|          3|
    |filter_V_24_we0              |    9|          2|    1|          2|
    |filter_V_25_address0         |   14|          3|   12|         36|
    |filter_V_25_ce0              |   14|          3|    1|          3|
    |filter_V_25_we0              |    9|          2|    1|          2|
    |filter_V_26_address0         |   14|          3|   12|         36|
    |filter_V_26_ce0              |   14|          3|    1|          3|
    |filter_V_26_we0              |    9|          2|    1|          2|
    |filter_V_27_address0         |   14|          3|   12|         36|
    |filter_V_27_ce0              |   14|          3|    1|          3|
    |filter_V_27_we0              |    9|          2|    1|          2|
    |filter_V_28_address0         |   14|          3|   12|         36|
    |filter_V_28_ce0              |   14|          3|    1|          3|
    |filter_V_28_we0              |    9|          2|    1|          2|
    |filter_V_29_address0         |   14|          3|   12|         36|
    |filter_V_29_ce0              |   14|          3|    1|          3|
    |filter_V_29_we0              |    9|          2|    1|          2|
    |filter_V_2_address0          |   14|          3|   12|         36|
    |filter_V_2_ce0               |   14|          3|    1|          3|
    |filter_V_2_we0               |    9|          2|    1|          2|
    |filter_V_30_address0         |   14|          3|   12|         36|
    |filter_V_30_ce0              |   14|          3|    1|          3|
    |filter_V_30_we0              |    9|          2|    1|          2|
    |filter_V_31_address0         |   14|          3|   12|         36|
    |filter_V_31_ce0              |   14|          3|    1|          3|
    |filter_V_31_we0              |    9|          2|    1|          2|
    |filter_V_32_address0         |   14|          3|   12|         36|
    |filter_V_32_ce0              |   14|          3|    1|          3|
    |filter_V_32_we0              |    9|          2|    1|          2|
    |filter_V_33_address0         |   14|          3|   12|         36|
    |filter_V_33_ce0              |   14|          3|    1|          3|
    |filter_V_33_we0              |    9|          2|    1|          2|
    |filter_V_34_address0         |   14|          3|   12|         36|
    |filter_V_34_ce0              |   14|          3|    1|          3|
    |filter_V_34_we0              |    9|          2|    1|          2|
    |filter_V_35_address0         |   14|          3|   12|         36|
    |filter_V_35_ce0              |   14|          3|    1|          3|
    |filter_V_35_we0              |    9|          2|    1|          2|
    |filter_V_36_address0         |   14|          3|   12|         36|
    |filter_V_36_ce0              |   14|          3|    1|          3|
    |filter_V_36_we0              |    9|          2|    1|          2|
    |filter_V_37_address0         |   14|          3|   12|         36|
    |filter_V_37_ce0              |   14|          3|    1|          3|
    |filter_V_37_we0              |    9|          2|    1|          2|
    |filter_V_38_address0         |   14|          3|   12|         36|
    |filter_V_38_ce0              |   14|          3|    1|          3|
    |filter_V_38_we0              |    9|          2|    1|          2|
    |filter_V_39_address0         |   14|          3|   12|         36|
    |filter_V_39_ce0              |   14|          3|    1|          3|
    |filter_V_39_we0              |    9|          2|    1|          2|
    |filter_V_3_address0          |   14|          3|   12|         36|
    |filter_V_3_ce0               |   14|          3|    1|          3|
    |filter_V_3_we0               |    9|          2|    1|          2|
    |filter_V_40_address0         |   14|          3|   12|         36|
    |filter_V_40_ce0              |   14|          3|    1|          3|
    |filter_V_40_we0              |    9|          2|    1|          2|
    |filter_V_41_address0         |   14|          3|   12|         36|
    |filter_V_41_ce0              |   14|          3|    1|          3|
    |filter_V_41_we0              |    9|          2|    1|          2|
    |filter_V_42_address0         |   14|          3|   12|         36|
    |filter_V_42_ce0              |   14|          3|    1|          3|
    |filter_V_42_we0              |    9|          2|    1|          2|
    |filter_V_43_address0         |   14|          3|   12|         36|
    |filter_V_43_ce0              |   14|          3|    1|          3|
    |filter_V_43_we0              |    9|          2|    1|          2|
    |filter_V_44_address0         |   14|          3|   12|         36|
    |filter_V_44_ce0              |   14|          3|    1|          3|
    |filter_V_44_we0              |    9|          2|    1|          2|
    |filter_V_45_address0         |   14|          3|   12|         36|
    |filter_V_45_ce0              |   14|          3|    1|          3|
    |filter_V_45_we0              |    9|          2|    1|          2|
    |filter_V_46_address0         |   14|          3|   12|         36|
    |filter_V_46_ce0              |   14|          3|    1|          3|
    |filter_V_46_we0              |    9|          2|    1|          2|
    |filter_V_47_address0         |   14|          3|   12|         36|
    |filter_V_47_ce0              |   14|          3|    1|          3|
    |filter_V_47_we0              |    9|          2|    1|          2|
    |filter_V_48_address0         |   14|          3|   12|         36|
    |filter_V_48_ce0              |   14|          3|    1|          3|
    |filter_V_48_we0              |    9|          2|    1|          2|
    |filter_V_49_address0         |   14|          3|   12|         36|
    |filter_V_49_ce0              |   14|          3|    1|          3|
    |filter_V_49_we0              |    9|          2|    1|          2|
    |filter_V_4_address0          |   14|          3|   12|         36|
    |filter_V_4_ce0               |   14|          3|    1|          3|
    |filter_V_4_we0               |    9|          2|    1|          2|
    |filter_V_50_address0         |   14|          3|   12|         36|
    |filter_V_50_ce0              |   14|          3|    1|          3|
    |filter_V_50_we0              |    9|          2|    1|          2|
    |filter_V_51_address0         |   14|          3|   12|         36|
    |filter_V_51_ce0              |   14|          3|    1|          3|
    |filter_V_51_we0              |    9|          2|    1|          2|
    |filter_V_52_address0         |   14|          3|   12|         36|
    |filter_V_52_ce0              |   14|          3|    1|          3|
    |filter_V_52_we0              |    9|          2|    1|          2|
    |filter_V_53_address0         |   14|          3|   12|         36|
    |filter_V_53_ce0              |   14|          3|    1|          3|
    |filter_V_53_we0              |    9|          2|    1|          2|
    |filter_V_54_address0         |   14|          3|   12|         36|
    |filter_V_54_ce0              |   14|          3|    1|          3|
    |filter_V_54_we0              |    9|          2|    1|          2|
    |filter_V_55_address0         |   14|          3|   12|         36|
    |filter_V_55_ce0              |   14|          3|    1|          3|
    |filter_V_55_we0              |    9|          2|    1|          2|
    |filter_V_56_address0         |   14|          3|   12|         36|
    |filter_V_56_ce0              |   14|          3|    1|          3|
    |filter_V_56_we0              |    9|          2|    1|          2|
    |filter_V_57_address0         |   14|          3|   12|         36|
    |filter_V_57_ce0              |   14|          3|    1|          3|
    |filter_V_57_we0              |    9|          2|    1|          2|
    |filter_V_58_address0         |   14|          3|   12|         36|
    |filter_V_58_ce0              |   14|          3|    1|          3|
    |filter_V_58_we0              |    9|          2|    1|          2|
    |filter_V_59_address0         |   14|          3|   12|         36|
    |filter_V_59_ce0              |   14|          3|    1|          3|
    |filter_V_59_we0              |    9|          2|    1|          2|
    |filter_V_5_address0          |   14|          3|   12|         36|
    |filter_V_5_ce0               |   14|          3|    1|          3|
    |filter_V_5_we0               |    9|          2|    1|          2|
    |filter_V_60_address0         |   14|          3|   12|         36|
    |filter_V_60_ce0              |   14|          3|    1|          3|
    |filter_V_60_we0              |    9|          2|    1|          2|
    |filter_V_61_address0         |   14|          3|   12|         36|
    |filter_V_61_ce0              |   14|          3|    1|          3|
    |filter_V_61_we0              |    9|          2|    1|          2|
    |filter_V_62_address0         |   14|          3|   12|         36|
    |filter_V_62_ce0              |   14|          3|    1|          3|
    |filter_V_62_we0              |    9|          2|    1|          2|
    |filter_V_63_address0         |   14|          3|   12|         36|
    |filter_V_63_ce0              |   14|          3|    1|          3|
    |filter_V_63_we0              |    9|          2|    1|          2|
    |filter_V_6_address0          |   14|          3|   12|         36|
    |filter_V_6_ce0               |   14|          3|    1|          3|
    |filter_V_6_we0               |    9|          2|    1|          2|
    |filter_V_7_address0          |   14|          3|   12|         36|
    |filter_V_7_ce0               |   14|          3|    1|          3|
    |filter_V_7_we0               |    9|          2|    1|          2|
    |filter_V_8_address0          |   14|          3|   12|         36|
    |filter_V_8_ce0               |   14|          3|    1|          3|
    |filter_V_8_we0               |    9|          2|    1|          2|
    |filter_V_9_address0          |   14|          3|   12|         36|
    |filter_V_9_ce0               |   14|          3|    1|          3|
    |filter_V_9_we0               |    9|          2|    1|          2|
    |filter_V_address0            |   14|          3|   12|         36|
    |filter_V_ce0                 |   14|          3|    1|          3|
    |filter_V_we0                 |    9|          2|    1|          2|
    |inputMap_V_address0          |   14|          3|   12|         36|
    |inputMap_V_ce0               |   14|          3|    1|          3|
    |inputMap_V_ce1               |    9|          2|    1|          2|
    |inputMap_V_d0                |   14|          3|  128|        384|
    |inputMap_V_we0               |   14|          3|    1|          3|
    |strm_in_TREADY_int_regslice  |   26|          5|    1|          5|
    +-----------------------------+-----+-----------+-----+-----------+
    |Total                        | 3234|        700| 1153|       3418|
    +-----------------------------+-----+-----------+-----+-----------+

    * Register: 
    +--------------------------------------------------------------------------------------+----+----+-----+-----------+
    |                                         Name                                         | FF | LUT| Bits| Const Bits|
    +--------------------------------------------------------------------------------------+----+----+-----+-----------+
    |and_ln279_16_reg_2562                                                                 |   1|   0|    1|          0|
    |and_ln279_17_reg_2567                                                                 |   1|   0|    1|          0|
    |and_ln279_18_reg_2572                                                                 |   1|   0|    1|          0|
    |and_ln279_19_reg_2577                                                                 |   1|   0|    1|          0|
    |and_ln279_20_reg_2582                                                                 |   1|   0|    1|          0|
    |and_ln279_21_reg_2587                                                                 |   1|   0|    1|          0|
    |and_ln279_22_reg_2592                                                                 |   1|   0|    1|          0|
    |and_ln279_23_reg_2597                                                                 |   1|   0|    1|          0|
    |and_ln279_24_reg_2602                                                                 |   1|   0|    1|          0|
    |and_ln279_25_reg_2607                                                                 |   1|   0|    1|          0|
    |and_ln279_26_reg_2612                                                                 |   1|   0|    1|          0|
    |and_ln279_27_reg_2617                                                                 |   1|   0|    1|          0|
    |and_ln279_28_reg_2622                                                                 |   1|   0|    1|          0|
    |and_ln279_29_reg_2627                                                                 |   1|   0|    1|          0|
    |and_ln279_30_reg_2632                                                                 |   1|   0|    1|          0|
    |and_ln279_31_reg_2637                                                                 |   1|   0|    1|          0|
    |ap_CS_fsm                                                                             |  40|   0|   40|          0|
    |biasScale_V_reg_2166                                                                  |   4|   0|    4|          0|
    |cmp243_10_mid11102_reg_2532                                                           |   1|   0|    1|          0|
    |cmp243_11_mid11114_reg_2537                                                           |   1|   0|    1|          0|
    |cmp243_12_mid11126_reg_2542                                                           |   1|   0|    1|          0|
    |cmp243_13_mid11138_reg_2547                                                           |   1|   0|    1|          0|
    |cmp243_14_mid11150_reg_2552                                                           |   1|   0|    1|          0|
    |cmp243_2_mid11006_reg_2502                                                            |   1|   0|    1|          0|
    |cmp243_4_mid11030_reg_2507                                                            |   1|   0|    1|          0|
    |cmp243_5_mid11042_reg_2512                                                            |   1|   0|    1|          0|
    |cmp243_6_mid11054_reg_2517                                                            |   1|   0|    1|          0|
    |cmp243_8_mid11078_reg_2522                                                            |   1|   0|    1|          0|
    |cmp243_9_mid11090_reg_2527                                                            |   1|   0|    1|          0|
    |cmp243_mid1986_reg_2497                                                               |   1|   0|    1|          0|
    |cmp_i_i172_mid11224_reg_2647                                                          |   1|   0|    1|          0|
    |cmp_i_i524_mid1954_reg_2482                                                           |   1|   0|    1|          0|
    |cmp_i_i531_mid1972_reg_2492                                                           |   1|   0|    1|          0|
    |cmp_i_i538_mid11214_reg_2642                                                          |   1|   0|    1|          0|
    |empty_74_reg_2335                                                                     |   1|   0|    1|          0|
    |f_limit_V_1_reg_2352                                                                  |   6|   0|    6|          0|
    |filtersPerPE_V_reg_2347                                                               |  10|   0|   10|          0|
    |grp_conv_w2_Pipeline_OutYLOOP_FilterLOOP_KernelXLOOP_ChannelLOOP_fu_740_ap_start_reg  |   1|   0|    1|          0|
    |grp_conv_w2_Pipeline_ReadActivationsLOOP_fu_713_ap_start_reg                          |   1|   0|    1|          0|
    |grp_conv_w2_Pipeline_ReadBiasStreamsLOOP_VITIS_LOOP_240_1_fu_604_ap_start_reg         |   1|   0|    1|          0|
    |grp_conv_w2_Pipeline_ReadWeightStreamsLOOP_fu_634_ap_start_reg                        |   1|   0|    1|          0|
    |grp_conv_w2_Pipeline_VITIS_LOOP_330_1_fu_594_ap_start_reg                             |   1|   0|    1|          0|
    |icmp1447_reg_2212                                                                     |   1|   0|    1|          0|
    |icmp1450_reg_2218                                                                     |   1|   0|    1|          0|
    |icmp1453_reg_2224                                                                     |   1|   0|    1|          0|
    |icmp1456_reg_2230                                                                     |   1|   0|    1|          0|
    |icmp_ln1027_4_reg_2408                                                                |   1|   0|    1|          0|
    |icmp_ln1027_5_reg_2413                                                                |   1|   0|    1|          0|
    |icmp_ln1027_6_reg_2418                                                                |   1|   0|    1|          0|
    |icmp_ln350_reg_2197                                                                   |   1|   0|    1|          0|
    |icmp_ln369_reg_2202                                                                   |   1|   0|    1|          0|
    |inputMapSizeY_1_reg_2137                                                              |  32|   0|   32|          0|
    |kn_limit_reg_2447                                                                     |  32|   0|   32|          0|
    |kx_limit_V_reg_2125                                                                   |   3|   0|    3|          0|
    |ky_limit_V_reg_2442                                                                   |   2|   0|    2|          0|
    |lhs_V_1_reg_2120                                                                      |  32|   0|   32|          0|
    |mul_ln329_1_reg_2358                                                                  |  34|   0|   34|          0|
    |mul_ln329_2_reg_2364                                                                  |  44|   0|   44|          0|
    |mul_ln329_3_reg_2398                                                                  |  54|   0|   54|          0|
    |mul_ln329_4_reg_2403                                                                  |  64|   0|   64|          0|
    |mul_ln329_reg_2340                                                                    |  31|   0|   31|          0|
    |notlhs_mid11170_reg_2557                                                              |   1|   0|    1|          0|
    |notrhs_mid1960_reg_2487                                                               |   1|   0|    1|          0|
    |numFilters_read_reg_2038                                                              |  32|   0|   32|          0|
    |numKernels_read_reg_2028                                                              |  32|   0|   32|          0|
    |outMapSizeX_V_reg_2387                                                                |  10|   0|   10|          0|
    |outMapSizeY_V_reg_2376                                                                |  10|   0|   10|          0|
    |paddingIters_reg_2312                                                                 |  32|   0|   32|          0|
    |padding_V_reg_2106                                                                    |   3|   0|    3|          0|
    |readLimit_reg_2318                                                                    |  32|   0|   32|          0|
    |read_OK_reg_2452                                                                      |   1|   0|    1|          0|
    |ret_V_reg_2393                                                                        |  34|   0|   34|          0|
    |rev_reg_2477                                                                          |   1|   0|    1|          0|
    |scale_V_reg_2171                                                                      |   3|   0|    3|          0|
    |sext_ln303_1_reg_2236                                                                 |  32|   0|   32|          0|
    |signedOp_reg_2176                                                                     |   1|   0|    1|          0|
    |streamsPerFilter_reg_2287                                                             |  32|   0|   32|          0|
    |streamsPerInputLine_reg_2241                                                          |  32|   0|   32|          0|
    |stride_V_reg_2113                                                                     |   2|   0|    2|          0|
    |sub_i_i195_reg_2457                                                                   |   4|   0|    4|          0|
    |sub_i_i41_reg_2467                                                                    |  11|   0|   11|          0|
    |sub_i_i72_reg_2462                                                                    |  11|   0|   11|          0|
    |sub_i_i_reg_2472                                                                      |  11|   0|   11|          0|
    |tmp_39_reg_2207                                                                       |   1|   0|    1|          0|
    |tmp_6_reg_2282                                                                        |  33|   0|   37|          4|
    |totalBiasStreams_reg_2261                                                             |  30|   0|   30|          0|
    |totalWeightStreams_reg_2292                                                           |  32|   0|   32|          0|
    |trunc_ln186_2_reg_2371                                                                |   5|   0|    5|          0|
    |trunc_ln186_3_reg_2382                                                                |   5|   0|    5|          0|
    |trunc_ln214_1_reg_2145                                                                |   2|   0|    2|          0|
    |trunc_ln214_reg_2277                                                                  |   6|   0|    6|          0|
    |trunc_ln319_reg_2256                                                                  |  10|   0|   10|          0|
    |weightsOffset_reg_2271                                                                |  30|   0|   30|          0|
    |xPadUpperLimit_reg_2323                                                               |  32|   0|   32|          0|
    |x_limit_V_1_reg_2437                                                                  |   5|   0|    5|          0|
    |yPadUpperLimit_reg_2329                                                               |  32|   0|   32|          0|
    |y_limit_V_1_reg_2432                                                                  |   5|   0|    5|          0|
    +--------------------------------------------------------------------------------------+----+----+-----+-----------+
    |Total                                                                                 | 991|   0|  995|          4|
    +--------------------------------------------------------------------------------------+----+----+-----+-----------+



================================================================
== Interface
================================================================
* Summary: 
+--------------------+-----+-----+------------+-------------------+--------------+
|      RTL Ports     | Dir | Bits|  Protocol  |   Source Object   |    C Type    |
+--------------------+-----+-----+------------+-------------------+--------------+
|s_axi_BUS1_AWVALID  |   in|    1|       s_axi|               BUS1|        scalar|
|s_axi_BUS1_AWREADY  |  out|    1|       s_axi|               BUS1|        scalar|
|s_axi_BUS1_AWADDR   |   in|    6|       s_axi|               BUS1|        scalar|
|s_axi_BUS1_WVALID   |   in|    1|       s_axi|               BUS1|        scalar|
|s_axi_BUS1_WREADY   |  out|    1|       s_axi|               BUS1|        scalar|
|s_axi_BUS1_WDATA    |   in|   32|       s_axi|               BUS1|        scalar|
|s_axi_BUS1_WSTRB    |   in|    4|       s_axi|               BUS1|        scalar|
|s_axi_BUS1_ARVALID  |   in|    1|       s_axi|               BUS1|        scalar|
|s_axi_BUS1_ARREADY  |  out|    1|       s_axi|               BUS1|        scalar|
|s_axi_BUS1_ARADDR   |   in|    6|       s_axi|               BUS1|        scalar|
|s_axi_BUS1_RVALID   |  out|    1|       s_axi|               BUS1|        scalar|
|s_axi_BUS1_RREADY   |   in|    1|       s_axi|               BUS1|        scalar|
|s_axi_BUS1_RDATA    |  out|   32|       s_axi|               BUS1|        scalar|
|s_axi_BUS1_RRESP    |  out|    2|       s_axi|               BUS1|        scalar|
|s_axi_BUS1_BVALID   |  out|    1|       s_axi|               BUS1|        scalar|
|s_axi_BUS1_BREADY   |   in|    1|       s_axi|               BUS1|        scalar|
|s_axi_BUS1_BRESP    |  out|    2|       s_axi|               BUS1|        scalar|
|ap_clk              |   in|    1|  ap_ctrl_hs|            conv_w2|  return value|
|ap_rst_n            |   in|    1|  ap_ctrl_hs|            conv_w2|  return value|
|interrupt           |  out|    1|  ap_ctrl_hs|            conv_w2|  return value|
|strm_in_TDATA       |   in|  128|        axis|   strm_in_V_data_V|       pointer|
|strm_in_TVALID      |   in|    1|        axis|   strm_in_V_last_V|       pointer|
|strm_in_TREADY      |  out|    1|        axis|   strm_in_V_last_V|       pointer|
|strm_in_TLAST       |   in|    1|        axis|   strm_in_V_last_V|       pointer|
|strm_in_TKEEP       |   in|   16|        axis|   strm_in_V_keep_V|       pointer|
|strm_in_TSTRB       |   in|   16|        axis|   strm_in_V_strb_V|       pointer|
|strm_out_TDATA      |  out|  128|        axis|  strm_out_V_data_V|       pointer|
|strm_out_TVALID     |  out|    1|        axis|  strm_out_V_last_V|       pointer|
|strm_out_TREADY     |   in|    1|        axis|  strm_out_V_last_V|       pointer|
|strm_out_TLAST      |  out|    1|        axis|  strm_out_V_last_V|       pointer|
|strm_out_TKEEP      |  out|   16|        axis|  strm_out_V_keep_V|       pointer|
|strm_out_TSTRB      |  out|   16|        axis|  strm_out_V_strb_V|       pointer|
+--------------------+-----+-----+------------+-------------------+--------------+

