

================================================================
== Vitis HLS Report for 'conv_w2_Pipeline_ReadWeightStreamsLOOP'
================================================================
* Date:           Thu Apr 18 02:53:08 2024

* Version:        2022.2 (Build 3670227 on Oct 13 2022)
* Project:        mixed_conv_w2a8
* Solution:       solution1 (Vivado IP Flow Target)
* Product family: zynquplus
* Target device:  xczu7ev-ffvc1156-2-e


================================================================
== Performance Estimates
================================================================
+ Timing: 
    * Summary: 
    +--------+----------+----------+------------+
    |  Clock |  Target  | Estimated| Uncertainty|
    +--------+----------+----------+------------+
    |ap_clk  |  10.00 ns|  4.337 ns|        0 ns|
    +--------+----------+----------+------------+

+ Latency: 
    * Summary: 
    +---------+---------+----------+----------+-----+-----+---------+
    |  Latency (cycles) |  Latency (absolute) |  Interval | Pipeline|
    |   min   |   max   |    min   |    max   | min | max |   Type  |
    +---------+---------+----------+----------+-----+-----+---------+
    |        ?|        ?|         ?|         ?|    ?|    ?|       no|
    +---------+---------+----------+----------+-----+-----+---------+

    + Detail: 
        * Instance: 
        N/A

        * Loop: 
        +-------------------------+---------+---------+----------+-----------+-----------+------+----------+
        |                         |  Latency (cycles) | Iteration|  Initiation Interval  | Trip |          |
        |        Loop Name        |   min   |   max   |  Latency |  achieved |   target  | Count| Pipelined|
        +-------------------------+---------+---------+----------+-----------+-----------+------+----------+
        |- ReadWeightStreamsLOOP  |        ?|        ?|         1|          1|          1|     ?|       yes|
        +-------------------------+---------+---------+----------+-----------+-----------+------+----------+



================================================================
== Utilization Estimates
================================================================
* Summary: 
+-----------------+---------+------+--------+--------+-----+
|       Name      | BRAM_18K|  DSP |   FF   |   LUT  | URAM|
+-----------------+---------+------+--------+--------+-----+
|DSP              |        -|     -|       -|       -|    -|
|Expression       |        -|     -|       0|     651|    -|
|FIFO             |        -|     -|       -|       -|    -|
|Instance         |        -|     -|       -|       -|    -|
|Memory           |        -|     -|       -|       -|    -|
|Multiplexer      |        -|     -|       -|    3409|    -|
|Register         |        -|     -|     227|       -|    -|
+-----------------+---------+------+--------+--------+-----+
|Total            |        0|     0|     227|    4060|    0|
+-----------------+---------+------+--------+--------+-----+
|Available        |      624|  1728|  460800|  230400|   96|
+-----------------+---------+------+--------+--------+-----+
|Utilization (%)  |        0|     0|      ~0|       1|    0|
+-----------------+---------+------+--------+--------+-----+

+ Detail: 
    * Instance: 
    N/A

    * DSP: 
    N/A

    * Memory: 
    N/A

    * FIFO: 
    N/A

    * Expression: 
    +----------------------------------+----------+----+---+----+------------+------------+
    |           Variable Name          | Operation| DSP| FF| LUT| Bitwidth P0| Bitwidth P1|
    +----------------------------------+----------+----+---+----+------------+------------+
    |add_ln171_1_fu_3017_p2            |         +|   0|  0|  21|          14|           2|
    |add_ln171_2_fu_3101_p2            |         +|   0|  0|  21|          14|           2|
    |add_ln171_fu_2933_p2              |         +|   0|  0|  21|          14|           1|
    |currPE_5_fu_3431_p2               |         +|   0|  0|  39|          32|           1|
    |i_3_fu_2726_p2                    |         +|   0|  0|  39|          32|           1|
    |saveAddr_5_fu_3401_p2             |         +|   0|  0|  39|          32|          32|
    |streamIter_4_fu_3407_p2           |         +|   0|  0|  39|          32|           1|
    |perWeightCounter_1_fu_2767_p2     |         -|   0|  0|  39|          32|          32|
    |ap_block_pp0_stage0_11001         |       and|   0|  0|   2|           1|           1|
    |ap_block_state2_pp0_stage0_iter1  |       and|   0|  0|   2|           1|           1|
    |ap_condition_1331                 |       and|   0|  0|   2|           1|           1|
    |ap_condition_1334                 |       and|   0|  0|   2|           1|           1|
    |ap_condition_1337                 |       and|   0|  0|   2|           1|           1|
    |ap_condition_1340                 |       and|   0|  0|   2|           1|           1|
    |ap_condition_1343                 |       and|   0|  0|   2|           1|           1|
    |ap_condition_1346                 |       and|   0|  0|   2|           1|           1|
    |ap_condition_1349                 |       and|   0|  0|   2|           1|           1|
    |ap_condition_1352                 |       and|   0|  0|   2|           1|           1|
    |ap_condition_1355                 |       and|   0|  0|   2|           1|           1|
    |ap_condition_1358                 |       and|   0|  0|   2|           1|           1|
    |ap_condition_1361                 |       and|   0|  0|   2|           1|           1|
    |ap_condition_1364                 |       and|   0|  0|   2|           1|           1|
    |ap_condition_1367                 |       and|   0|  0|   2|           1|           1|
    |ap_condition_1370                 |       and|   0|  0|   2|           1|           1|
    |ap_condition_1373                 |       and|   0|  0|   2|           1|           1|
    |ap_condition_1376                 |       and|   0|  0|   2|           1|           1|
    |icmp_ln160_fu_2753_p2             |      icmp|   0|  0|  19|          30|           1|
    |icmp_ln195_fu_2721_p2             |      icmp|   0|  0|  20|          32|          32|
    |icmp_ln207_fu_3413_p2             |      icmp|   0|  0|  20|          32|           1|
    |icmp_ln212_fu_3426_p2             |      icmp|   0|  0|  20|          32|          32|
    |icmp_ln216_fu_3437_p2             |      icmp|   0|  0|  20|          32|           5|
    |addrOffset_6_fu_3475_p3           |    select|   0|  0|  32|           1|          32|
    |addrOffset_7_fu_3459_p3           |    select|   0|  0|  32|           1|          32|
    |currPE_6_fu_3451_p3               |    select|   0|  0|  32|           1|           1|
    |currPE_7_fu_3467_p3               |    select|   0|  0|  32|           1|          32|
    |numIters_fu_2759_p3               |    select|   0|  0|  32|           1|          32|
    |perWeightCounter_2_fu_3419_p3     |    select|   0|  0|  32|           1|          32|
    |saveAddr_6_fu_3443_p3             |    select|   0|  0|  32|           1|          32|
    |streamIter_5_fu_3483_p3           |    select|   0|  0|  32|           1|           1|
    |ap_enable_pp0                     |       xor|   0|  0|   2|           1|           2|
    +----------------------------------+----------+----+---+----+------------+------------+
    |Total                             |          |   0|  0| 651|         387|         357|
    +----------------------------------+----------+----+---+----+------------+------------+

    * Multiplexer: 
    +-------------------------+----+-----------+-----+-----------+
    |           Name          | LUT| Input Size| Bits| Total Bits|
    +-------------------------+----+-----------+-----+-----------+
    |addrOffset_fu_262        |   9|          2|   32|         64|
    |ap_done_int              |   9|          2|    1|          2|
    |ap_enable_reg_pp0_iter1  |   9|          2|    1|          2|
    |currPE_fu_258            |   9|          2|   32|         64|
    |filter_V_10_address0     |  26|          5|   12|         60|
    |filter_V_10_d0           |  26|          5|   32|        160|
    |filter_V_11_address0     |  26|          5|   12|         60|
    |filter_V_11_d0           |  26|          5|   32|        160|
    |filter_V_12_address0     |  26|          5|   12|         60|
    |filter_V_12_d0           |  26|          5|   32|        160|
    |filter_V_13_address0     |  26|          5|   12|         60|
    |filter_V_13_d0           |  26|          5|   32|        160|
    |filter_V_14_address0     |  26|          5|   12|         60|
    |filter_V_14_d0           |  26|          5|   32|        160|
    |filter_V_15_address0     |  26|          5|   12|         60|
    |filter_V_15_d0           |  26|          5|   32|        160|
    |filter_V_16_address0     |  26|          5|   12|         60|
    |filter_V_16_d0           |  26|          5|   32|        160|
    |filter_V_17_address0     |  26|          5|   12|         60|
    |filter_V_17_d0           |  26|          5|   32|        160|
    |filter_V_18_address0     |  26|          5|   12|         60|
    |filter_V_18_d0           |  26|          5|   32|        160|
    |filter_V_19_address0     |  26|          5|   12|         60|
    |filter_V_19_d0           |  26|          5|   32|        160|
    |filter_V_1_address0      |  26|          5|   12|         60|
    |filter_V_1_d0            |  26|          5|   32|        160|
    |filter_V_20_address0     |  26|          5|   12|         60|
    |filter_V_20_d0           |  26|          5|   32|        160|
    |filter_V_21_address0     |  26|          5|   12|         60|
    |filter_V_21_d0           |  26|          5|   32|        160|
    |filter_V_22_address0     |  26|          5|   12|         60|
    |filter_V_22_d0           |  26|          5|   32|        160|
    |filter_V_23_address0     |  26|          5|   12|         60|
    |filter_V_23_d0           |  26|          5|   32|        160|
    |filter_V_24_address0     |  26|          5|   12|         60|
    |filter_V_24_d0           |  26|          5|   32|        160|
    |filter_V_25_address0     |  26|          5|   12|         60|
    |filter_V_25_d0           |  26|          5|   32|        160|
    |filter_V_26_address0     |  26|          5|   12|         60|
    |filter_V_26_d0           |  26|          5|   32|        160|
    |filter_V_27_address0     |  26|          5|   12|         60|
    |filter_V_27_d0           |  26|          5|   32|        160|
    |filter_V_28_address0     |  26|          5|   12|         60|
    |filter_V_28_d0           |  26|          5|   32|        160|
    |filter_V_29_address0     |  26|          5|   12|         60|
    |filter_V_29_d0           |  26|          5|   32|        160|
    |filter_V_2_address0      |  26|          5|   12|         60|
    |filter_V_2_d0            |  26|          5|   32|        160|
    |filter_V_30_address0     |  26|          5|   12|         60|
    |filter_V_30_d0           |  26|          5|   32|        160|
    |filter_V_31_address0     |  26|          5|   12|         60|
    |filter_V_31_d0           |  26|          5|   32|        160|
    |filter_V_32_address0     |  26|          5|   12|         60|
    |filter_V_32_d0           |  26|          5|   32|        160|
    |filter_V_33_address0     |  26|          5|   12|         60|
    |filter_V_33_d0           |  26|          5|   32|        160|
    |filter_V_34_address0     |  26|          5|   12|         60|
    |filter_V_34_d0           |  26|          5|   32|        160|
    |filter_V_35_address0     |  26|          5|   12|         60|
    |filter_V_35_d0           |  26|          5|   32|        160|
    |filter_V_36_address0     |  26|          5|   12|         60|
    |filter_V_36_d0           |  26|          5|   32|        160|
    |filter_V_37_address0     |  26|          5|   12|         60|
    |filter_V_37_d0           |  26|          5|   32|        160|
    |filter_V_38_address0     |  26|          5|   12|         60|
    |filter_V_38_d0           |  26|          5|   32|        160|
    |filter_V_39_address0     |  26|          5|   12|         60|
    |filter_V_39_d0           |  26|          5|   32|        160|
    |filter_V_3_address0      |  26|          5|   12|         60|
    |filter_V_3_d0            |  26|          5|   32|        160|
    |filter_V_40_address0     |  26|          5|   12|         60|
    |filter_V_40_d0           |  26|          5|   32|        160|
    |filter_V_41_address0     |  26|          5|   12|         60|
    |filter_V_41_d0           |  26|          5|   32|        160|
    |filter_V_42_address0     |  26|          5|   12|         60|
    |filter_V_42_d0           |  26|          5|   32|        160|
    |filter_V_43_address0     |  26|          5|   12|         60|
    |filter_V_43_d0           |  26|          5|   32|        160|
    |filter_V_44_address0     |  26|          5|   12|         60|
    |filter_V_44_d0           |  26|          5|   32|        160|
    |filter_V_45_address0     |  26|          5|   12|         60|
    |filter_V_45_d0           |  26|          5|   32|        160|
    |filter_V_46_address0     |  26|          5|   12|         60|
    |filter_V_46_d0           |  26|          5|   32|        160|
    |filter_V_47_address0     |  26|          5|   12|         60|
    |filter_V_47_d0           |  26|          5|   32|        160|
    |filter_V_48_address0     |  26|          5|   12|         60|
    |filter_V_48_d0           |  26|          5|   32|        160|
    |filter_V_49_address0     |  26|          5|   12|         60|
    |filter_V_49_d0           |  26|          5|   32|        160|
    |filter_V_4_address0      |  26|          5|   12|         60|
    |filter_V_4_d0            |  26|          5|   32|        160|
    |filter_V_50_address0     |  26|          5|   12|         60|
    |filter_V_50_d0           |  26|          5|   32|        160|
    |filter_V_51_address0     |  26|          5|   12|         60|
    |filter_V_51_d0           |  26|          5|   32|        160|
    |filter_V_52_address0     |  26|          5|   12|         60|
    |filter_V_52_d0           |  26|          5|   32|        160|
    |filter_V_53_address0     |  26|          5|   12|         60|
    |filter_V_53_d0           |  26|          5|   32|        160|
    |filter_V_54_address0     |  26|          5|   12|         60|
    |filter_V_54_d0           |  26|          5|   32|        160|
    |filter_V_55_address0     |  26|          5|   12|         60|
    |filter_V_55_d0           |  26|          5|   32|        160|
    |filter_V_56_address0     |  26|          5|   12|         60|
    |filter_V_56_d0           |  26|          5|   32|        160|
    |filter_V_57_address0     |  26|          5|   12|         60|
    |filter_V_57_d0           |  26|          5|   32|        160|
    |filter_V_58_address0     |  26|          5|   12|         60|
    |filter_V_58_d0           |  26|          5|   32|        160|
    |filter_V_59_address0     |  26|          5|   12|         60|
    |filter_V_59_d0           |  26|          5|   32|        160|
    |filter_V_5_address0      |  26|          5|   12|         60|
    |filter_V_5_d0            |  26|          5|   32|        160|
    |filter_V_60_address0     |  26|          5|   12|         60|
    |filter_V_60_d0           |  26|          5|   32|        160|
    |filter_V_61_address0     |  26|          5|   12|         60|
    |filter_V_61_d0           |  26|          5|   32|        160|
    |filter_V_62_address0     |  26|          5|   12|         60|
    |filter_V_62_d0           |  26|          5|   32|        160|
    |filter_V_63_address0     |  26|          5|   12|         60|
    |filter_V_63_d0           |  26|          5|   32|        160|
    |filter_V_6_address0      |  26|          5|   12|         60|
    |filter_V_6_d0            |  26|          5|   32|        160|
    |filter_V_7_address0      |  26|          5|   12|         60|
    |filter_V_7_d0            |  26|          5|   32|        160|
    |filter_V_8_address0      |  26|          5|   12|         60|
    |filter_V_8_d0            |  26|          5|   32|        160|
    |filter_V_9_address0      |  26|          5|   12|         60|
    |filter_V_9_d0            |  26|          5|   32|        160|
    |filter_V_address0        |  26|          5|   12|         60|
    |filter_V_d0              |  26|          5|   32|        160|
    |i_fu_270                 |   9|          2|   32|         64|
    |perWeightCounter_fu_250  |   9|          2|   32|         64|
    |saveAddr_fu_254          |   9|          2|   32|         64|
    |streamIter_fu_266        |   9|          2|   32|         64|
    |strm_in_TDATA_blk_n      |   9|          2|    1|          2|
    +-------------------------+----+-----------+-----+-----------+
    |Total                    |3409|        658| 3011|      14470|
    +-------------------------+----+-----------+-----+-----------+

    * Register: 
    +--------------------------+----+----+-----+-----------+
    |           Name           | FF | LUT| Bits| Const Bits|
    +--------------------------+----+----+-----+-----------+
    |addrOffset_fu_262         |  32|   0|   32|          0|
    |ap_CS_fsm                 |   1|   0|    1|          0|
    |ap_done_reg               |   1|   0|    1|          0|
    |ap_enable_reg_pp0_iter1   |   1|   0|    1|          0|
    |currPE_fu_258             |  32|   0|   32|          0|
    |i_fu_270                  |  32|   0|   32|          0|
    |perWeightCounter_fu_250   |  32|   0|   32|          0|
    |saveAddr_fu_254           |  32|   0|   32|          0|
    |sext_ln190_cast_reg_3573  |  32|   0|   32|          0|
    |streamIter_fu_266         |  32|   0|   32|          0|
    +--------------------------+----+----+-----+-----------+
    |Total                     | 227|   0|  227|          0|
    +--------------------------+----+----+-----+-----------+



================================================================
== Interface
================================================================
* Summary: 
+----------------------+-----+-----+------------+----------------------------------------+--------------+
|       RTL Ports      | Dir | Bits|  Protocol  |              Source Object             |    C Type    |
+----------------------+-----+-----+------------+----------------------------------------+--------------+
|ap_clk                |   in|    1|  ap_ctrl_hs|  conv_w2_Pipeline_ReadWeightStreamsLOOP|  return value|
|ap_rst                |   in|    1|  ap_ctrl_hs|  conv_w2_Pipeline_ReadWeightStreamsLOOP|  return value|
|ap_start              |   in|    1|  ap_ctrl_hs|  conv_w2_Pipeline_ReadWeightStreamsLOOP|  return value|
|ap_done               |  out|    1|  ap_ctrl_hs|  conv_w2_Pipeline_ReadWeightStreamsLOOP|  return value|
|ap_idle               |  out|    1|  ap_ctrl_hs|  conv_w2_Pipeline_ReadWeightStreamsLOOP|  return value|
|ap_ready              |  out|    1|  ap_ctrl_hs|  conv_w2_Pipeline_ReadWeightStreamsLOOP|  return value|
|strm_in_TVALID        |   in|    1|        axis|                        strm_in_V_data_V|       pointer|
|strm_in_TDATA         |   in|  128|        axis|                        strm_in_V_data_V|       pointer|
|sext_ln190            |   in|   30|     ap_none|                              sext_ln190|        scalar|
|totalWeightStreams    |   in|   32|     ap_none|                      totalWeightStreams|        scalar|
|streamsPerFilter      |   in|   32|     ap_none|                        streamsPerFilter|        scalar|
|filter_V_2_address0   |  out|   12|   ap_memory|                              filter_V_2|         array|
|filter_V_2_ce0        |  out|    1|   ap_memory|                              filter_V_2|         array|
|filter_V_2_we0        |  out|    1|   ap_memory|                              filter_V_2|         array|
|filter_V_2_d0         |  out|   32|   ap_memory|                              filter_V_2|         array|
|filter_V_3_address0   |  out|   12|   ap_memory|                              filter_V_3|         array|
|filter_V_3_ce0        |  out|    1|   ap_memory|                              filter_V_3|         array|
|filter_V_3_we0        |  out|    1|   ap_memory|                              filter_V_3|         array|
|filter_V_3_d0         |  out|   32|   ap_memory|                              filter_V_3|         array|
|filter_V_address0     |  out|   12|   ap_memory|                                filter_V|         array|
|filter_V_ce0          |  out|    1|   ap_memory|                                filter_V|         array|
|filter_V_we0          |  out|    1|   ap_memory|                                filter_V|         array|
|filter_V_d0           |  out|   32|   ap_memory|                                filter_V|         array|
|filter_V_63_address0  |  out|   12|   ap_memory|                             filter_V_63|         array|
|filter_V_63_ce0       |  out|    1|   ap_memory|                             filter_V_63|         array|
|filter_V_63_we0       |  out|    1|   ap_memory|                             filter_V_63|         array|
|filter_V_63_d0        |  out|   32|   ap_memory|                             filter_V_63|         array|
|filter_V_62_address0  |  out|   12|   ap_memory|                             filter_V_62|         array|
|filter_V_62_ce0       |  out|    1|   ap_memory|                             filter_V_62|         array|
|filter_V_62_we0       |  out|    1|   ap_memory|                             filter_V_62|         array|
|filter_V_62_d0        |  out|   32|   ap_memory|                             filter_V_62|         array|
|filter_V_61_address0  |  out|   12|   ap_memory|                             filter_V_61|         array|
|filter_V_61_ce0       |  out|    1|   ap_memory|                             filter_V_61|         array|
|filter_V_61_we0       |  out|    1|   ap_memory|                             filter_V_61|         array|
|filter_V_61_d0        |  out|   32|   ap_memory|                             filter_V_61|         array|
|filter_V_60_address0  |  out|   12|   ap_memory|                             filter_V_60|         array|
|filter_V_60_ce0       |  out|    1|   ap_memory|                             filter_V_60|         array|
|filter_V_60_we0       |  out|    1|   ap_memory|                             filter_V_60|         array|
|filter_V_60_d0        |  out|   32|   ap_memory|                             filter_V_60|         array|
|filter_V_59_address0  |  out|   12|   ap_memory|                             filter_V_59|         array|
|filter_V_59_ce0       |  out|    1|   ap_memory|                             filter_V_59|         array|
|filter_V_59_we0       |  out|    1|   ap_memory|                             filter_V_59|         array|
|filter_V_59_d0        |  out|   32|   ap_memory|                             filter_V_59|         array|
|filter_V_58_address0  |  out|   12|   ap_memory|                             filter_V_58|         array|
|filter_V_58_ce0       |  out|    1|   ap_memory|                             filter_V_58|         array|
|filter_V_58_we0       |  out|    1|   ap_memory|                             filter_V_58|         array|
|filter_V_58_d0        |  out|   32|   ap_memory|                             filter_V_58|         array|
|filter_V_57_address0  |  out|   12|   ap_memory|                             filter_V_57|         array|
|filter_V_57_ce0       |  out|    1|   ap_memory|                             filter_V_57|         array|
|filter_V_57_we0       |  out|    1|   ap_memory|                             filter_V_57|         array|
|filter_V_57_d0        |  out|   32|   ap_memory|                             filter_V_57|         array|
|filter_V_56_address0  |  out|   12|   ap_memory|                             filter_V_56|         array|
|filter_V_56_ce0       |  out|    1|   ap_memory|                             filter_V_56|         array|
|filter_V_56_we0       |  out|    1|   ap_memory|                             filter_V_56|         array|
|filter_V_56_d0        |  out|   32|   ap_memory|                             filter_V_56|         array|
|filter_V_55_address0  |  out|   12|   ap_memory|                             filter_V_55|         array|
|filter_V_55_ce0       |  out|    1|   ap_memory|                             filter_V_55|         array|
|filter_V_55_we0       |  out|    1|   ap_memory|                             filter_V_55|         array|
|filter_V_55_d0        |  out|   32|   ap_memory|                             filter_V_55|         array|
|filter_V_54_address0  |  out|   12|   ap_memory|                             filter_V_54|         array|
|filter_V_54_ce0       |  out|    1|   ap_memory|                             filter_V_54|         array|
|filter_V_54_we0       |  out|    1|   ap_memory|                             filter_V_54|         array|
|filter_V_54_d0        |  out|   32|   ap_memory|                             filter_V_54|         array|
|filter_V_53_address0  |  out|   12|   ap_memory|                             filter_V_53|         array|
|filter_V_53_ce0       |  out|    1|   ap_memory|                             filter_V_53|         array|
|filter_V_53_we0       |  out|    1|   ap_memory|                             filter_V_53|         array|
|filter_V_53_d0        |  out|   32|   ap_memory|                             filter_V_53|         array|
|filter_V_52_address0  |  out|   12|   ap_memory|                             filter_V_52|         array|
|filter_V_52_ce0       |  out|    1|   ap_memory|                             filter_V_52|         array|
|filter_V_52_we0       |  out|    1|   ap_memory|                             filter_V_52|         array|
|filter_V_52_d0        |  out|   32|   ap_memory|                             filter_V_52|         array|
|filter_V_51_address0  |  out|   12|   ap_memory|                             filter_V_51|         array|
|filter_V_51_ce0       |  out|    1|   ap_memory|                             filter_V_51|         array|
|filter_V_51_we0       |  out|    1|   ap_memory|                             filter_V_51|         array|
|filter_V_51_d0        |  out|   32|   ap_memory|                             filter_V_51|         array|
|filter_V_50_address0  |  out|   12|   ap_memory|                             filter_V_50|         array|
|filter_V_50_ce0       |  out|    1|   ap_memory|                             filter_V_50|         array|
|filter_V_50_we0       |  out|    1|   ap_memory|                             filter_V_50|         array|
|filter_V_50_d0        |  out|   32|   ap_memory|                             filter_V_50|         array|
|filter_V_49_address0  |  out|   12|   ap_memory|                             filter_V_49|         array|
|filter_V_49_ce0       |  out|    1|   ap_memory|                             filter_V_49|         array|
|filter_V_49_we0       |  out|    1|   ap_memory|                             filter_V_49|         array|
|filter_V_49_d0        |  out|   32|   ap_memory|                             filter_V_49|         array|
|filter_V_48_address0  |  out|   12|   ap_memory|                             filter_V_48|         array|
|filter_V_48_ce0       |  out|    1|   ap_memory|                             filter_V_48|         array|
|filter_V_48_we0       |  out|    1|   ap_memory|                             filter_V_48|         array|
|filter_V_48_d0        |  out|   32|   ap_memory|                             filter_V_48|         array|
|filter_V_47_address0  |  out|   12|   ap_memory|                             filter_V_47|         array|
|filter_V_47_ce0       |  out|    1|   ap_memory|                             filter_V_47|         array|
|filter_V_47_we0       |  out|    1|   ap_memory|                             filter_V_47|         array|
|filter_V_47_d0        |  out|   32|   ap_memory|                             filter_V_47|         array|
|filter_V_46_address0  |  out|   12|   ap_memory|                             filter_V_46|         array|
|filter_V_46_ce0       |  out|    1|   ap_memory|                             filter_V_46|         array|
|filter_V_46_we0       |  out|    1|   ap_memory|                             filter_V_46|         array|
|filter_V_46_d0        |  out|   32|   ap_memory|                             filter_V_46|         array|
|filter_V_45_address0  |  out|   12|   ap_memory|                             filter_V_45|         array|
|filter_V_45_ce0       |  out|    1|   ap_memory|                             filter_V_45|         array|
|filter_V_45_we0       |  out|    1|   ap_memory|                             filter_V_45|         array|
|filter_V_45_d0        |  out|   32|   ap_memory|                             filter_V_45|         array|
|filter_V_44_address0  |  out|   12|   ap_memory|                             filter_V_44|         array|
|filter_V_44_ce0       |  out|    1|   ap_memory|                             filter_V_44|         array|
|filter_V_44_we0       |  out|    1|   ap_memory|                             filter_V_44|         array|
|filter_V_44_d0        |  out|   32|   ap_memory|                             filter_V_44|         array|
|filter_V_43_address0  |  out|   12|   ap_memory|                             filter_V_43|         array|
|filter_V_43_ce0       |  out|    1|   ap_memory|                             filter_V_43|         array|
|filter_V_43_we0       |  out|    1|   ap_memory|                             filter_V_43|         array|
|filter_V_43_d0        |  out|   32|   ap_memory|                             filter_V_43|         array|
|filter_V_42_address0  |  out|   12|   ap_memory|                             filter_V_42|         array|
|filter_V_42_ce0       |  out|    1|   ap_memory|                             filter_V_42|         array|
|filter_V_42_we0       |  out|    1|   ap_memory|                             filter_V_42|         array|
|filter_V_42_d0        |  out|   32|   ap_memory|                             filter_V_42|         array|
|filter_V_41_address0  |  out|   12|   ap_memory|                             filter_V_41|         array|
|filter_V_41_ce0       |  out|    1|   ap_memory|                             filter_V_41|         array|
|filter_V_41_we0       |  out|    1|   ap_memory|                             filter_V_41|         array|
|filter_V_41_d0        |  out|   32|   ap_memory|                             filter_V_41|         array|
|filter_V_40_address0  |  out|   12|   ap_memory|                             filter_V_40|         array|
|filter_V_40_ce0       |  out|    1|   ap_memory|                             filter_V_40|         array|
|filter_V_40_we0       |  out|    1|   ap_memory|                             filter_V_40|         array|
|filter_V_40_d0        |  out|   32|   ap_memory|                             filter_V_40|         array|
|filter_V_39_address0  |  out|   12|   ap_memory|                             filter_V_39|         array|
|filter_V_39_ce0       |  out|    1|   ap_memory|                             filter_V_39|         array|
|filter_V_39_we0       |  out|    1|   ap_memory|                             filter_V_39|         array|
|filter_V_39_d0        |  out|   32|   ap_memory|                             filter_V_39|         array|
|filter_V_38_address0  |  out|   12|   ap_memory|                             filter_V_38|         array|
|filter_V_38_ce0       |  out|    1|   ap_memory|                             filter_V_38|         array|
|filter_V_38_we0       |  out|    1|   ap_memory|                             filter_V_38|         array|
|filter_V_38_d0        |  out|   32|   ap_memory|                             filter_V_38|         array|
|filter_V_37_address0  |  out|   12|   ap_memory|                             filter_V_37|         array|
|filter_V_37_ce0       |  out|    1|   ap_memory|                             filter_V_37|         array|
|filter_V_37_we0       |  out|    1|   ap_memory|                             filter_V_37|         array|
|filter_V_37_d0        |  out|   32|   ap_memory|                             filter_V_37|         array|
|filter_V_36_address0  |  out|   12|   ap_memory|                             filter_V_36|         array|
|filter_V_36_ce0       |  out|    1|   ap_memory|                             filter_V_36|         array|
|filter_V_36_we0       |  out|    1|   ap_memory|                             filter_V_36|         array|
|filter_V_36_d0        |  out|   32|   ap_memory|                             filter_V_36|         array|
|filter_V_35_address0  |  out|   12|   ap_memory|                             filter_V_35|         array|
|filter_V_35_ce0       |  out|    1|   ap_memory|                             filter_V_35|         array|
|filter_V_35_we0       |  out|    1|   ap_memory|                             filter_V_35|         array|
|filter_V_35_d0        |  out|   32|   ap_memory|                             filter_V_35|         array|
|filter_V_34_address0  |  out|   12|   ap_memory|                             filter_V_34|         array|
|filter_V_34_ce0       |  out|    1|   ap_memory|                             filter_V_34|         array|
|filter_V_34_we0       |  out|    1|   ap_memory|                             filter_V_34|         array|
|filter_V_34_d0        |  out|   32|   ap_memory|                             filter_V_34|         array|
|filter_V_33_address0  |  out|   12|   ap_memory|                             filter_V_33|         array|
|filter_V_33_ce0       |  out|    1|   ap_memory|                             filter_V_33|         array|
|filter_V_33_we0       |  out|    1|   ap_memory|                             filter_V_33|         array|
|filter_V_33_d0        |  out|   32|   ap_memory|                             filter_V_33|         array|
|filter_V_32_address0  |  out|   12|   ap_memory|                             filter_V_32|         array|
|filter_V_32_ce0       |  out|    1|   ap_memory|                             filter_V_32|         array|
|filter_V_32_we0       |  out|    1|   ap_memory|                             filter_V_32|         array|
|filter_V_32_d0        |  out|   32|   ap_memory|                             filter_V_32|         array|
|filter_V_31_address0  |  out|   12|   ap_memory|                             filter_V_31|         array|
|filter_V_31_ce0       |  out|    1|   ap_memory|                             filter_V_31|         array|
|filter_V_31_we0       |  out|    1|   ap_memory|                             filter_V_31|         array|
|filter_V_31_d0        |  out|   32|   ap_memory|                             filter_V_31|         array|
|filter_V_30_address0  |  out|   12|   ap_memory|                             filter_V_30|         array|
|filter_V_30_ce0       |  out|    1|   ap_memory|                             filter_V_30|         array|
|filter_V_30_we0       |  out|    1|   ap_memory|                             filter_V_30|         array|
|filter_V_30_d0        |  out|   32|   ap_memory|                             filter_V_30|         array|
|filter_V_29_address0  |  out|   12|   ap_memory|                             filter_V_29|         array|
|filter_V_29_ce0       |  out|    1|   ap_memory|                             filter_V_29|         array|
|filter_V_29_we0       |  out|    1|   ap_memory|                             filter_V_29|         array|
|filter_V_29_d0        |  out|   32|   ap_memory|                             filter_V_29|         array|
|filter_V_28_address0  |  out|   12|   ap_memory|                             filter_V_28|         array|
|filter_V_28_ce0       |  out|    1|   ap_memory|                             filter_V_28|         array|
|filter_V_28_we0       |  out|    1|   ap_memory|                             filter_V_28|         array|
|filter_V_28_d0        |  out|   32|   ap_memory|                             filter_V_28|         array|
|filter_V_27_address0  |  out|   12|   ap_memory|                             filter_V_27|         array|
|filter_V_27_ce0       |  out|    1|   ap_memory|                             filter_V_27|         array|
|filter_V_27_we0       |  out|    1|   ap_memory|                             filter_V_27|         array|
|filter_V_27_d0        |  out|   32|   ap_memory|                             filter_V_27|         array|
|filter_V_26_address0  |  out|   12|   ap_memory|                             filter_V_26|         array|
|filter_V_26_ce0       |  out|    1|   ap_memory|                             filter_V_26|         array|
|filter_V_26_we0       |  out|    1|   ap_memory|                             filter_V_26|         array|
|filter_V_26_d0        |  out|   32|   ap_memory|                             filter_V_26|         array|
|filter_V_25_address0  |  out|   12|   ap_memory|                             filter_V_25|         array|
|filter_V_25_ce0       |  out|    1|   ap_memory|                             filter_V_25|         array|
|filter_V_25_we0       |  out|    1|   ap_memory|                             filter_V_25|         array|
|filter_V_25_d0        |  out|   32|   ap_memory|                             filter_V_25|         array|
|filter_V_24_address0  |  out|   12|   ap_memory|                             filter_V_24|         array|
|filter_V_24_ce0       |  out|    1|   ap_memory|                             filter_V_24|         array|
|filter_V_24_we0       |  out|    1|   ap_memory|                             filter_V_24|         array|
|filter_V_24_d0        |  out|   32|   ap_memory|                             filter_V_24|         array|
|filter_V_23_address0  |  out|   12|   ap_memory|                             filter_V_23|         array|
|filter_V_23_ce0       |  out|    1|   ap_memory|                             filter_V_23|         array|
|filter_V_23_we0       |  out|    1|   ap_memory|                             filter_V_23|         array|
|filter_V_23_d0        |  out|   32|   ap_memory|                             filter_V_23|         array|
|filter_V_22_address0  |  out|   12|   ap_memory|                             filter_V_22|         array|
|filter_V_22_ce0       |  out|    1|   ap_memory|                             filter_V_22|         array|
|filter_V_22_we0       |  out|    1|   ap_memory|                             filter_V_22|         array|
|filter_V_22_d0        |  out|   32|   ap_memory|                             filter_V_22|         array|
|filter_V_21_address0  |  out|   12|   ap_memory|                             filter_V_21|         array|
|filter_V_21_ce0       |  out|    1|   ap_memory|                             filter_V_21|         array|
|filter_V_21_we0       |  out|    1|   ap_memory|                             filter_V_21|         array|
|filter_V_21_d0        |  out|   32|   ap_memory|                             filter_V_21|         array|
|filter_V_20_address0  |  out|   12|   ap_memory|                             filter_V_20|         array|
|filter_V_20_ce0       |  out|    1|   ap_memory|                             filter_V_20|         array|
|filter_V_20_we0       |  out|    1|   ap_memory|                             filter_V_20|         array|
|filter_V_20_d0        |  out|   32|   ap_memory|                             filter_V_20|         array|
|filter_V_19_address0  |  out|   12|   ap_memory|                             filter_V_19|         array|
|filter_V_19_ce0       |  out|    1|   ap_memory|                             filter_V_19|         array|
|filter_V_19_we0       |  out|    1|   ap_memory|                             filter_V_19|         array|
|filter_V_19_d0        |  out|   32|   ap_memory|                             filter_V_19|         array|
|filter_V_18_address0  |  out|   12|   ap_memory|                             filter_V_18|         array|
|filter_V_18_ce0       |  out|    1|   ap_memory|                             filter_V_18|         array|
|filter_V_18_we0       |  out|    1|   ap_memory|                             filter_V_18|         array|
|filter_V_18_d0        |  out|   32|   ap_memory|                             filter_V_18|         array|
|filter_V_17_address0  |  out|   12|   ap_memory|                             filter_V_17|         array|
|filter_V_17_ce0       |  out|    1|   ap_memory|                             filter_V_17|         array|
|filter_V_17_we0       |  out|    1|   ap_memory|                             filter_V_17|         array|
|filter_V_17_d0        |  out|   32|   ap_memory|                             filter_V_17|         array|
|filter_V_16_address0  |  out|   12|   ap_memory|                             filter_V_16|         array|
|filter_V_16_ce0       |  out|    1|   ap_memory|                             filter_V_16|         array|
|filter_V_16_we0       |  out|    1|   ap_memory|                             filter_V_16|         array|
|filter_V_16_d0        |  out|   32|   ap_memory|                             filter_V_16|         array|
|filter_V_15_address0  |  out|   12|   ap_memory|                             filter_V_15|         array|
|filter_V_15_ce0       |  out|    1|   ap_memory|                             filter_V_15|         array|
|filter_V_15_we0       |  out|    1|   ap_memory|                             filter_V_15|         array|
|filter_V_15_d0        |  out|   32|   ap_memory|                             filter_V_15|         array|
|filter_V_14_address0  |  out|   12|   ap_memory|                             filter_V_14|         array|
|filter_V_14_ce0       |  out|    1|   ap_memory|                             filter_V_14|         array|
|filter_V_14_we0       |  out|    1|   ap_memory|                             filter_V_14|         array|
|filter_V_14_d0        |  out|   32|   ap_memory|                             filter_V_14|         array|
|filter_V_13_address0  |  out|   12|   ap_memory|                             filter_V_13|         array|
|filter_V_13_ce0       |  out|    1|   ap_memory|                             filter_V_13|         array|
|filter_V_13_we0       |  out|    1|   ap_memory|                             filter_V_13|         array|
|filter_V_13_d0        |  out|   32|   ap_memory|                             filter_V_13|         array|
|filter_V_12_address0  |  out|   12|   ap_memory|                             filter_V_12|         array|
|filter_V_12_ce0       |  out|    1|   ap_memory|                             filter_V_12|         array|
|filter_V_12_we0       |  out|    1|   ap_memory|                             filter_V_12|         array|
|filter_V_12_d0        |  out|   32|   ap_memory|                             filter_V_12|         array|
|filter_V_11_address0  |  out|   12|   ap_memory|                             filter_V_11|         array|
|filter_V_11_ce0       |  out|    1|   ap_memory|                             filter_V_11|         array|
|filter_V_11_we0       |  out|    1|   ap_memory|                             filter_V_11|         array|
|filter_V_11_d0        |  out|   32|   ap_memory|                             filter_V_11|         array|
|filter_V_10_address0  |  out|   12|   ap_memory|                             filter_V_10|         array|
|filter_V_10_ce0       |  out|    1|   ap_memory|                             filter_V_10|         array|
|filter_V_10_we0       |  out|    1|   ap_memory|                             filter_V_10|         array|
|filter_V_10_d0        |  out|   32|   ap_memory|                             filter_V_10|         array|
|filter_V_9_address0   |  out|   12|   ap_memory|                              filter_V_9|         array|
|filter_V_9_ce0        |  out|    1|   ap_memory|                              filter_V_9|         array|
|filter_V_9_we0        |  out|    1|   ap_memory|                              filter_V_9|         array|
|filter_V_9_d0         |  out|   32|   ap_memory|                              filter_V_9|         array|
|filter_V_8_address0   |  out|   12|   ap_memory|                              filter_V_8|         array|
|filter_V_8_ce0        |  out|    1|   ap_memory|                              filter_V_8|         array|
|filter_V_8_we0        |  out|    1|   ap_memory|                              filter_V_8|         array|
|filter_V_8_d0         |  out|   32|   ap_memory|                              filter_V_8|         array|
|filter_V_7_address0   |  out|   12|   ap_memory|                              filter_V_7|         array|
|filter_V_7_ce0        |  out|    1|   ap_memory|                              filter_V_7|         array|
|filter_V_7_we0        |  out|    1|   ap_memory|                              filter_V_7|         array|
|filter_V_7_d0         |  out|   32|   ap_memory|                              filter_V_7|         array|
|filter_V_6_address0   |  out|   12|   ap_memory|                              filter_V_6|         array|
|filter_V_6_ce0        |  out|    1|   ap_memory|                              filter_V_6|         array|
|filter_V_6_we0        |  out|    1|   ap_memory|                              filter_V_6|         array|
|filter_V_6_d0         |  out|   32|   ap_memory|                              filter_V_6|         array|
|filter_V_5_address0   |  out|   12|   ap_memory|                              filter_V_5|         array|
|filter_V_5_ce0        |  out|    1|   ap_memory|                              filter_V_5|         array|
|filter_V_5_we0        |  out|    1|   ap_memory|                              filter_V_5|         array|
|filter_V_5_d0         |  out|   32|   ap_memory|                              filter_V_5|         array|
|filter_V_4_address0   |  out|   12|   ap_memory|                              filter_V_4|         array|
|filter_V_4_ce0        |  out|    1|   ap_memory|                              filter_V_4|         array|
|filter_V_4_we0        |  out|    1|   ap_memory|                              filter_V_4|         array|
|filter_V_4_d0         |  out|   32|   ap_memory|                              filter_V_4|         array|
|filter_V_1_address0   |  out|   12|   ap_memory|                              filter_V_1|         array|
|filter_V_1_ce0        |  out|    1|   ap_memory|                              filter_V_1|         array|
|filter_V_1_we0        |  out|    1|   ap_memory|                              filter_V_1|         array|
|filter_V_1_d0         |  out|   32|   ap_memory|                              filter_V_1|         array|
|strm_in_TREADY        |  out|    1|        axis|                        strm_in_V_last_V|       pointer|
|strm_in_TLAST         |   in|    1|        axis|                        strm_in_V_last_V|       pointer|
|strm_in_TKEEP         |   in|   16|        axis|                        strm_in_V_keep_V|       pointer|
|strm_in_TSTRB         |   in|   16|        axis|                        strm_in_V_strb_V|       pointer|
+----------------------+-----+-----+------------+----------------------------------------+--------------+

